[2023-12-17 17:55:13] local.INFO: {"guard_name":"api","name":"PATIENT","updated_at":"2023-12-17T17:55:13.000000Z","created_at":"2023-12-17T17:55:13.000000Z","id":8}  
[2023-12-17 17:55:13] local.ERROR: There is no permission named `patient_dashboard` for guard `api`. {"exception":"[object] (Spatie\\Permission\\Exceptions\\PermissionDoesNotExist(code: 0): There is no permission named `patient_dashboard` for guard `api`. at /Volumes/ARCHIVOS/tutos-Angular-Laravel-Codeigniter-Ionic-Flexbox-CSS/udemy/angular/citasMedicas/backend-api-citas/vendor/spatie/laravel-permission/src/Exceptions/PermissionDoesNotExist.php:11)
[stacktrace]
#0 /Volumes/ARCHIVOS/tutos-Angular-Laravel-Codeigniter-Ionic-Flexbox-CSS/udemy/angular/citasMedicas/backend-api-citas/vendor/spatie/laravel-permission/src/Models/Permission.php(94): Spatie\\Permission\\Exceptions\\PermissionDoesNotExist::create('patient_dashboa...', 'api')
#1 /Volumes/ARCHIVOS/tutos-Angular-Laravel-Codeigniter-Ionic-Flexbox-CSS/udemy/angular/citasMedicas/backend-api-citas/vendor/spatie/laravel-permission/src/Traits/HasPermissions.php(488): Spatie\\Permission\\Models\\Permission::findByName('patient_dashboa...', 'api')
#2 /Volumes/ARCHIVOS/tutos-Angular-Laravel-Codeigniter-Ionic-Flexbox-CSS/udemy/angular/citasMedicas/backend-api-citas/vendor/spatie/laravel-permission/src/Traits/HasPermissions.php(368): Spatie\\Permission\\Models\\Role->getStoredPermission('patient_dashboa...')
#3 /Volumes/ARCHIVOS/tutos-Angular-Laravel-Codeigniter-Ionic-Flexbox-CSS/udemy/angular/citasMedicas/backend-api-citas/vendor/laravel/framework/src/Illuminate/Collections/Traits/EnumeratesValues.php(768): Spatie\\Permission\\Models\\Role->Spatie\\Permission\\Traits\\{closure}(Array, 'patient_dashboa...', 0)
#4 /Volumes/ARCHIVOS/tutos-Angular-Laravel-Codeigniter-Ionic-Flexbox-CSS/udemy/angular/citasMedicas/backend-api-citas/vendor/spatie/laravel-permission/src/Traits/HasPermissions.php(363): Illuminate\\Support\\Collection->reduce(Object(Closure), Array)
#5 /Volumes/ARCHIVOS/tutos-Angular-Laravel-Codeigniter-Ionic-Flexbox-CSS/udemy/angular/citasMedicas/backend-api-citas/vendor/spatie/laravel-permission/src/Traits/HasPermissions.php(389): Spatie\\Permission\\Models\\Role->collectPermissions(Array)
#6 /Volumes/ARCHIVOS/tutos-Angular-Laravel-Codeigniter-Ionic-Flexbox-CSS/udemy/angular/citasMedicas/backend-api-citas/app/Http/Controllers/Admin/Role/RolesController.php(71): Spatie\\Permission\\Models\\Role->givePermissionTo('patient_dashboa...')
#7 /Volumes/ARCHIVOS/tutos-Angular-Laravel-Codeigniter-Ionic-Flexbox-CSS/udemy/angular/citasMedicas/backend-api-citas/vendor/laravel/framework/src/Illuminate/Routing/Controller.php(54): App\\Http\\Controllers\\Admin\\Role\\RolesController->store(Object(Illuminate\\Http\\Request))
#8 /Volumes/ARCHIVOS/tutos-Angular-Laravel-Codeigniter-Ionic-Flexbox-CSS/udemy/angular/citasMedicas/backend-api-citas/vendor/laravel/framework/src/Illuminate/Routing/ControllerDispatcher.php(45): Illuminate\\Routing\\Controller->callAction('store', Array)
#9 /Volumes/ARCHIVOS/tutos-Angular-Laravel-Codeigniter-Ionic-Flexbox-CSS/udemy/angular/citasMedicas/backend-api-citas/vendor/laravel/framework/src/Illuminate/Routing/Route.php(261): Illuminate\\Routing\\ControllerDispatcher->dispatch(Object(Illuminate\\Routing\\Route), Object(App\\Http\\Controllers\\Admin\\Role\\RolesController), 'store')
#10 /Volumes/ARCHIVOS/tutos-Angular-Laravel-Codeigniter-Ionic-Flexbox-CSS/udemy/angular/citasMedicas/backend-api-citas/vendor/laravel/framework/src/Illuminate/Routing/Route.php(205): Illuminate\\Routing\\Route->runController()
#11 /Volumes/ARCHIVOS/tutos-Angular-Laravel-Codeigniter-Ionic-Flexbox-CSS/udemy/angular/citasMedicas/backend-api-citas/vendor/laravel/framework/src/Illuminate/Routing/Router.php(721): Illuminate\\Routing\\Route->run()
#12 /Volumes/ARCHIVOS/tutos-Angular-Laravel-Codeigniter-Ionic-Flexbox-CSS/udemy/angular/citasMedicas/backend-api-citas/vendor/laravel/framework/src/Illuminate/Pipeline/Pipeline.php(128): Illuminate\\Routing\\Router->Illuminate\\Routing\\{closure}(Object(Illuminate\\Http\\Request))
#13 /Volumes/ARCHIVOS/tutos-Angular-Laravel-Codeigniter-Ionic-Flexbox-CSS/udemy/angular/citasMedicas/backend-api-citas/vendor/laravel/framework/src/Illuminate/Routing/Middleware/SubstituteBindings.php(50): Illuminate\\Pipeline\\Pipeline->Illuminate\\Pipeline\\{closure}(Object(Illuminate\\Http\\Request))
#14 /Volumes/ARCHIVOS/tutos-Angular-Laravel-Codeigniter-Ionic-Flexbox-CSS/udemy/angular/citasMedicas/backend-api-citas/vendor/laravel/framework/src/Illuminate/Pipeline/Pipeline.php(167): Illuminate\\Routing\\Middleware\\SubstituteBindings->handle(Object(Illuminate\\Http\\Request), Object(Closure))
#15 /Volumes/ARCHIVOS/tutos-Angular-Laravel-Codeigniter-Ionic-Flexbox-CSS/udemy/angular/citasMedicas/backend-api-citas/vendor/laravel/framework/src/Illuminate/Routing/Middleware/ThrottleRequests.php(127): Illuminate\\Pipeline\\Pipeline->Illuminate\\Pipeline\\{closure}(Object(Illuminate\\Http\\Request))
#16 /Volumes/ARCHIVOS/tutos-Angular-Laravel-Codeigniter-Ionic-Flexbox-CSS/udemy/angular/citasMedicas/backend-api-citas/vendor/laravel/framework/src/Illuminate/Routing/Middleware/ThrottleRequests.php(93): Illuminate\\Routing\\Middleware\\ThrottleRequests->handleRequest(Object(Illuminate\\Http\\Request), Object(Closure), Array)
#17 /Volumes/ARCHIVOS/tutos-Angular-Laravel-Codeigniter-Ionic-Flexbox-CSS/udemy/angular/citasMedicas/backend-api-citas/vendor/laravel/framework/src/Illuminate/Routing/Middleware/ThrottleRequests.php(55): Illuminate\\Routing\\Middleware\\ThrottleRequests->handleRequestUsingNamedLimiter(Object(Illuminate\\Http\\Request), Object(Closure), 'api', Object(Closure))
#18 /Volumes/ARCHIVOS/tutos-Angular-Laravel-Codeigniter-Ionic-Flexbox-CSS/udemy/angular/citasMedicas/backend-api-citas/vendor/laravel/framework/src/Illuminate/Pipeline/Pipeline.php(167): Illuminate\\Routing\\Middleware\\ThrottleRequests->handle(Object(Illuminate\\Http\\Request), Object(Closure), 'api')
#19 /Volumes/ARCHIVOS/tutos-Angular-Laravel-Codeigniter-Ionic-Flexbox-CSS/udemy/angular/citasMedicas/backend-api-citas/vendor/laravel/framework/src/Illuminate/Pipeline/Pipeline.php(103): Illuminate\\Pipeline\\Pipeline->Illuminate\\Pipeline\\{closure}(Object(Illuminate\\Http\\Request))
#20 /Volumes/ARCHIVOS/tutos-Angular-Laravel-Codeigniter-Ionic-Flexbox-CSS/udemy/angular/citasMedicas/backend-api-citas/vendor/laravel/framework/src/Illuminate/Routing/Router.php(719): Illuminate\\Pipeline\\Pipeline->then(Object(Closure))
#21 /Volumes/ARCHIVOS/tutos-Angular-Laravel-Codeigniter-Ionic-Flexbox-CSS/udemy/angular/citasMedicas/backend-api-citas/vendor/laravel/framework/src/Illuminate/Routing/Router.php(698): Illuminate\\Routing\\Router->runRouteWithinStack(Object(Illuminate\\Routing\\Route), Object(Illuminate\\Http\\Request))
#22 /Volumes/ARCHIVOS/tutos-Angular-Laravel-Codeigniter-Ionic-Flexbox-CSS/udemy/angular/citasMedicas/backend-api-citas/vendor/laravel/framework/src/Illuminate/Routing/Router.php(662): Illuminate\\Routing\\Router->runRoute(Object(Illuminate\\Http\\Request), Object(Illuminate\\Routing\\Route))
#23 /Volumes/ARCHIVOS/tutos-Angular-Laravel-Codeigniter-Ionic-Flexbox-CSS/udemy/angular/citasMedicas/backend-api-citas/vendor/laravel/framework/src/Illuminate/Routing/Router.php(651): Illuminate\\Routing\\Router->dispatchToRoute(Object(Illuminate\\Http\\Request))
#24 /Volumes/ARCHIVOS/tutos-Angular-Laravel-Codeigniter-Ionic-Flexbox-CSS/udemy/angular/citasMedicas/backend-api-citas/vendor/laravel/framework/src/Illuminate/Foundation/Http/Kernel.php(167): Illuminate\\Routing\\Router->dispatch(Object(Illuminate\\Http\\Request))
#25 /Volumes/ARCHIVOS/tutos-Angular-Laravel-Codeigniter-Ionic-Flexbox-CSS/udemy/angular/citasMedicas/backend-api-citas/vendor/laravel/framework/src/Illuminate/Pipeline/Pipeline.php(128): Illuminate\\Foundation\\Http\\Kernel->Illuminate\\Foundation\\Http\\{closure}(Object(Illuminate\\Http\\Request))
#26 /Volumes/ARCHIVOS/tutos-Angular-Laravel-Codeigniter-Ionic-Flexbox-CSS/udemy/angular/citasMedicas/backend-api-citas/vendor/laravel/framework/src/Illuminate/Foundation/Http/Middleware/TransformsRequest.php(21): Illuminate\\Pipeline\\Pipeline->Illuminate\\Pipeline\\{closure}(Object(Illuminate\\Http\\Request))
#27 /Volumes/ARCHIVOS/tutos-Angular-Laravel-Codeigniter-Ionic-Flexbox-CSS/udemy/angular/citasMedicas/backend-api-citas/vendor/laravel/framework/src/Illuminate/Foundation/Http/Middleware/ConvertEmptyStringsToNull.php(31): Illuminate\\Foundation\\Http\\Middleware\\TransformsRequest->handle(Object(Illuminate\\Http\\Request), Object(Closure))
#28 /Volumes/ARCHIVOS/tutos-Angular-Laravel-Codeigniter-Ionic-Flexbox-CSS/udemy/angular/citasMedicas/backend-api-citas/vendor/laravel/framework/src/Illuminate/Pipeline/Pipeline.php(167): Illuminate\\Foundation\\Http\\Middleware\\ConvertEmptyStringsToNull->handle(Object(Illuminate\\Http\\Request), Object(Closure))
#29 /Volumes/ARCHIVOS/tutos-Angular-Laravel-Codeigniter-Ionic-Flexbox-CSS/udemy/angular/citasMedicas/backend-api-citas/vendor/laravel/framework/src/Illuminate/Foundation/Http/Middleware/TransformsRequest.php(21): Illuminate\\Pipeline\\Pipeline->Illuminate\\Pipeline\\{closure}(Object(Illuminate\\Http\\Request))
#30 /Volumes/ARCHIVOS/tutos-Angular-Laravel-Codeigniter-Ionic-Flexbox-CSS/udemy/angular/citasMedicas/backend-api-citas/vendor/laravel/framework/src/Illuminate/Foundation/Http/Middleware/TrimStrings.php(40): Illuminate\\Foundation\\Http\\Middleware\\TransformsRequest->handle(Object(Illuminate\\Http\\Request), Object(Closure))
#31 /Volumes/ARCHIVOS/tutos-Angular-Laravel-Codeigniter-Ionic-Flexbox-CSS/udemy/angular/citasMedicas/backend-api-citas/vendor/laravel/framework/src/Illuminate/Pipeline/Pipeline.php(167): Illuminate\\Foundation\\Http\\Middleware\\TrimStrings->handle(Object(Illuminate\\Http\\Request), Object(Closure))
#32 /Volumes/ARCHIVOS/tutos-Angular-Laravel-Codeigniter-Ionic-Flexbox-CSS/udemy/angular/citasMedicas/backend-api-citas/vendor/laravel/framework/src/Illuminate/Foundation/Http/Middleware/ValidatePostSize.php(27): Illuminate\\Pipeline\\Pipeline->Illuminate\\Pipeline\\{closure}(Object(Illuminate\\Http\\Request))
#33 /Volumes/ARCHIVOS/tutos-Angular-Laravel-Codeigniter-Ionic-Flexbox-CSS/udemy/angular/citasMedicas/backend-api-citas/vendor/laravel/framework/src/Illuminate/Pipeline/Pipeline.php(167): Illuminate\\Foundation\\Http\\Middleware\\ValidatePostSize->handle(Object(Illuminate\\Http\\Request), Object(Closure))
#34 /Volumes/ARCHIVOS/tutos-Angular-Laravel-Codeigniter-Ionic-Flexbox-CSS/udemy/angular/citasMedicas/backend-api-citas/vendor/laravel/framework/src/Illuminate/Foundation/Http/Middleware/PreventRequestsDuringMaintenance.php(86): Illuminate\\Pipeline\\Pipeline->Illuminate\\Pipeline\\{closure}(Object(Illuminate\\Http\\Request))
#35 /Volumes/ARCHIVOS/tutos-Angular-Laravel-Codeigniter-Ionic-Flexbox-CSS/udemy/angular/citasMedicas/backend-api-citas/vendor/laravel/framework/src/Illuminate/Pipeline/Pipeline.php(167): Illuminate\\Foundation\\Http\\Middleware\\PreventRequestsDuringMaintenance->handle(Object(Illuminate\\Http\\Request), Object(Closure))
#36 /Volumes/ARCHIVOS/tutos-Angular-Laravel-Codeigniter-Ionic-Flexbox-CSS/udemy/angular/citasMedicas/backend-api-citas/vendor/fruitcake/laravel-cors/src/HandleCors.php(52): Illuminate\\Pipeline\\Pipeline->Illuminate\\Pipeline\\{closure}(Object(Illuminate\\Http\\Request))
#37 /Volumes/ARCHIVOS/tutos-Angular-Laravel-Codeigniter-Ionic-Flexbox-CSS/udemy/angular/citasMedicas/backend-api-citas/vendor/laravel/framework/src/Illuminate/Pipeline/Pipeline.php(167): Fruitcake\\Cors\\HandleCors->handle(Object(Illuminate\\Http\\Request), Object(Closure))
#38 /Volumes/ARCHIVOS/tutos-Angular-Laravel-Codeigniter-Ionic-Flexbox-CSS/udemy/angular/citasMedicas/backend-api-citas/vendor/laravel/framework/src/Illuminate/Http/Middleware/TrustProxies.php(39): Illuminate\\Pipeline\\Pipeline->Illuminate\\Pipeline\\{closure}(Object(Illuminate\\Http\\Request))
#39 /Volumes/ARCHIVOS/tutos-Angular-Laravel-Codeigniter-Ionic-Flexbox-CSS/udemy/angular/citasMedicas/backend-api-citas/vendor/laravel/framework/src/Illuminate/Pipeline/Pipeline.php(167): Illuminate\\Http\\Middleware\\TrustProxies->handle(Object(Illuminate\\Http\\Request), Object(Closure))
#40 /Volumes/ARCHIVOS/tutos-Angular-Laravel-Codeigniter-Ionic-Flexbox-CSS/udemy/angular/citasMedicas/backend-api-citas/vendor/laravel/framework/src/Illuminate/Pipeline/Pipeline.php(103): Illuminate\\Pipeline\\Pipeline->Illuminate\\Pipeline\\{closure}(Object(Illuminate\\Http\\Request))
#41 /Volumes/ARCHIVOS/tutos-Angular-Laravel-Codeigniter-Ionic-Flexbox-CSS/udemy/angular/citasMedicas/backend-api-citas/vendor/laravel/framework/src/Illuminate/Foundation/Http/Kernel.php(142): Illuminate\\Pipeline\\Pipeline->then(Object(Closure))
#42 /Volumes/ARCHIVOS/tutos-Angular-Laravel-Codeigniter-Ionic-Flexbox-CSS/udemy/angular/citasMedicas/backend-api-citas/vendor/laravel/framework/src/Illuminate/Foundation/Http/Kernel.php(111): Illuminate\\Foundation\\Http\\Kernel->sendRequestThroughRouter(Object(Illuminate\\Http\\Request))
#43 /Volumes/ARCHIVOS/tutos-Angular-Laravel-Codeigniter-Ionic-Flexbox-CSS/udemy/angular/citasMedicas/backend-api-citas/public/index.php(51): Illuminate\\Foundation\\Http\\Kernel->handle(Object(Illuminate\\Http\\Request))
#44 /Volumes/ARCHIVOS/tutos-Angular-Laravel-Codeigniter-Ionic-Flexbox-CSS/udemy/angular/citasMedicas/backend-api-citas/server.php(21): require_once('/Volumes/ARCHIV...')
#45 {main}
"} 
[2023-12-17 17:57:11] local.INFO: {"guard_name":"api","name":"PATIENT","updated_at":"2023-12-17T17:57:11.000000Z","created_at":"2023-12-17T17:57:11.000000Z","id":8}  
[2023-12-17 17:47:49] local.ERROR: SQLSTATE[HY000] [2002] No such file or directory (SQL: select * from `appointments` where date(`date_appointment`) = 2023-12-15 and `status` = 1 and `appointments`.`deleted_at` is null) {"exception":"[object] (Illuminate\\Database\\QueryException(code: 2002): SQLSTATE[HY000] [2002] No such file or directory (SQL: select * from `appointments` where date(`date_appointment`) = 2023-12-15 and `status` = 1 and `appointments`.`deleted_at` is null) at /Volumes/ARCHIVOS/tutos-Angular-Laravel-Codeigniter-Ionic-Flexbox-CSS/udemy/angular/citasMedicas/backend-api-citas/vendor/laravel/framework/src/Illuminate/Database/Connection.php:712)
[stacktrace]
#0 /Volumes/ARCHIVOS/tutos-Angular-Laravel-Codeigniter-Ionic-Flexbox-CSS/udemy/angular/citasMedicas/backend-api-citas/vendor/laravel/framework/src/Illuminate/Database/Connection.php(672): Illuminate\\Database\\Connection->runQueryCallback('select * from `...', Array, Object(Closure))
#1 /Volumes/ARCHIVOS/tutos-Angular-Laravel-Codeigniter-Ionic-Flexbox-CSS/udemy/angular/citasMedicas/backend-api-citas/vendor/laravel/framework/src/Illuminate/Database/Connection.php(359): Illuminate\\Database\\Connection->run('select * from `...', Array, Object(Closure))
#2 /Volumes/ARCHIVOS/tutos-Angular-Laravel-Codeigniter-Ionic-Flexbox-CSS/udemy/angular/citasMedicas/backend-api-citas/vendor/laravel/framework/src/Illuminate/Database/Query/Builder.php(2413): Illuminate\\Database\\Connection->select('select * from `...', Array, true)
#3 /Volumes/ARCHIVOS/tutos-Angular-Laravel-Codeigniter-Ionic-Flexbox-CSS/udemy/angular/citasMedicas/backend-api-citas/vendor/laravel/framework/src/Illuminate/Database/Query/Builder.php(2402): Illuminate\\Database\\Query\\Builder->runSelect()
#4 /Volumes/ARCHIVOS/tutos-Angular-Laravel-Codeigniter-Ionic-Flexbox-CSS/udemy/angular/citasMedicas/backend-api-citas/vendor/laravel/framework/src/Illuminate/Database/Query/Builder.php(2936): Illuminate\\Database\\Query\\Builder->Illuminate\\Database\\Query\\{closure}()
#5 /Volumes/ARCHIVOS/tutos-Angular-Laravel-Codeigniter-Ionic-Flexbox-CSS/udemy/angular/citasMedicas/backend-api-citas/vendor/laravel/framework/src/Illuminate/Database/Query/Builder.php(2401): Illuminate\\Database\\Query\\Builder->onceWithColumns(Array, Object(Closure))
#6 /Volumes/ARCHIVOS/tutos-Angular-Laravel-Codeigniter-Ionic-Flexbox-CSS/udemy/angular/citasMedicas/backend-api-citas/vendor/laravel/framework/src/Illuminate/Database/Eloquent/Builder.php(625): Illuminate\\Database\\Query\\Builder->get(Array)
#7 /Volumes/ARCHIVOS/tutos-Angular-Laravel-Codeigniter-Ionic-Flexbox-CSS/udemy/angular/citasMedicas/backend-api-citas/vendor/laravel/framework/src/Illuminate/Database/Eloquent/Builder.php(609): Illuminate\\Database\\Eloquent\\Builder->getModels(Array)
#8 /Volumes/ARCHIVOS/tutos-Angular-Laravel-Codeigniter-Ionic-Flexbox-CSS/udemy/angular/citasMedicas/backend-api-citas/app/Console/Commands/NotificationAppointments.php(48): Illuminate\\Database\\Eloquent\\Builder->get()
#9 /Volumes/ARCHIVOS/tutos-Angular-Laravel-Codeigniter-Ionic-Flexbox-CSS/udemy/angular/citasMedicas/backend-api-citas/vendor/laravel/framework/src/Illuminate/Container/BoundMethod.php(36): App\\Console\\Commands\\NotificationAppointments->handle()
#10 /Volumes/ARCHIVOS/tutos-Angular-Laravel-Codeigniter-Ionic-Flexbox-CSS/udemy/angular/citasMedicas/backend-api-citas/vendor/laravel/framework/src/Illuminate/Container/Util.php(40): Illuminate\\Container\\BoundMethod::Illuminate\\Container\\{closure}()
#11 /Volumes/ARCHIVOS/tutos-Angular-Laravel-Codeigniter-Ionic-Flexbox-CSS/udemy/angular/citasMedicas/backend-api-citas/vendor/laravel/framework/src/Illuminate/Container/BoundMethod.php(93): Illuminate\\Container\\Util::unwrapIfClosure(Object(Closure))
#12 /Volumes/ARCHIVOS/tutos-Angular-Laravel-Codeigniter-Ionic-Flexbox-CSS/udemy/angular/citasMedicas/backend-api-citas/vendor/laravel/framework/src/Illuminate/Container/BoundMethod.php(35): Illuminate\\Container\\BoundMethod::callBoundMethod(Object(Illuminate\\Foundation\\Application), Array, Object(Closure))
#13 /Volumes/ARCHIVOS/tutos-Angular-Laravel-Codeigniter-Ionic-Flexbox-CSS/udemy/angular/citasMedicas/backend-api-citas/vendor/laravel/framework/src/Illuminate/Container/Container.php(653): Illuminate\\Container\\BoundMethod::call(Object(Illuminate\\Foundation\\Application), Array, Array, NULL)
#14 /Volumes/ARCHIVOS/tutos-Angular-Laravel-Codeigniter-Ionic-Flexbox-CSS/udemy/angular/citasMedicas/backend-api-citas/vendor/laravel/framework/src/Illuminate/Console/Command.php(136): Illuminate\\Container\\Container->call(Array)
#15 /Volumes/ARCHIVOS/tutos-Angular-Laravel-Codeigniter-Ionic-Flexbox-CSS/udemy/angular/citasMedicas/backend-api-citas/vendor/symfony/console/Command/Command.php(298): Illuminate\\Console\\Command->execute(Object(Symfony\\Component\\Console\\Input\\ArgvInput), Object(Illuminate\\Console\\OutputStyle))
#16 /Volumes/ARCHIVOS/tutos-Angular-Laravel-Codeigniter-Ionic-Flexbox-CSS/udemy/angular/citasMedicas/backend-api-citas/vendor/laravel/framework/src/Illuminate/Console/Command.php(120): Symfony\\Component\\Console\\Command\\Command->run(Object(Symfony\\Component\\Console\\Input\\ArgvInput), Object(Illuminate\\Console\\OutputStyle))
#17 /Volumes/ARCHIVOS/tutos-Angular-Laravel-Codeigniter-Ionic-Flexbox-CSS/udemy/angular/citasMedicas/backend-api-citas/vendor/symfony/console/Application.php(1040): Illuminate\\Console\\Command->run(Object(Symfony\\Component\\Console\\Input\\ArgvInput), Object(Symfony\\Component\\Console\\Output\\ConsoleOutput))
#18 /Volumes/ARCHIVOS/tutos-Angular-Laravel-Codeigniter-Ionic-Flexbox-CSS/udemy/angular/citasMedicas/backend-api-citas/vendor/symfony/console/Application.php(301): Symfony\\Component\\Console\\Application->doRunCommand(Object(App\\Console\\Commands\\NotificationAppointments), Object(Symfony\\Component\\Console\\Input\\ArgvInput), Object(Symfony\\Component\\Console\\Output\\ConsoleOutput))
#19 /Volumes/ARCHIVOS/tutos-Angular-Laravel-Codeigniter-Ionic-Flexbox-CSS/udemy/angular/citasMedicas/backend-api-citas/vendor/symfony/console/Application.php(171): Symfony\\Component\\Console\\Application->doRun(Object(Symfony\\Component\\Console\\Input\\ArgvInput), Object(Symfony\\Component\\Console\\Output\\ConsoleOutput))
#20 /Volumes/ARCHIVOS/tutos-Angular-Laravel-Codeigniter-Ionic-Flexbox-CSS/udemy/angular/citasMedicas/backend-api-citas/vendor/laravel/framework/src/Illuminate/Console/Application.php(94): Symfony\\Component\\Console\\Application->run(Object(Symfony\\Component\\Console\\Input\\ArgvInput), Object(Symfony\\Component\\Console\\Output\\ConsoleOutput))
#21 /Volumes/ARCHIVOS/tutos-Angular-Laravel-Codeigniter-Ionic-Flexbox-CSS/udemy/angular/citasMedicas/backend-api-citas/vendor/laravel/framework/src/Illuminate/Foundation/Console/Kernel.php(129): Illuminate\\Console\\Application->run(Object(Symfony\\Component\\Console\\Input\\ArgvInput), Object(Symfony\\Component\\Console\\Output\\ConsoleOutput))
#22 /Volumes/ARCHIVOS/tutos-Angular-Laravel-Codeigniter-Ionic-Flexbox-CSS/udemy/angular/citasMedicas/backend-api-citas/artisan(35): Illuminate\\Foundation\\Console\\Kernel->handle(Object(Symfony\\Component\\Console\\Input\\ArgvInput), Object(Symfony\\Component\\Console\\Output\\ConsoleOutput))
#23 {main}

[previous exception] [object] (PDOException(code: 2002): SQLSTATE[HY000] [2002] No such file or directory at /Volumes/ARCHIVOS/tutos-Angular-Laravel-Codeigniter-Ionic-Flexbox-CSS/udemy/angular/citasMedicas/backend-api-citas/vendor/laravel/framework/src/Illuminate/Database/Connectors/Connector.php:70)
[stacktrace]
#0 /Volumes/ARCHIVOS/tutos-Angular-Laravel-Codeigniter-Ionic-Flexbox-CSS/udemy/angular/citasMedicas/backend-api-citas/vendor/laravel/framework/src/Illuminate/Database/Connectors/Connector.php(70): PDO->__construct('mysql:host=loca...', 'u175197741_admi...', Object(SensitiveParameterValue), Array)
#1 /Volumes/ARCHIVOS/tutos-Angular-Laravel-Codeigniter-Ionic-Flexbox-CSS/udemy/angular/citasMedicas/backend-api-citas/vendor/laravel/framework/src/Illuminate/Database/Connectors/Connector.php(45): Illuminate\\Database\\Connectors\\Connector->createPdoConnection('mysql:host=loca...', 'u175197741_admi...', '+sD/Vo1E', Array)
#2 /Volumes/ARCHIVOS/tutos-Angular-Laravel-Codeigniter-Ionic-Flexbox-CSS/udemy/angular/citasMedicas/backend-api-citas/vendor/laravel/framework/src/Illuminate/Database/Connectors/MySqlConnector.php(24): Illuminate\\Database\\Connectors\\Connector->createConnection('mysql:host=loca...', Array, Array)
#3 /Volumes/ARCHIVOS/tutos-Angular-Laravel-Codeigniter-Ionic-Flexbox-CSS/udemy/angular/citasMedicas/backend-api-citas/vendor/laravel/framework/src/Illuminate/Database/Connectors/ConnectionFactory.php(184): Illuminate\\Database\\Connectors\\MySqlConnector->connect(Array)
#4 [internal function]: Illuminate\\Database\\Connectors\\ConnectionFactory->Illuminate\\Database\\Connectors\\{closure}()
#5 /Volumes/ARCHIVOS/tutos-Angular-Laravel-Codeigniter-Ionic-Flexbox-CSS/udemy/angular/citasMedicas/backend-api-citas/vendor/laravel/framework/src/Illuminate/Database/Connection.php(1064): call_user_func(Object(Closure))
#6 /Volumes/ARCHIVOS/tutos-Angular-Laravel-Codeigniter-Ionic-Flexbox-CSS/udemy/angular/citasMedicas/backend-api-citas/vendor/laravel/framework/src/Illuminate/Database/Connection.php(1100): Illuminate\\Database\\Connection->getPdo()
#7 /Volumes/ARCHIVOS/tutos-Angular-Laravel-Codeigniter-Ionic-Flexbox-CSS/udemy/angular/citasMedicas/backend-api-citas/vendor/laravel/framework/src/Illuminate/Database/Connection.php(442): Illuminate\\Database\\Connection->getReadPdo()
#8 /Volumes/ARCHIVOS/tutos-Angular-Laravel-Codeigniter-Ionic-Flexbox-CSS/udemy/angular/citasMedicas/backend-api-citas/vendor/laravel/framework/src/Illuminate/Database/Connection.php(368): Illuminate\\Database\\Connection->getPdoForSelect(true)
#9 /Volumes/ARCHIVOS/tutos-Angular-Laravel-Codeigniter-Ionic-Flexbox-CSS/udemy/angular/citasMedicas/backend-api-citas/vendor/laravel/framework/src/Illuminate/Database/Connection.php(705): Illuminate\\Database\\Connection->Illuminate\\Database\\{closure}('select * from `...', Array)
#10 /Volumes/ARCHIVOS/tutos-Angular-Laravel-Codeigniter-Ionic-Flexbox-CSS/udemy/angular/citasMedicas/backend-api-citas/vendor/laravel/framework/src/Illuminate/Database/Connection.php(672): Illuminate\\Database\\Connection->runQueryCallback('select * from `...', Array, Object(Closure))
#11 /Volumes/ARCHIVOS/tutos-Angular-Laravel-Codeigniter-Ionic-Flexbox-CSS/udemy/angular/citasMedicas/backend-api-citas/vendor/laravel/framework/src/Illuminate/Database/Connection.php(359): Illuminate\\Database\\Connection->run('select * from `...', Array, Object(Closure))
#12 /Volumes/ARCHIVOS/tutos-Angular-Laravel-Codeigniter-Ionic-Flexbox-CSS/udemy/angular/citasMedicas/backend-api-citas/vendor/laravel/framework/src/Illuminate/Database/Query/Builder.php(2413): Illuminate\\Database\\Connection->select('select * from `...', Array, true)
#13 /Volumes/ARCHIVOS/tutos-Angular-Laravel-Codeigniter-Ionic-Flexbox-CSS/udemy/angular/citasMedicas/backend-api-citas/vendor/laravel/framework/src/Illuminate/Database/Query/Builder.php(2402): Illuminate\\Database\\Query\\Builder->runSelect()
#14 /Volumes/ARCHIVOS/tutos-Angular-Laravel-Codeigniter-Ionic-Flexbox-CSS/udemy/angular/citasMedicas/backend-api-citas/vendor/laravel/framework/src/Illuminate/Database/Query/Builder.php(2936): Illuminate\\Database\\Query\\Builder->Illuminate\\Database\\Query\\{closure}()
#15 /Volumes/ARCHIVOS/tutos-Angular-Laravel-Codeigniter-Ionic-Flexbox-CSS/udemy/angular/citasMedicas/backend-api-citas/vendor/laravel/framework/src/Illuminate/Database/Query/Builder.php(2401): Illuminate\\Database\\Query\\Builder->onceWithColumns(Array, Object(Closure))
#16 /Volumes/ARCHIVOS/tutos-Angular-Laravel-Codeigniter-Ionic-Flexbox-CSS/udemy/angular/citasMedicas/backend-api-citas/vendor/laravel/framework/src/Illuminate/Database/Eloquent/Builder.php(625): Illuminate\\Database\\Query\\Builder->get(Array)
#17 /Volumes/ARCHIVOS/tutos-Angular-Laravel-Codeigniter-Ionic-Flexbox-CSS/udemy/angular/citasMedicas/backend-api-citas/vendor/laravel/framework/src/Illuminate/Database/Eloquent/Builder.php(609): Illuminate\\Database\\Eloquent\\Builder->getModels(Array)
#18 /Volumes/ARCHIVOS/tutos-Angular-Laravel-Codeigniter-Ionic-Flexbox-CSS/udemy/angular/citasMedicas/backend-api-citas/app/Console/Commands/NotificationAppointments.php(48): Illuminate\\Database\\Eloquent\\Builder->get()
#19 /Volumes/ARCHIVOS/tutos-Angular-Laravel-Codeigniter-Ionic-Flexbox-CSS/udemy/angular/citasMedicas/backend-api-citas/vendor/laravel/framework/src/Illuminate/Container/BoundMethod.php(36): App\\Console\\Commands\\NotificationAppointments->handle()
#20 /Volumes/ARCHIVOS/tutos-Angular-Laravel-Codeigniter-Ionic-Flexbox-CSS/udemy/angular/citasMedicas/backend-api-citas/vendor/laravel/framework/src/Illuminate/Container/Util.php(40): Illuminate\\Container\\BoundMethod::Illuminate\\Container\\{closure}()
#21 /Volumes/ARCHIVOS/tutos-Angular-Laravel-Codeigniter-Ionic-Flexbox-CSS/udemy/angular/citasMedicas/backend-api-citas/vendor/laravel/framework/src/Illuminate/Container/BoundMethod.php(93): Illuminate\\Container\\Util::unwrapIfClosure(Object(Closure))
#22 /Volumes/ARCHIVOS/tutos-Angular-Laravel-Codeigniter-Ionic-Flexbox-CSS/udemy/angular/citasMedicas/backend-api-citas/vendor/laravel/framework/src/Illuminate/Container/BoundMethod.php(35): Illuminate\\Container\\BoundMethod::callBoundMethod(Object(Illuminate\\Foundation\\Application), Array, Object(Closure))
#23 /Volumes/ARCHIVOS/tutos-Angular-Laravel-Codeigniter-Ionic-Flexbox-CSS/udemy/angular/citasMedicas/backend-api-citas/vendor/laravel/framework/src/Illuminate/Container/Container.php(653): Illuminate\\Container\\BoundMethod::call(Object(Illuminate\\Foundation\\Application), Array, Array, NULL)
#24 /Volumes/ARCHIVOS/tutos-Angular-Laravel-Codeigniter-Ionic-Flexbox-CSS/udemy/angular/citasMedicas/backend-api-citas/vendor/laravel/framework/src/Illuminate/Console/Command.php(136): Illuminate\\Container\\Container->call(Array)
#25 /Volumes/ARCHIVOS/tutos-Angular-Laravel-Codeigniter-Ionic-Flexbox-CSS/udemy/angular/citasMedicas/backend-api-citas/vendor/symfony/console/Command/Command.php(298): Illuminate\\Console\\Command->execute(Object(Symfony\\Component\\Console\\Input\\ArgvInput), Object(Illuminate\\Console\\OutputStyle))
#26 /Volumes/ARCHIVOS/tutos-Angular-Laravel-Codeigniter-Ionic-Flexbox-CSS/udemy/angular/citasMedicas/backend-api-citas/vendor/laravel/framework/src/Illuminate/Console/Command.php(120): Symfony\\Component\\Console\\Command\\Command->run(Object(Symfony\\Component\\Console\\Input\\ArgvInput), Object(Illuminate\\Console\\OutputStyle))
#27 /Volumes/ARCHIVOS/tutos-Angular-Laravel-Codeigniter-Ionic-Flexbox-CSS/udemy/angular/citasMedicas/backend-api-citas/vendor/symfony/console/Application.php(1040): Illuminate\\Console\\Command->run(Object(Symfony\\Component\\Console\\Input\\ArgvInput), Object(Symfony\\Component\\Console\\Output\\ConsoleOutput))
#28 /Volumes/ARCHIVOS/tutos-Angular-Laravel-Codeigniter-Ionic-Flexbox-CSS/udemy/angular/citasMedicas/backend-api-citas/vendor/symfony/console/Application.php(301): Symfony\\Component\\Console\\Application->doRunCommand(Object(App\\Console\\Commands\\NotificationAppointments), Object(Symfony\\Component\\Console\\Input\\ArgvInput), Object(Symfony\\Component\\Console\\Output\\ConsoleOutput))
#29 /Volumes/ARCHIVOS/tutos-Angular-Laravel-Codeigniter-Ionic-Flexbox-CSS/udemy/angular/citasMedicas/backend-api-citas/vendor/symfony/console/Application.php(171): Symfony\\Component\\Console\\Application->doRun(Object(Symfony\\Component\\Console\\Input\\ArgvInput), Object(Symfony\\Component\\Console\\Output\\ConsoleOutput))
#30 /Volumes/ARCHIVOS/tutos-Angular-Laravel-Codeigniter-Ionic-Flexbox-CSS/udemy/angular/citasMedicas/backend-api-citas/vendor/laravel/framework/src/Illuminate/Console/Application.php(94): Symfony\\Component\\Console\\Application->run(Object(Symfony\\Component\\Console\\Input\\ArgvInput), Object(Symfony\\Component\\Console\\Output\\ConsoleOutput))
#31 /Volumes/ARCHIVOS/tutos-Angular-Laravel-Codeigniter-Ionic-Flexbox-CSS/udemy/angular/citasMedicas/backend-api-citas/vendor/laravel/framework/src/Illuminate/Foundation/Console/Kernel.php(129): Illuminate\\Console\\Application->run(Object(Symfony\\Component\\Console\\Input\\ArgvInput), Object(Symfony\\Component\\Console\\Output\\ConsoleOutput))
#32 /Volumes/ARCHIVOS/tutos-Angular-Laravel-Codeigniter-Ionic-Flexbox-CSS/udemy/angular/citasMedicas/backend-api-citas/artisan(35): Illuminate\\Foundation\\Console\\Kernel->handle(Object(Symfony\\Component\\Console\\Input\\ArgvInput), Object(Symfony\\Component\\Console\\Output\\ConsoleOutput))
#33 {main}
"} 
[2023-12-17 17:58:34] local.ERROR: SQLSTATE[HY000] [2002] No such file or directory (SQL: select * from `appointments` where date(`date_appointment`) = 2023-12-18 and `status` = 1 and `appointments`.`deleted_at` is null) {"exception":"[object] (Illuminate\\Database\\QueryException(code: 2002): SQLSTATE[HY000] [2002] No such file or directory (SQL: select * from `appointments` where date(`date_appointment`) = 2023-12-18 and `status` = 1 and `appointments`.`deleted_at` is null) at /Volumes/ARCHIVOS/tutos-Angular-Laravel-Codeigniter-Ionic-Flexbox-CSS/udemy/angular/citasMedicas/backend-api-citas/vendor/laravel/framework/src/Illuminate/Database/Connection.php:712)
[stacktrace]
#0 /Volumes/ARCHIVOS/tutos-Angular-Laravel-Codeigniter-Ionic-Flexbox-CSS/udemy/angular/citasMedicas/backend-api-citas/vendor/laravel/framework/src/Illuminate/Database/Connection.php(672): Illuminate\\Database\\Connection->runQueryCallback('select * from `...', Array, Object(Closure))
#1 /Volumes/ARCHIVOS/tutos-Angular-Laravel-Codeigniter-Ionic-Flexbox-CSS/udemy/angular/citasMedicas/backend-api-citas/vendor/laravel/framework/src/Illuminate/Database/Connection.php(359): Illuminate\\Database\\Connection->run('select * from `...', Array, Object(Closure))
#2 /Volumes/ARCHIVOS/tutos-Angular-Laravel-Codeigniter-Ionic-Flexbox-CSS/udemy/angular/citasMedicas/backend-api-citas/vendor/laravel/framework/src/Illuminate/Database/Query/Builder.php(2413): Illuminate\\Database\\Connection->select('select * from `...', Array, true)
#3 /Volumes/ARCHIVOS/tutos-Angular-Laravel-Codeigniter-Ionic-Flexbox-CSS/udemy/angular/citasMedicas/backend-api-citas/vendor/laravel/framework/src/Illuminate/Database/Query/Builder.php(2402): Illuminate\\Database\\Query\\Builder->runSelect()
#4 /Volumes/ARCHIVOS/tutos-Angular-Laravel-Codeigniter-Ionic-Flexbox-CSS/udemy/angular/citasMedicas/backend-api-citas/vendor/laravel/framework/src/Illuminate/Database/Query/Builder.php(2936): Illuminate\\Database\\Query\\Builder->Illuminate\\Database\\Query\\{closure}()
#5 /Volumes/ARCHIVOS/tutos-Angular-Laravel-Codeigniter-Ionic-Flexbox-CSS/udemy/angular/citasMedicas/backend-api-citas/vendor/laravel/framework/src/Illuminate/Database/Query/Builder.php(2401): Illuminate\\Database\\Query\\Builder->onceWithColumns(Array, Object(Closure))
#6 /Volumes/ARCHIVOS/tutos-Angular-Laravel-Codeigniter-Ionic-Flexbox-CSS/udemy/angular/citasMedicas/backend-api-citas/vendor/laravel/framework/src/Illuminate/Database/Eloquent/Builder.php(625): Illuminate\\Database\\Query\\Builder->get(Array)
#7 /Volumes/ARCHIVOS/tutos-Angular-Laravel-Codeigniter-Ionic-Flexbox-CSS/udemy/angular/citasMedicas/backend-api-citas/vendor/laravel/framework/src/Illuminate/Database/Eloquent/Builder.php(609): Illuminate\\Database\\Eloquent\\Builder->getModels(Array)
#8 /Volumes/ARCHIVOS/tutos-Angular-Laravel-Codeigniter-Ionic-Flexbox-CSS/udemy/angular/citasMedicas/backend-api-citas/app/Console/Commands/NotificationAppointments.php(48): Illuminate\\Database\\Eloquent\\Builder->get()
#9 /Volumes/ARCHIVOS/tutos-Angular-Laravel-Codeigniter-Ionic-Flexbox-CSS/udemy/angular/citasMedicas/backend-api-citas/vendor/laravel/framework/src/Illuminate/Container/BoundMethod.php(36): App\\Console\\Commands\\NotificationAppointments->handle()
#10 /Volumes/ARCHIVOS/tutos-Angular-Laravel-Codeigniter-Ionic-Flexbox-CSS/udemy/angular/citasMedicas/backend-api-citas/vendor/laravel/framework/src/Illuminate/Container/Util.php(40): Illuminate\\Container\\BoundMethod::Illuminate\\Container\\{closure}()
#11 /Volumes/ARCHIVOS/tutos-Angular-Laravel-Codeigniter-Ionic-Flexbox-CSS/udemy/angular/citasMedicas/backend-api-citas/vendor/laravel/framework/src/Illuminate/Container/BoundMethod.php(93): Illuminate\\Container\\Util::unwrapIfClosure(Object(Closure))
#12 /Volumes/ARCHIVOS/tutos-Angular-Laravel-Codeigniter-Ionic-Flexbox-CSS/udemy/angular/citasMedicas/backend-api-citas/vendor/laravel/framework/src/Illuminate/Container/BoundMethod.php(35): Illuminate\\Container\\BoundMethod::callBoundMethod(Object(Illuminate\\Foundation\\Application), Array, Object(Closure))
#13 /Volumes/ARCHIVOS/tutos-Angular-Laravel-Codeigniter-Ionic-Flexbox-CSS/udemy/angular/citasMedicas/backend-api-citas/vendor/laravel/framework/src/Illuminate/Container/Container.php(653): Illuminate\\Container\\BoundMethod::call(Object(Illuminate\\Foundation\\Application), Array, Array, NULL)
#14 /Volumes/ARCHIVOS/tutos-Angular-Laravel-Codeigniter-Ionic-Flexbox-CSS/udemy/angular/citasMedicas/backend-api-citas/vendor/laravel/framework/src/Illuminate/Console/Command.php(136): Illuminate\\Container\\Container->call(Array)
#15 /Volumes/ARCHIVOS/tutos-Angular-Laravel-Codeigniter-Ionic-Flexbox-CSS/udemy/angular/citasMedicas/backend-api-citas/vendor/symfony/console/Command/Command.php(298): Illuminate\\Console\\Command->execute(Object(Symfony\\Component\\Console\\Input\\ArgvInput), Object(Illuminate\\Console\\OutputStyle))
#16 /Volumes/ARCHIVOS/tutos-Angular-Laravel-Codeigniter-Ionic-Flexbox-CSS/udemy/angular/citasMedicas/backend-api-citas/vendor/laravel/framework/src/Illuminate/Console/Command.php(120): Symfony\\Component\\Console\\Command\\Command->run(Object(Symfony\\Component\\Console\\Input\\ArgvInput), Object(Illuminate\\Console\\OutputStyle))
#17 /Volumes/ARCHIVOS/tutos-Angular-Laravel-Codeigniter-Ionic-Flexbox-CSS/udemy/angular/citasMedicas/backend-api-citas/vendor/symfony/console/Application.php(1040): Illuminate\\Console\\Command->run(Object(Symfony\\Component\\Console\\Input\\ArgvInput), Object(Symfony\\Component\\Console\\Output\\ConsoleOutput))
#18 /Volumes/ARCHIVOS/tutos-Angular-Laravel-Codeigniter-Ionic-Flexbox-CSS/udemy/angular/citasMedicas/backend-api-citas/vendor/symfony/console/Application.php(301): Symfony\\Component\\Console\\Application->doRunCommand(Object(App\\Console\\Commands\\NotificationAppointments), Object(Symfony\\Component\\Console\\Input\\ArgvInput), Object(Symfony\\Component\\Console\\Output\\ConsoleOutput))
#19 /Volumes/ARCHIVOS/tutos-Angular-Laravel-Codeigniter-Ionic-Flexbox-CSS/udemy/angular/citasMedicas/backend-api-citas/vendor/symfony/console/Application.php(171): Symfony\\Component\\Console\\Application->doRun(Object(Symfony\\Component\\Console\\Input\\ArgvInput), Object(Symfony\\Component\\Console\\Output\\ConsoleOutput))
#20 /Volumes/ARCHIVOS/tutos-Angular-Laravel-Codeigniter-Ionic-Flexbox-CSS/udemy/angular/citasMedicas/backend-api-citas/vendor/laravel/framework/src/Illuminate/Console/Application.php(94): Symfony\\Component\\Console\\Application->run(Object(Symfony\\Component\\Console\\Input\\ArgvInput), Object(Symfony\\Component\\Console\\Output\\ConsoleOutput))
#21 /Volumes/ARCHIVOS/tutos-Angular-Laravel-Codeigniter-Ionic-Flexbox-CSS/udemy/angular/citasMedicas/backend-api-citas/vendor/laravel/framework/src/Illuminate/Foundation/Console/Kernel.php(129): Illuminate\\Console\\Application->run(Object(Symfony\\Component\\Console\\Input\\ArgvInput), Object(Symfony\\Component\\Console\\Output\\ConsoleOutput))
#22 /Volumes/ARCHIVOS/tutos-Angular-Laravel-Codeigniter-Ionic-Flexbox-CSS/udemy/angular/citasMedicas/backend-api-citas/artisan(35): Illuminate\\Foundation\\Console\\Kernel->handle(Object(Symfony\\Component\\Console\\Input\\ArgvInput), Object(Symfony\\Component\\Console\\Output\\ConsoleOutput))
#23 {main}

[previous exception] [object] (PDOException(code: 2002): SQLSTATE[HY000] [2002] No such file or directory at /Volumes/ARCHIVOS/tutos-Angular-Laravel-Codeigniter-Ionic-Flexbox-CSS/udemy/angular/citasMedicas/backend-api-citas/vendor/laravel/framework/src/Illuminate/Database/Connectors/Connector.php:70)
[stacktrace]
#0 /Volumes/ARCHIVOS/tutos-Angular-Laravel-Codeigniter-Ionic-Flexbox-CSS/udemy/angular/citasMedicas/backend-api-citas/vendor/laravel/framework/src/Illuminate/Database/Connectors/Connector.php(70): PDO->__construct('mysql:host=loca...', 'u175197741_admi...', Object(SensitiveParameterValue), Array)
#1 /Volumes/ARCHIVOS/tutos-Angular-Laravel-Codeigniter-Ionic-Flexbox-CSS/udemy/angular/citasMedicas/backend-api-citas/vendor/laravel/framework/src/Illuminate/Database/Connectors/Connector.php(45): Illuminate\\Database\\Connectors\\Connector->createPdoConnection('mysql:host=loca...', 'u175197741_admi...', '+sD/Vo1E', Array)
#2 /Volumes/ARCHIVOS/tutos-Angular-Laravel-Codeigniter-Ionic-Flexbox-CSS/udemy/angular/citasMedicas/backend-api-citas/vendor/laravel/framework/src/Illuminate/Database/Connectors/MySqlConnector.php(24): Illuminate\\Database\\Connectors\\Connector->createConnection('mysql:host=loca...', Array, Array)
#3 /Volumes/ARCHIVOS/tutos-Angular-Laravel-Codeigniter-Ionic-Flexbox-CSS/udemy/angular/citasMedicas/backend-api-citas/vendor/laravel/framework/src/Illuminate/Database/Connectors/ConnectionFactory.php(184): Illuminate\\Database\\Connectors\\MySqlConnector->connect(Array)
#4 [internal function]: Illuminate\\Database\\Connectors\\ConnectionFactory->Illuminate\\Database\\Connectors\\{closure}()
#5 /Volumes/ARCHIVOS/tutos-Angular-Laravel-Codeigniter-Ionic-Flexbox-CSS/udemy/angular/citasMedicas/backend-api-citas/vendor/laravel/framework/src/Illuminate/Database/Connection.php(1064): call_user_func(Object(Closure))
#6 /Volumes/ARCHIVOS/tutos-Angular-Laravel-Codeigniter-Ionic-Flexbox-CSS/udemy/angular/citasMedicas/backend-api-citas/vendor/laravel/framework/src/Illuminate/Database/Connection.php(1100): Illuminate\\Database\\Connection->getPdo()
#7 /Volumes/ARCHIVOS/tutos-Angular-Laravel-Codeigniter-Ionic-Flexbox-CSS/udemy/angular/citasMedicas/backend-api-citas/vendor/laravel/framework/src/Illuminate/Database/Connection.php(442): Illuminate\\Database\\Connection->getReadPdo()
#8 /Volumes/ARCHIVOS/tutos-Angular-Laravel-Codeigniter-Ionic-Flexbox-CSS/udemy/angular/citasMedicas/backend-api-citas/vendor/laravel/framework/src/Illuminate/Database/Connection.php(368): Illuminate\\Database\\Connection->getPdoForSelect(true)
#9 /Volumes/ARCHIVOS/tutos-Angular-Laravel-Codeigniter-Ionic-Flexbox-CSS/udemy/angular/citasMedicas/backend-api-citas/vendor/laravel/framework/src/Illuminate/Database/Connection.php(705): Illuminate\\Database\\Connection->Illuminate\\Database\\{closure}('select * from `...', Array)
#10 /Volumes/ARCHIVOS/tutos-Angular-Laravel-Codeigniter-Ionic-Flexbox-CSS/udemy/angular/citasMedicas/backend-api-citas/vendor/laravel/framework/src/Illuminate/Database/Connection.php(672): Illuminate\\Database\\Connection->runQueryCallback('select * from `...', Array, Object(Closure))
#11 /Volumes/ARCHIVOS/tutos-Angular-Laravel-Codeigniter-Ionic-Flexbox-CSS/udemy/angular/citasMedicas/backend-api-citas/vendor/laravel/framework/src/Illuminate/Database/Connection.php(359): Illuminate\\Database\\Connection->run('select * from `...', Array, Object(Closure))
#12 /Volumes/ARCHIVOS/tutos-Angular-Laravel-Codeigniter-Ionic-Flexbox-CSS/udemy/angular/citasMedicas/backend-api-citas/vendor/laravel/framework/src/Illuminate/Database/Query/Builder.php(2413): Illuminate\\Database\\Connection->select('select * from `...', Array, true)
#13 /Volumes/ARCHIVOS/tutos-Angular-Laravel-Codeigniter-Ionic-Flexbox-CSS/udemy/angular/citasMedicas/backend-api-citas/vendor/laravel/framework/src/Illuminate/Database/Query/Builder.php(2402): Illuminate\\Database\\Query\\Builder->runSelect()
#14 /Volumes/ARCHIVOS/tutos-Angular-Laravel-Codeigniter-Ionic-Flexbox-CSS/udemy/angular/citasMedicas/backend-api-citas/vendor/laravel/framework/src/Illuminate/Database/Query/Builder.php(2936): Illuminate\\Database\\Query\\Builder->Illuminate\\Database\\Query\\{closure}()
#15 /Volumes/ARCHIVOS/tutos-Angular-Laravel-Codeigniter-Ionic-Flexbox-CSS/udemy/angular/citasMedicas/backend-api-citas/vendor/laravel/framework/src/Illuminate/Database/Query/Builder.php(2401): Illuminate\\Database\\Query\\Builder->onceWithColumns(Array, Object(Closure))
#16 /Volumes/ARCHIVOS/tutos-Angular-Laravel-Codeigniter-Ionic-Flexbox-CSS/udemy/angular/citasMedicas/backend-api-citas/vendor/laravel/framework/src/Illuminate/Database/Eloquent/Builder.php(625): Illuminate\\Database\\Query\\Builder->get(Array)
#17 /Volumes/ARCHIVOS/tutos-Angular-Laravel-Codeigniter-Ionic-Flexbox-CSS/udemy/angular/citasMedicas/backend-api-citas/vendor/laravel/framework/src/Illuminate/Database/Eloquent/Builder.php(609): Illuminate\\Database\\Eloquent\\Builder->getModels(Array)
#18 /Volumes/ARCHIVOS/tutos-Angular-Laravel-Codeigniter-Ionic-Flexbox-CSS/udemy/angular/citasMedicas/backend-api-citas/app/Console/Commands/NotificationAppointments.php(48): Illuminate\\Database\\Eloquent\\Builder->get()
#19 /Volumes/ARCHIVOS/tutos-Angular-Laravel-Codeigniter-Ionic-Flexbox-CSS/udemy/angular/citasMedicas/backend-api-citas/vendor/laravel/framework/src/Illuminate/Container/BoundMethod.php(36): App\\Console\\Commands\\NotificationAppointments->handle()
#20 /Volumes/ARCHIVOS/tutos-Angular-Laravel-Codeigniter-Ionic-Flexbox-CSS/udemy/angular/citasMedicas/backend-api-citas/vendor/laravel/framework/src/Illuminate/Container/Util.php(40): Illuminate\\Container\\BoundMethod::Illuminate\\Container\\{closure}()
#21 /Volumes/ARCHIVOS/tutos-Angular-Laravel-Codeigniter-Ionic-Flexbox-CSS/udemy/angular/citasMedicas/backend-api-citas/vendor/laravel/framework/src/Illuminate/Container/BoundMethod.php(93): Illuminate\\Container\\Util::unwrapIfClosure(Object(Closure))
#22 /Volumes/ARCHIVOS/tutos-Angular-Laravel-Codeigniter-Ionic-Flexbox-CSS/udemy/angular/citasMedicas/backend-api-citas/vendor/laravel/framework/src/Illuminate/Container/BoundMethod.php(35): Illuminate\\Container\\BoundMethod::callBoundMethod(Object(Illuminate\\Foundation\\Application), Array, Object(Closure))
#23 /Volumes/ARCHIVOS/tutos-Angular-Laravel-Codeigniter-Ionic-Flexbox-CSS/udemy/angular/citasMedicas/backend-api-citas/vendor/laravel/framework/src/Illuminate/Container/Container.php(653): Illuminate\\Container\\BoundMethod::call(Object(Illuminate\\Foundation\\Application), Array, Array, NULL)
#24 /Volumes/ARCHIVOS/tutos-Angular-Laravel-Codeigniter-Ionic-Flexbox-CSS/udemy/angular/citasMedicas/backend-api-citas/vendor/laravel/framework/src/Illuminate/Console/Command.php(136): Illuminate\\Container\\Container->call(Array)
#25 /Volumes/ARCHIVOS/tutos-Angular-Laravel-Codeigniter-Ionic-Flexbox-CSS/udemy/angular/citasMedicas/backend-api-citas/vendor/symfony/console/Command/Command.php(298): Illuminate\\Console\\Command->execute(Object(Symfony\\Component\\Console\\Input\\ArgvInput), Object(Illuminate\\Console\\OutputStyle))
#26 /Volumes/ARCHIVOS/tutos-Angular-Laravel-Codeigniter-Ionic-Flexbox-CSS/udemy/angular/citasMedicas/backend-api-citas/vendor/laravel/framework/src/Illuminate/Console/Command.php(120): Symfony\\Component\\Console\\Command\\Command->run(Object(Symfony\\Component\\Console\\Input\\ArgvInput), Object(Illuminate\\Console\\OutputStyle))
#27 /Volumes/ARCHIVOS/tutos-Angular-Laravel-Codeigniter-Ionic-Flexbox-CSS/udemy/angular/citasMedicas/backend-api-citas/vendor/symfony/console/Application.php(1040): Illuminate\\Console\\Command->run(Object(Symfony\\Component\\Console\\Input\\ArgvInput), Object(Symfony\\Component\\Console\\Output\\ConsoleOutput))
#28 /Volumes/ARCHIVOS/tutos-Angular-Laravel-Codeigniter-Ionic-Flexbox-CSS/udemy/angular/citasMedicas/backend-api-citas/vendor/symfony/console/Application.php(301): Symfony\\Component\\Console\\Application->doRunCommand(Object(App\\Console\\Commands\\NotificationAppointments), Object(Symfony\\Component\\Console\\Input\\ArgvInput), Object(Symfony\\Component\\Console\\Output\\ConsoleOutput))
#29 /Volumes/ARCHIVOS/tutos-Angular-Laravel-Codeigniter-Ionic-Flexbox-CSS/udemy/angular/citasMedicas/backend-api-citas/vendor/symfony/console/Application.php(171): Symfony\\Component\\Console\\Application->doRun(Object(Symfony\\Component\\Console\\Input\\ArgvInput), Object(Symfony\\Component\\Console\\Output\\ConsoleOutput))
#30 /Volumes/ARCHIVOS/tutos-Angular-Laravel-Codeigniter-Ionic-Flexbox-CSS/udemy/angular/citasMedicas/backend-api-citas/vendor/laravel/framework/src/Illuminate/Console/Application.php(94): Symfony\\Component\\Console\\Application->run(Object(Symfony\\Component\\Console\\Input\\ArgvInput), Object(Symfony\\Component\\Console\\Output\\ConsoleOutput))
#31 /Volumes/ARCHIVOS/tutos-Angular-Laravel-Codeigniter-Ionic-Flexbox-CSS/udemy/angular/citasMedicas/backend-api-citas/vendor/laravel/framework/src/Illuminate/Foundation/Console/Kernel.php(129): Illuminate\\Console\\Application->run(Object(Symfony\\Component\\Console\\Input\\ArgvInput), Object(Symfony\\Component\\Console\\Output\\ConsoleOutput))
#32 /Volumes/ARCHIVOS/tutos-Angular-Laravel-Codeigniter-Ionic-Flexbox-CSS/udemy/angular/citasMedicas/backend-api-citas/artisan(35): Illuminate\\Foundation\\Console\\Kernel->handle(Object(Symfony\\Component\\Console\\Input\\ArgvInput), Object(Symfony\\Component\\Console\\Output\\ConsoleOutput))
#33 {main}
"} 
[2023-12-17 17:59:37] local.ERROR: SQLSTATE[HY000] [2002] No such file or directory (SQL: select * from `appointments` where date(`date_appointment`) = 2023-12-18 and `status` = 1 and `appointments`.`deleted_at` is null) {"exception":"[object] (Illuminate\\Database\\QueryException(code: 2002): SQLSTATE[HY000] [2002] No such file or directory (SQL: select * from `appointments` where date(`date_appointment`) = 2023-12-18 and `status` = 1 and `appointments`.`deleted_at` is null) at /Volumes/ARCHIVOS/tutos-Angular-Laravel-Codeigniter-Ionic-Flexbox-CSS/udemy/angular/citasMedicas/backend-api-citas/vendor/laravel/framework/src/Illuminate/Database/Connection.php:712)
[stacktrace]
#0 /Volumes/ARCHIVOS/tutos-Angular-Laravel-Codeigniter-Ionic-Flexbox-CSS/udemy/angular/citasMedicas/backend-api-citas/vendor/laravel/framework/src/Illuminate/Database/Connection.php(672): Illuminate\\Database\\Connection->runQueryCallback('select * from `...', Array, Object(Closure))
#1 /Volumes/ARCHIVOS/tutos-Angular-Laravel-Codeigniter-Ionic-Flexbox-CSS/udemy/angular/citasMedicas/backend-api-citas/vendor/laravel/framework/src/Illuminate/Database/Connection.php(359): Illuminate\\Database\\Connection->run('select * from `...', Array, Object(Closure))
#2 /Volumes/ARCHIVOS/tutos-Angular-Laravel-Codeigniter-Ionic-Flexbox-CSS/udemy/angular/citasMedicas/backend-api-citas/vendor/laravel/framework/src/Illuminate/Database/Query/Builder.php(2413): Illuminate\\Database\\Connection->select('select * from `...', Array, true)
#3 /Volumes/ARCHIVOS/tutos-Angular-Laravel-Codeigniter-Ionic-Flexbox-CSS/udemy/angular/citasMedicas/backend-api-citas/vendor/laravel/framework/src/Illuminate/Database/Query/Builder.php(2402): Illuminate\\Database\\Query\\Builder->runSelect()
#4 /Volumes/ARCHIVOS/tutos-Angular-Laravel-Codeigniter-Ionic-Flexbox-CSS/udemy/angular/citasMedicas/backend-api-citas/vendor/laravel/framework/src/Illuminate/Database/Query/Builder.php(2936): Illuminate\\Database\\Query\\Builder->Illuminate\\Database\\Query\\{closure}()
#5 /Volumes/ARCHIVOS/tutos-Angular-Laravel-Codeigniter-Ionic-Flexbox-CSS/udemy/angular/citasMedicas/backend-api-citas/vendor/laravel/framework/src/Illuminate/Database/Query/Builder.php(2401): Illuminate\\Database\\Query\\Builder->onceWithColumns(Array, Object(Closure))
#6 /Volumes/ARCHIVOS/tutos-Angular-Laravel-Codeigniter-Ionic-Flexbox-CSS/udemy/angular/citasMedicas/backend-api-citas/vendor/laravel/framework/src/Illuminate/Database/Eloquent/Builder.php(625): Illuminate\\Database\\Query\\Builder->get(Array)
#7 /Volumes/ARCHIVOS/tutos-Angular-Laravel-Codeigniter-Ionic-Flexbox-CSS/udemy/angular/citasMedicas/backend-api-citas/vendor/laravel/framework/src/Illuminate/Database/Eloquent/Builder.php(609): Illuminate\\Database\\Eloquent\\Builder->getModels(Array)
#8 /Volumes/ARCHIVOS/tutos-Angular-Laravel-Codeigniter-Ionic-Flexbox-CSS/udemy/angular/citasMedicas/backend-api-citas/app/Console/Commands/NotificationAppointments.php(48): Illuminate\\Database\\Eloquent\\Builder->get()
#9 /Volumes/ARCHIVOS/tutos-Angular-Laravel-Codeigniter-Ionic-Flexbox-CSS/udemy/angular/citasMedicas/backend-api-citas/vendor/laravel/framework/src/Illuminate/Container/BoundMethod.php(36): App\\Console\\Commands\\NotificationAppointments->handle()
#10 /Volumes/ARCHIVOS/tutos-Angular-Laravel-Codeigniter-Ionic-Flexbox-CSS/udemy/angular/citasMedicas/backend-api-citas/vendor/laravel/framework/src/Illuminate/Container/Util.php(40): Illuminate\\Container\\BoundMethod::Illuminate\\Container\\{closure}()
#11 /Volumes/ARCHIVOS/tutos-Angular-Laravel-Codeigniter-Ionic-Flexbox-CSS/udemy/angular/citasMedicas/backend-api-citas/vendor/laravel/framework/src/Illuminate/Container/BoundMethod.php(93): Illuminate\\Container\\Util::unwrapIfClosure(Object(Closure))
#12 /Volumes/ARCHIVOS/tutos-Angular-Laravel-Codeigniter-Ionic-Flexbox-CSS/udemy/angular/citasMedicas/backend-api-citas/vendor/laravel/framework/src/Illuminate/Container/BoundMethod.php(35): Illuminate\\Container\\BoundMethod::callBoundMethod(Object(Illuminate\\Foundation\\Application), Array, Object(Closure))
#13 /Volumes/ARCHIVOS/tutos-Angular-Laravel-Codeigniter-Ionic-Flexbox-CSS/udemy/angular/citasMedicas/backend-api-citas/vendor/laravel/framework/src/Illuminate/Container/Container.php(653): Illuminate\\Container\\BoundMethod::call(Object(Illuminate\\Foundation\\Application), Array, Array, NULL)
#14 /Volumes/ARCHIVOS/tutos-Angular-Laravel-Codeigniter-Ionic-Flexbox-CSS/udemy/angular/citasMedicas/backend-api-citas/vendor/laravel/framework/src/Illuminate/Console/Command.php(136): Illuminate\\Container\\Container->call(Array)
#15 /Volumes/ARCHIVOS/tutos-Angular-Laravel-Codeigniter-Ionic-Flexbox-CSS/udemy/angular/citasMedicas/backend-api-citas/vendor/symfony/console/Command/Command.php(298): Illuminate\\Console\\Command->execute(Object(Symfony\\Component\\Console\\Input\\ArgvInput), Object(Illuminate\\Console\\OutputStyle))
#16 /Volumes/ARCHIVOS/tutos-Angular-Laravel-Codeigniter-Ionic-Flexbox-CSS/udemy/angular/citasMedicas/backend-api-citas/vendor/laravel/framework/src/Illuminate/Console/Command.php(120): Symfony\\Component\\Console\\Command\\Command->run(Object(Symfony\\Component\\Console\\Input\\ArgvInput), Object(Illuminate\\Console\\OutputStyle))
#17 /Volumes/ARCHIVOS/tutos-Angular-Laravel-Codeigniter-Ionic-Flexbox-CSS/udemy/angular/citasMedicas/backend-api-citas/vendor/symfony/console/Application.php(1040): Illuminate\\Console\\Command->run(Object(Symfony\\Component\\Console\\Input\\ArgvInput), Object(Symfony\\Component\\Console\\Output\\ConsoleOutput))
#18 /Volumes/ARCHIVOS/tutos-Angular-Laravel-Codeigniter-Ionic-Flexbox-CSS/udemy/angular/citasMedicas/backend-api-citas/vendor/symfony/console/Application.php(301): Symfony\\Component\\Console\\Application->doRunCommand(Object(App\\Console\\Commands\\NotificationAppointments), Object(Symfony\\Component\\Console\\Input\\ArgvInput), Object(Symfony\\Component\\Console\\Output\\ConsoleOutput))
#19 /Volumes/ARCHIVOS/tutos-Angular-Laravel-Codeigniter-Ionic-Flexbox-CSS/udemy/angular/citasMedicas/backend-api-citas/vendor/symfony/console/Application.php(171): Symfony\\Component\\Console\\Application->doRun(Object(Symfony\\Component\\Console\\Input\\ArgvInput), Object(Symfony\\Component\\Console\\Output\\ConsoleOutput))
#20 /Volumes/ARCHIVOS/tutos-Angular-Laravel-Codeigniter-Ionic-Flexbox-CSS/udemy/angular/citasMedicas/backend-api-citas/vendor/laravel/framework/src/Illuminate/Console/Application.php(94): Symfony\\Component\\Console\\Application->run(Object(Symfony\\Component\\Console\\Input\\ArgvInput), Object(Symfony\\Component\\Console\\Output\\ConsoleOutput))
#21 /Volumes/ARCHIVOS/tutos-Angular-Laravel-Codeigniter-Ionic-Flexbox-CSS/udemy/angular/citasMedicas/backend-api-citas/vendor/laravel/framework/src/Illuminate/Foundation/Console/Kernel.php(129): Illuminate\\Console\\Application->run(Object(Symfony\\Component\\Console\\Input\\ArgvInput), Object(Symfony\\Component\\Console\\Output\\ConsoleOutput))
#22 /Volumes/ARCHIVOS/tutos-Angular-Laravel-Codeigniter-Ionic-Flexbox-CSS/udemy/angular/citasMedicas/backend-api-citas/artisan(35): Illuminate\\Foundation\\Console\\Kernel->handle(Object(Symfony\\Component\\Console\\Input\\ArgvInput), Object(Symfony\\Component\\Console\\Output\\ConsoleOutput))
#23 {main}

[previous exception] [object] (PDOException(code: 2002): SQLSTATE[HY000] [2002] No such file or directory at /Volumes/ARCHIVOS/tutos-Angular-Laravel-Codeigniter-Ionic-Flexbox-CSS/udemy/angular/citasMedicas/backend-api-citas/vendor/laravel/framework/src/Illuminate/Database/Connectors/Connector.php:70)
[stacktrace]
#0 /Volumes/ARCHIVOS/tutos-Angular-Laravel-Codeigniter-Ionic-Flexbox-CSS/udemy/angular/citasMedicas/backend-api-citas/vendor/laravel/framework/src/Illuminate/Database/Connectors/Connector.php(70): PDO->__construct('mysql:host=loca...', 'u175197741_admi...', Object(SensitiveParameterValue), Array)
#1 /Volumes/ARCHIVOS/tutos-Angular-Laravel-Codeigniter-Ionic-Flexbox-CSS/udemy/angular/citasMedicas/backend-api-citas/vendor/laravel/framework/src/Illuminate/Database/Connectors/Connector.php(45): Illuminate\\Database\\Connectors\\Connector->createPdoConnection('mysql:host=loca...', 'u175197741_admi...', '+sD/Vo1E', Array)
#2 /Volumes/ARCHIVOS/tutos-Angular-Laravel-Codeigniter-Ionic-Flexbox-CSS/udemy/angular/citasMedicas/backend-api-citas/vendor/laravel/framework/src/Illuminate/Database/Connectors/MySqlConnector.php(24): Illuminate\\Database\\Connectors\\Connector->createConnection('mysql:host=loca...', Array, Array)
#3 /Volumes/ARCHIVOS/tutos-Angular-Laravel-Codeigniter-Ionic-Flexbox-CSS/udemy/angular/citasMedicas/backend-api-citas/vendor/laravel/framework/src/Illuminate/Database/Connectors/ConnectionFactory.php(184): Illuminate\\Database\\Connectors\\MySqlConnector->connect(Array)
#4 [internal function]: Illuminate\\Database\\Connectors\\ConnectionFactory->Illuminate\\Database\\Connectors\\{closure}()
#5 /Volumes/ARCHIVOS/tutos-Angular-Laravel-Codeigniter-Ionic-Flexbox-CSS/udemy/angular/citasMedicas/backend-api-citas/vendor/laravel/framework/src/Illuminate/Database/Connection.php(1064): call_user_func(Object(Closure))
#6 /Volumes/ARCHIVOS/tutos-Angular-Laravel-Codeigniter-Ionic-Flexbox-CSS/udemy/angular/citasMedicas/backend-api-citas/vendor/laravel/framework/src/Illuminate/Database/Connection.php(1100): Illuminate\\Database\\Connection->getPdo()
#7 /Volumes/ARCHIVOS/tutos-Angular-Laravel-Codeigniter-Ionic-Flexbox-CSS/udemy/angular/citasMedicas/backend-api-citas/vendor/laravel/framework/src/Illuminate/Database/Connection.php(442): Illuminate\\Database\\Connection->getReadPdo()
#8 /Volumes/ARCHIVOS/tutos-Angular-Laravel-Codeigniter-Ionic-Flexbox-CSS/udemy/angular/citasMedicas/backend-api-citas/vendor/laravel/framework/src/Illuminate/Database/Connection.php(368): Illuminate\\Database\\Connection->getPdoForSelect(true)
#9 /Volumes/ARCHIVOS/tutos-Angular-Laravel-Codeigniter-Ionic-Flexbox-CSS/udemy/angular/citasMedicas/backend-api-citas/vendor/laravel/framework/src/Illuminate/Database/Connection.php(705): Illuminate\\Database\\Connection->Illuminate\\Database\\{closure}('select * from `...', Array)
#10 /Volumes/ARCHIVOS/tutos-Angular-Laravel-Codeigniter-Ionic-Flexbox-CSS/udemy/angular/citasMedicas/backend-api-citas/vendor/laravel/framework/src/Illuminate/Database/Connection.php(672): Illuminate\\Database\\Connection->runQueryCallback('select * from `...', Array, Object(Closure))
#11 /Volumes/ARCHIVOS/tutos-Angular-Laravel-Codeigniter-Ionic-Flexbox-CSS/udemy/angular/citasMedicas/backend-api-citas/vendor/laravel/framework/src/Illuminate/Database/Connection.php(359): Illuminate\\Database\\Connection->run('select * from `...', Array, Object(Closure))
#12 /Volumes/ARCHIVOS/tutos-Angular-Laravel-Codeigniter-Ionic-Flexbox-CSS/udemy/angular/citasMedicas/backend-api-citas/vendor/laravel/framework/src/Illuminate/Database/Query/Builder.php(2413): Illuminate\\Database\\Connection->select('select * from `...', Array, true)
#13 /Volumes/ARCHIVOS/tutos-Angular-Laravel-Codeigniter-Ionic-Flexbox-CSS/udemy/angular/citasMedicas/backend-api-citas/vendor/laravel/framework/src/Illuminate/Database/Query/Builder.php(2402): Illuminate\\Database\\Query\\Builder->runSelect()
#14 /Volumes/ARCHIVOS/tutos-Angular-Laravel-Codeigniter-Ionic-Flexbox-CSS/udemy/angular/citasMedicas/backend-api-citas/vendor/laravel/framework/src/Illuminate/Database/Query/Builder.php(2936): Illuminate\\Database\\Query\\Builder->Illuminate\\Database\\Query\\{closure}()
#15 /Volumes/ARCHIVOS/tutos-Angular-Laravel-Codeigniter-Ionic-Flexbox-CSS/udemy/angular/citasMedicas/backend-api-citas/vendor/laravel/framework/src/Illuminate/Database/Query/Builder.php(2401): Illuminate\\Database\\Query\\Builder->onceWithColumns(Array, Object(Closure))
#16 /Volumes/ARCHIVOS/tutos-Angular-Laravel-Codeigniter-Ionic-Flexbox-CSS/udemy/angular/citasMedicas/backend-api-citas/vendor/laravel/framework/src/Illuminate/Database/Eloquent/Builder.php(625): Illuminate\\Database\\Query\\Builder->get(Array)
#17 /Volumes/ARCHIVOS/tutos-Angular-Laravel-Codeigniter-Ionic-Flexbox-CSS/udemy/angular/citasMedicas/backend-api-citas/vendor/laravel/framework/src/Illuminate/Database/Eloquent/Builder.php(609): Illuminate\\Database\\Eloquent\\Builder->getModels(Array)
#18 /Volumes/ARCHIVOS/tutos-Angular-Laravel-Codeigniter-Ionic-Flexbox-CSS/udemy/angular/citasMedicas/backend-api-citas/app/Console/Commands/NotificationAppointments.php(48): Illuminate\\Database\\Eloquent\\Builder->get()
#19 /Volumes/ARCHIVOS/tutos-Angular-Laravel-Codeigniter-Ionic-Flexbox-CSS/udemy/angular/citasMedicas/backend-api-citas/vendor/laravel/framework/src/Illuminate/Container/BoundMethod.php(36): App\\Console\\Commands\\NotificationAppointments->handle()
#20 /Volumes/ARCHIVOS/tutos-Angular-Laravel-Codeigniter-Ionic-Flexbox-CSS/udemy/angular/citasMedicas/backend-api-citas/vendor/laravel/framework/src/Illuminate/Container/Util.php(40): Illuminate\\Container\\BoundMethod::Illuminate\\Container\\{closure}()
#21 /Volumes/ARCHIVOS/tutos-Angular-Laravel-Codeigniter-Ionic-Flexbox-CSS/udemy/angular/citasMedicas/backend-api-citas/vendor/laravel/framework/src/Illuminate/Container/BoundMethod.php(93): Illuminate\\Container\\Util::unwrapIfClosure(Object(Closure))
#22 /Volumes/ARCHIVOS/tutos-Angular-Laravel-Codeigniter-Ionic-Flexbox-CSS/udemy/angular/citasMedicas/backend-api-citas/vendor/laravel/framework/src/Illuminate/Container/BoundMethod.php(35): Illuminate\\Container\\BoundMethod::callBoundMethod(Object(Illuminate\\Foundation\\Application), Array, Object(Closure))
#23 /Volumes/ARCHIVOS/tutos-Angular-Laravel-Codeigniter-Ionic-Flexbox-CSS/udemy/angular/citasMedicas/backend-api-citas/vendor/laravel/framework/src/Illuminate/Container/Container.php(653): Illuminate\\Container\\BoundMethod::call(Object(Illuminate\\Foundation\\Application), Array, Array, NULL)
#24 /Volumes/ARCHIVOS/tutos-Angular-Laravel-Codeigniter-Ionic-Flexbox-CSS/udemy/angular/citasMedicas/backend-api-citas/vendor/laravel/framework/src/Illuminate/Console/Command.php(136): Illuminate\\Container\\Container->call(Array)
#25 /Volumes/ARCHIVOS/tutos-Angular-Laravel-Codeigniter-Ionic-Flexbox-CSS/udemy/angular/citasMedicas/backend-api-citas/vendor/symfony/console/Command/Command.php(298): Illuminate\\Console\\Command->execute(Object(Symfony\\Component\\Console\\Input\\ArgvInput), Object(Illuminate\\Console\\OutputStyle))
#26 /Volumes/ARCHIVOS/tutos-Angular-Laravel-Codeigniter-Ionic-Flexbox-CSS/udemy/angular/citasMedicas/backend-api-citas/vendor/laravel/framework/src/Illuminate/Console/Command.php(120): Symfony\\Component\\Console\\Command\\Command->run(Object(Symfony\\Component\\Console\\Input\\ArgvInput), Object(Illuminate\\Console\\OutputStyle))
#27 /Volumes/ARCHIVOS/tutos-Angular-Laravel-Codeigniter-Ionic-Flexbox-CSS/udemy/angular/citasMedicas/backend-api-citas/vendor/symfony/console/Application.php(1040): Illuminate\\Console\\Command->run(Object(Symfony\\Component\\Console\\Input\\ArgvInput), Object(Symfony\\Component\\Console\\Output\\ConsoleOutput))
#28 /Volumes/ARCHIVOS/tutos-Angular-Laravel-Codeigniter-Ionic-Flexbox-CSS/udemy/angular/citasMedicas/backend-api-citas/vendor/symfony/console/Application.php(301): Symfony\\Component\\Console\\Application->doRunCommand(Object(App\\Console\\Commands\\NotificationAppointments), Object(Symfony\\Component\\Console\\Input\\ArgvInput), Object(Symfony\\Component\\Console\\Output\\ConsoleOutput))
#29 /Volumes/ARCHIVOS/tutos-Angular-Laravel-Codeigniter-Ionic-Flexbox-CSS/udemy/angular/citasMedicas/backend-api-citas/vendor/symfony/console/Application.php(171): Symfony\\Component\\Console\\Application->doRun(Object(Symfony\\Component\\Console\\Input\\ArgvInput), Object(Symfony\\Component\\Console\\Output\\ConsoleOutput))
#30 /Volumes/ARCHIVOS/tutos-Angular-Laravel-Codeigniter-Ionic-Flexbox-CSS/udemy/angular/citasMedicas/backend-api-citas/vendor/laravel/framework/src/Illuminate/Console/Application.php(94): Symfony\\Component\\Console\\Application->run(Object(Symfony\\Component\\Console\\Input\\ArgvInput), Object(Symfony\\Component\\Console\\Output\\ConsoleOutput))
#31 /Volumes/ARCHIVOS/tutos-Angular-Laravel-Codeigniter-Ionic-Flexbox-CSS/udemy/angular/citasMedicas/backend-api-citas/vendor/laravel/framework/src/Illuminate/Foundation/Console/Kernel.php(129): Illuminate\\Console\\Application->run(Object(Symfony\\Component\\Console\\Input\\ArgvInput), Object(Symfony\\Component\\Console\\Output\\ConsoleOutput))
#32 /Volumes/ARCHIVOS/tutos-Angular-Laravel-Codeigniter-Ionic-Flexbox-CSS/udemy/angular/citasMedicas/backend-api-citas/artisan(35): Illuminate\\Foundation\\Console\\Kernel->handle(Object(Symfony\\Component\\Console\\Input\\ArgvInput), Object(Symfony\\Component\\Console\\Output\\ConsoleOutput))
#33 {main}
"} 
