[2023-12-13 20:34:09] local.ERROR: foreach() argument must be of type array|object, null given {"exception":"[object] (ErrorException(code: 0): foreach() argument must be of type array|object, null given at /Volumes/ARCHIVOS/tutos-Angular-Laravel-Codeigniter-Ionic-Flexbox-CSS/udemy/angular/citasMedicas/backend-api-citas/app/Http/Controllers/Admin/Doctor/DoctorController.php:302)
[stacktrace]
#0 /Volumes/ARCHIVOS/tutos-Angular-Laravel-Codeigniter-Ionic-Flexbox-CSS/udemy/angular/citasMedicas/backend-api-citas/app/Http/Controllers/Admin/Doctor/DoctorController.php(302): Illuminate\\Foundation\\Bootstrap\\HandleExceptions->handleError(2, 'foreach() argum...', '/Volumes/ARCHIV...', 302)
#1 /Volumes/ARCHIVOS/tutos-Angular-Laravel-Codeigniter-Ionic-Flexbox-CSS/udemy/angular/citasMedicas/backend-api-citas/vendor/laravel/framework/src/Illuminate/Routing/Controller.php(54): App\\Http\\Controllers\\Admin\\Doctor\\DoctorController->update(Object(Illuminate\\Http\\Request), '2')
#2 /Volumes/ARCHIVOS/tutos-Angular-Laravel-Codeigniter-Ionic-Flexbox-CSS/udemy/angular/citasMedicas/backend-api-citas/vendor/laravel/framework/src/Illuminate/Routing/ControllerDispatcher.php(45): Illuminate\\Routing\\Controller->callAction('update', Array)
#3 /Volumes/ARCHIVOS/tutos-Angular-Laravel-Codeigniter-Ionic-Flexbox-CSS/udemy/angular/citasMedicas/backend-api-citas/vendor/laravel/framework/src/Illuminate/Routing/Route.php(261): Illuminate\\Routing\\ControllerDispatcher->dispatch(Object(Illuminate\\Routing\\Route), Object(App\\Http\\Controllers\\Admin\\Doctor\\DoctorController), 'update')
#4 /Volumes/ARCHIVOS/tutos-Angular-Laravel-Codeigniter-Ionic-Flexbox-CSS/udemy/angular/citasMedicas/backend-api-citas/vendor/laravel/framework/src/Illuminate/Routing/Route.php(205): Illuminate\\Routing\\Route->runController()
#5 /Volumes/ARCHIVOS/tutos-Angular-Laravel-Codeigniter-Ionic-Flexbox-CSS/udemy/angular/citasMedicas/backend-api-citas/vendor/laravel/framework/src/Illuminate/Routing/Router.php(721): Illuminate\\Routing\\Route->run()
#6 /Volumes/ARCHIVOS/tutos-Angular-Laravel-Codeigniter-Ionic-Flexbox-CSS/udemy/angular/citasMedicas/backend-api-citas/vendor/laravel/framework/src/Illuminate/Pipeline/Pipeline.php(128): Illuminate\\Routing\\Router->Illuminate\\Routing\\{closure}(Object(Illuminate\\Http\\Request))
#7 /Volumes/ARCHIVOS/tutos-Angular-Laravel-Codeigniter-Ionic-Flexbox-CSS/udemy/angular/citasMedicas/backend-api-citas/vendor/laravel/framework/src/Illuminate/Routing/Middleware/SubstituteBindings.php(50): Illuminate\\Pipeline\\Pipeline->Illuminate\\Pipeline\\{closure}(Object(Illuminate\\Http\\Request))
#8 /Volumes/ARCHIVOS/tutos-Angular-Laravel-Codeigniter-Ionic-Flexbox-CSS/udemy/angular/citasMedicas/backend-api-citas/vendor/laravel/framework/src/Illuminate/Pipeline/Pipeline.php(167): Illuminate\\Routing\\Middleware\\SubstituteBindings->handle(Object(Illuminate\\Http\\Request), Object(Closure))
#9 /Volumes/ARCHIVOS/tutos-Angular-Laravel-Codeigniter-Ionic-Flexbox-CSS/udemy/angular/citasMedicas/backend-api-citas/vendor/laravel/framework/src/Illuminate/Routing/Middleware/ThrottleRequests.php(127): Illuminate\\Pipeline\\Pipeline->Illuminate\\Pipeline\\{closure}(Object(Illuminate\\Http\\Request))
#10 /Volumes/ARCHIVOS/tutos-Angular-Laravel-Codeigniter-Ionic-Flexbox-CSS/udemy/angular/citasMedicas/backend-api-citas/vendor/laravel/framework/src/Illuminate/Routing/Middleware/ThrottleRequests.php(93): Illuminate\\Routing\\Middleware\\ThrottleRequests->handleRequest(Object(Illuminate\\Http\\Request), Object(Closure), Array)
#11 /Volumes/ARCHIVOS/tutos-Angular-Laravel-Codeigniter-Ionic-Flexbox-CSS/udemy/angular/citasMedicas/backend-api-citas/vendor/laravel/framework/src/Illuminate/Routing/Middleware/ThrottleRequests.php(55): Illuminate\\Routing\\Middleware\\ThrottleRequests->handleRequestUsingNamedLimiter(Object(Illuminate\\Http\\Request), Object(Closure), 'api', Object(Closure))
#12 /Volumes/ARCHIVOS/tutos-Angular-Laravel-Codeigniter-Ionic-Flexbox-CSS/udemy/angular/citasMedicas/backend-api-citas/vendor/laravel/framework/src/Illuminate/Pipeline/Pipeline.php(167): Illuminate\\Routing\\Middleware\\ThrottleRequests->handle(Object(Illuminate\\Http\\Request), Object(Closure), 'api')
#13 /Volumes/ARCHIVOS/tutos-Angular-Laravel-Codeigniter-Ionic-Flexbox-CSS/udemy/angular/citasMedicas/backend-api-citas/vendor/laravel/framework/src/Illuminate/Pipeline/Pipeline.php(103): Illuminate\\Pipeline\\Pipeline->Illuminate\\Pipeline\\{closure}(Object(Illuminate\\Http\\Request))
#14 /Volumes/ARCHIVOS/tutos-Angular-Laravel-Codeigniter-Ionic-Flexbox-CSS/udemy/angular/citasMedicas/backend-api-citas/vendor/laravel/framework/src/Illuminate/Routing/Router.php(719): Illuminate\\Pipeline\\Pipeline->then(Object(Closure))
#15 /Volumes/ARCHIVOS/tutos-Angular-Laravel-Codeigniter-Ionic-Flexbox-CSS/udemy/angular/citasMedicas/backend-api-citas/vendor/laravel/framework/src/Illuminate/Routing/Router.php(698): Illuminate\\Routing\\Router->runRouteWithinStack(Object(Illuminate\\Routing\\Route), Object(Illuminate\\Http\\Request))
#16 /Volumes/ARCHIVOS/tutos-Angular-Laravel-Codeigniter-Ionic-Flexbox-CSS/udemy/angular/citasMedicas/backend-api-citas/vendor/laravel/framework/src/Illuminate/Routing/Router.php(662): Illuminate\\Routing\\Router->runRoute(Object(Illuminate\\Http\\Request), Object(Illuminate\\Routing\\Route))
#17 /Volumes/ARCHIVOS/tutos-Angular-Laravel-Codeigniter-Ionic-Flexbox-CSS/udemy/angular/citasMedicas/backend-api-citas/vendor/laravel/framework/src/Illuminate/Routing/Router.php(651): Illuminate\\Routing\\Router->dispatchToRoute(Object(Illuminate\\Http\\Request))
#18 /Volumes/ARCHIVOS/tutos-Angular-Laravel-Codeigniter-Ionic-Flexbox-CSS/udemy/angular/citasMedicas/backend-api-citas/vendor/laravel/framework/src/Illuminate/Foundation/Http/Kernel.php(167): Illuminate\\Routing\\Router->dispatch(Object(Illuminate\\Http\\Request))
#19 /Volumes/ARCHIVOS/tutos-Angular-Laravel-Codeigniter-Ionic-Flexbox-CSS/udemy/angular/citasMedicas/backend-api-citas/vendor/laravel/framework/src/Illuminate/Pipeline/Pipeline.php(128): Illuminate\\Foundation\\Http\\Kernel->Illuminate\\Foundation\\Http\\{closure}(Object(Illuminate\\Http\\Request))
#20 /Volumes/ARCHIVOS/tutos-Angular-Laravel-Codeigniter-Ionic-Flexbox-CSS/udemy/angular/citasMedicas/backend-api-citas/vendor/laravel/framework/src/Illuminate/Foundation/Http/Middleware/TransformsRequest.php(21): Illuminate\\Pipeline\\Pipeline->Illuminate\\Pipeline\\{closure}(Object(Illuminate\\Http\\Request))
#21 /Volumes/ARCHIVOS/tutos-Angular-Laravel-Codeigniter-Ionic-Flexbox-CSS/udemy/angular/citasMedicas/backend-api-citas/vendor/laravel/framework/src/Illuminate/Foundation/Http/Middleware/ConvertEmptyStringsToNull.php(31): Illuminate\\Foundation\\Http\\Middleware\\TransformsRequest->handle(Object(Illuminate\\Http\\Request), Object(Closure))
#22 /Volumes/ARCHIVOS/tutos-Angular-Laravel-Codeigniter-Ionic-Flexbox-CSS/udemy/angular/citasMedicas/backend-api-citas/vendor/laravel/framework/src/Illuminate/Pipeline/Pipeline.php(167): Illuminate\\Foundation\\Http\\Middleware\\ConvertEmptyStringsToNull->handle(Object(Illuminate\\Http\\Request), Object(Closure))
#23 /Volumes/ARCHIVOS/tutos-Angular-Laravel-Codeigniter-Ionic-Flexbox-CSS/udemy/angular/citasMedicas/backend-api-citas/vendor/laravel/framework/src/Illuminate/Foundation/Http/Middleware/TransformsRequest.php(21): Illuminate\\Pipeline\\Pipeline->Illuminate\\Pipeline\\{closure}(Object(Illuminate\\Http\\Request))
#24 /Volumes/ARCHIVOS/tutos-Angular-Laravel-Codeigniter-Ionic-Flexbox-CSS/udemy/angular/citasMedicas/backend-api-citas/vendor/laravel/framework/src/Illuminate/Foundation/Http/Middleware/TrimStrings.php(40): Illuminate\\Foundation\\Http\\Middleware\\TransformsRequest->handle(Object(Illuminate\\Http\\Request), Object(Closure))
#25 /Volumes/ARCHIVOS/tutos-Angular-Laravel-Codeigniter-Ionic-Flexbox-CSS/udemy/angular/citasMedicas/backend-api-citas/vendor/laravel/framework/src/Illuminate/Pipeline/Pipeline.php(167): Illuminate\\Foundation\\Http\\Middleware\\TrimStrings->handle(Object(Illuminate\\Http\\Request), Object(Closure))
#26 /Volumes/ARCHIVOS/tutos-Angular-Laravel-Codeigniter-Ionic-Flexbox-CSS/udemy/angular/citasMedicas/backend-api-citas/vendor/laravel/framework/src/Illuminate/Foundation/Http/Middleware/ValidatePostSize.php(27): Illuminate\\Pipeline\\Pipeline->Illuminate\\Pipeline\\{closure}(Object(Illuminate\\Http\\Request))
#27 /Volumes/ARCHIVOS/tutos-Angular-Laravel-Codeigniter-Ionic-Flexbox-CSS/udemy/angular/citasMedicas/backend-api-citas/vendor/laravel/framework/src/Illuminate/Pipeline/Pipeline.php(167): Illuminate\\Foundation\\Http\\Middleware\\ValidatePostSize->handle(Object(Illuminate\\Http\\Request), Object(Closure))
#28 /Volumes/ARCHIVOS/tutos-Angular-Laravel-Codeigniter-Ionic-Flexbox-CSS/udemy/angular/citasMedicas/backend-api-citas/vendor/laravel/framework/src/Illuminate/Foundation/Http/Middleware/PreventRequestsDuringMaintenance.php(86): Illuminate\\Pipeline\\Pipeline->Illuminate\\Pipeline\\{closure}(Object(Illuminate\\Http\\Request))
#29 /Volumes/ARCHIVOS/tutos-Angular-Laravel-Codeigniter-Ionic-Flexbox-CSS/udemy/angular/citasMedicas/backend-api-citas/vendor/laravel/framework/src/Illuminate/Pipeline/Pipeline.php(167): Illuminate\\Foundation\\Http\\Middleware\\PreventRequestsDuringMaintenance->handle(Object(Illuminate\\Http\\Request), Object(Closure))
#30 /Volumes/ARCHIVOS/tutos-Angular-Laravel-Codeigniter-Ionic-Flexbox-CSS/udemy/angular/citasMedicas/backend-api-citas/vendor/fruitcake/laravel-cors/src/HandleCors.php(52): Illuminate\\Pipeline\\Pipeline->Illuminate\\Pipeline\\{closure}(Object(Illuminate\\Http\\Request))
#31 /Volumes/ARCHIVOS/tutos-Angular-Laravel-Codeigniter-Ionic-Flexbox-CSS/udemy/angular/citasMedicas/backend-api-citas/vendor/laravel/framework/src/Illuminate/Pipeline/Pipeline.php(167): Fruitcake\\Cors\\HandleCors->handle(Object(Illuminate\\Http\\Request), Object(Closure))
#32 /Volumes/ARCHIVOS/tutos-Angular-Laravel-Codeigniter-Ionic-Flexbox-CSS/udemy/angular/citasMedicas/backend-api-citas/vendor/laravel/framework/src/Illuminate/Http/Middleware/TrustProxies.php(39): Illuminate\\Pipeline\\Pipeline->Illuminate\\Pipeline\\{closure}(Object(Illuminate\\Http\\Request))
#33 /Volumes/ARCHIVOS/tutos-Angular-Laravel-Codeigniter-Ionic-Flexbox-CSS/udemy/angular/citasMedicas/backend-api-citas/vendor/laravel/framework/src/Illuminate/Pipeline/Pipeline.php(167): Illuminate\\Http\\Middleware\\TrustProxies->handle(Object(Illuminate\\Http\\Request), Object(Closure))
#34 /Volumes/ARCHIVOS/tutos-Angular-Laravel-Codeigniter-Ionic-Flexbox-CSS/udemy/angular/citasMedicas/backend-api-citas/vendor/laravel/framework/src/Illuminate/Pipeline/Pipeline.php(103): Illuminate\\Pipeline\\Pipeline->Illuminate\\Pipeline\\{closure}(Object(Illuminate\\Http\\Request))
#35 /Volumes/ARCHIVOS/tutos-Angular-Laravel-Codeigniter-Ionic-Flexbox-CSS/udemy/angular/citasMedicas/backend-api-citas/vendor/laravel/framework/src/Illuminate/Foundation/Http/Kernel.php(142): Illuminate\\Pipeline\\Pipeline->then(Object(Closure))
#36 /Volumes/ARCHIVOS/tutos-Angular-Laravel-Codeigniter-Ionic-Flexbox-CSS/udemy/angular/citasMedicas/backend-api-citas/vendor/laravel/framework/src/Illuminate/Foundation/Http/Kernel.php(111): Illuminate\\Foundation\\Http\\Kernel->sendRequestThroughRouter(Object(Illuminate\\Http\\Request))
#37 /Volumes/ARCHIVOS/tutos-Angular-Laravel-Codeigniter-Ionic-Flexbox-CSS/udemy/angular/citasMedicas/backend-api-citas/public/index.php(51): Illuminate\\Foundation\\Http\\Kernel->handle(Object(Illuminate\\Http\\Request))
#38 /Volumes/ARCHIVOS/tutos-Angular-Laravel-Codeigniter-Ionic-Flexbox-CSS/udemy/angular/citasMedicas/backend-api-citas/server.php(21): require_once('/Volumes/ARCHIV...')
#39 {main}
"} 
