[2023-12-04 00:20:34] local.ERROR: Class "App\Http\Controllers\Admin\Doctor\UserCollection" not found {"userId":1,"exception":"[object] (Error(code: 0): Class \"App\\Http\\Controllers\\Admin\\Doctor\\UserCollection\" not found at /Volumes/ARCHIVOS/tutos-Angular-Laravel-Codeigniter-Ionic-Flexbox-CSS/udemy/angular/citasMedicas/backend-api-citas/app/Http/Controllers/Admin/Doctor/DoctorController.php:29)
[stacktrace]
#0 /Volumes/ARCHIVOS/tutos-Angular-Laravel-Codeigniter-Ionic-Flexbox-CSS/udemy/angular/citasMedicas/backend-api-citas/vendor/laravel/framework/src/Illuminate/Routing/Controller.php(54): App\\Http\\Controllers\\Admin\\Doctor\\DoctorController->index(Object(Illuminate\\Http\\Request))
#1 /Volumes/ARCHIVOS/tutos-Angular-Laravel-Codeigniter-Ionic-Flexbox-CSS/udemy/angular/citasMedicas/backend-api-citas/vendor/laravel/framework/src/Illuminate/Routing/ControllerDispatcher.php(45): Illuminate\\Routing\\Controller->callAction('index', Array)
#2 /Volumes/ARCHIVOS/tutos-Angular-Laravel-Codeigniter-Ionic-Flexbox-CSS/udemy/angular/citasMedicas/backend-api-citas/vendor/laravel/framework/src/Illuminate/Routing/Route.php(261): Illuminate\\Routing\\ControllerDispatcher->dispatch(Object(Illuminate\\Routing\\Route), Object(App\\Http\\Controllers\\Admin\\Doctor\\DoctorController), 'index')
#3 /Volumes/ARCHIVOS/tutos-Angular-Laravel-Codeigniter-Ionic-Flexbox-CSS/udemy/angular/citasMedicas/backend-api-citas/vendor/laravel/framework/src/Illuminate/Routing/Route.php(205): Illuminate\\Routing\\Route->runController()
#4 /Volumes/ARCHIVOS/tutos-Angular-Laravel-Codeigniter-Ionic-Flexbox-CSS/udemy/angular/citasMedicas/backend-api-citas/vendor/laravel/framework/src/Illuminate/Routing/Router.php(721): Illuminate\\Routing\\Route->run()
#5 /Volumes/ARCHIVOS/tutos-Angular-Laravel-Codeigniter-Ionic-Flexbox-CSS/udemy/angular/citasMedicas/backend-api-citas/vendor/laravel/framework/src/Illuminate/Pipeline/Pipeline.php(128): Illuminate\\Routing\\Router->Illuminate\\Routing\\{closure}(Object(Illuminate\\Http\\Request))
#6 /Volumes/ARCHIVOS/tutos-Angular-Laravel-Codeigniter-Ionic-Flexbox-CSS/udemy/angular/citasMedicas/backend-api-citas/vendor/laravel/framework/src/Illuminate/Routing/Middleware/SubstituteBindings.php(50): Illuminate\\Pipeline\\Pipeline->Illuminate\\Pipeline\\{closure}(Object(Illuminate\\Http\\Request))
#7 /Volumes/ARCHIVOS/tutos-Angular-Laravel-Codeigniter-Ionic-Flexbox-CSS/udemy/angular/citasMedicas/backend-api-citas/vendor/laravel/framework/src/Illuminate/Pipeline/Pipeline.php(167): Illuminate\\Routing\\Middleware\\SubstituteBindings->handle(Object(Illuminate\\Http\\Request), Object(Closure))
#8 /Volumes/ARCHIVOS/tutos-Angular-Laravel-Codeigniter-Ionic-Flexbox-CSS/udemy/angular/citasMedicas/backend-api-citas/vendor/laravel/framework/src/Illuminate/Routing/Middleware/ThrottleRequests.php(127): Illuminate\\Pipeline\\Pipeline->Illuminate\\Pipeline\\{closure}(Object(Illuminate\\Http\\Request))
#9 /Volumes/ARCHIVOS/tutos-Angular-Laravel-Codeigniter-Ionic-Flexbox-CSS/udemy/angular/citasMedicas/backend-api-citas/vendor/laravel/framework/src/Illuminate/Routing/Middleware/ThrottleRequests.php(93): Illuminate\\Routing\\Middleware\\ThrottleRequests->handleRequest(Object(Illuminate\\Http\\Request), Object(Closure), Array)
#10 /Volumes/ARCHIVOS/tutos-Angular-Laravel-Codeigniter-Ionic-Flexbox-CSS/udemy/angular/citasMedicas/backend-api-citas/vendor/laravel/framework/src/Illuminate/Routing/Middleware/ThrottleRequests.php(55): Illuminate\\Routing\\Middleware\\ThrottleRequests->handleRequestUsingNamedLimiter(Object(Illuminate\\Http\\Request), Object(Closure), 'api', Object(Closure))
#11 /Volumes/ARCHIVOS/tutos-Angular-Laravel-Codeigniter-Ionic-Flexbox-CSS/udemy/angular/citasMedicas/backend-api-citas/vendor/laravel/framework/src/Illuminate/Pipeline/Pipeline.php(167): Illuminate\\Routing\\Middleware\\ThrottleRequests->handle(Object(Illuminate\\Http\\Request), Object(Closure), 'api')
#12 /Volumes/ARCHIVOS/tutos-Angular-Laravel-Codeigniter-Ionic-Flexbox-CSS/udemy/angular/citasMedicas/backend-api-citas/vendor/laravel/framework/src/Illuminate/Pipeline/Pipeline.php(103): Illuminate\\Pipeline\\Pipeline->Illuminate\\Pipeline\\{closure}(Object(Illuminate\\Http\\Request))
#13 /Volumes/ARCHIVOS/tutos-Angular-Laravel-Codeigniter-Ionic-Flexbox-CSS/udemy/angular/citasMedicas/backend-api-citas/vendor/laravel/framework/src/Illuminate/Routing/Router.php(719): Illuminate\\Pipeline\\Pipeline->then(Object(Closure))
#14 /Volumes/ARCHIVOS/tutos-Angular-Laravel-Codeigniter-Ionic-Flexbox-CSS/udemy/angular/citasMedicas/backend-api-citas/vendor/laravel/framework/src/Illuminate/Routing/Router.php(698): Illuminate\\Routing\\Router->runRouteWithinStack(Object(Illuminate\\Routing\\Route), Object(Illuminate\\Http\\Request))
#15 /Volumes/ARCHIVOS/tutos-Angular-Laravel-Codeigniter-Ionic-Flexbox-CSS/udemy/angular/citasMedicas/backend-api-citas/vendor/laravel/framework/src/Illuminate/Routing/Router.php(662): Illuminate\\Routing\\Router->runRoute(Object(Illuminate\\Http\\Request), Object(Illuminate\\Routing\\Route))
#16 /Volumes/ARCHIVOS/tutos-Angular-Laravel-Codeigniter-Ionic-Flexbox-CSS/udemy/angular/citasMedicas/backend-api-citas/vendor/laravel/framework/src/Illuminate/Routing/Router.php(651): Illuminate\\Routing\\Router->dispatchToRoute(Object(Illuminate\\Http\\Request))
#17 /Volumes/ARCHIVOS/tutos-Angular-Laravel-Codeigniter-Ionic-Flexbox-CSS/udemy/angular/citasMedicas/backend-api-citas/vendor/laravel/framework/src/Illuminate/Foundation/Http/Kernel.php(167): Illuminate\\Routing\\Router->dispatch(Object(Illuminate\\Http\\Request))
#18 /Volumes/ARCHIVOS/tutos-Angular-Laravel-Codeigniter-Ionic-Flexbox-CSS/udemy/angular/citasMedicas/backend-api-citas/vendor/laravel/framework/src/Illuminate/Pipeline/Pipeline.php(128): Illuminate\\Foundation\\Http\\Kernel->Illuminate\\Foundation\\Http\\{closure}(Object(Illuminate\\Http\\Request))
#19 /Volumes/ARCHIVOS/tutos-Angular-Laravel-Codeigniter-Ionic-Flexbox-CSS/udemy/angular/citasMedicas/backend-api-citas/vendor/laravel/framework/src/Illuminate/Foundation/Http/Middleware/TransformsRequest.php(21): Illuminate\\Pipeline\\Pipeline->Illuminate\\Pipeline\\{closure}(Object(Illuminate\\Http\\Request))
#20 /Volumes/ARCHIVOS/tutos-Angular-Laravel-Codeigniter-Ionic-Flexbox-CSS/udemy/angular/citasMedicas/backend-api-citas/vendor/laravel/framework/src/Illuminate/Foundation/Http/Middleware/ConvertEmptyStringsToNull.php(31): Illuminate\\Foundation\\Http\\Middleware\\TransformsRequest->handle(Object(Illuminate\\Http\\Request), Object(Closure))
#21 /Volumes/ARCHIVOS/tutos-Angular-Laravel-Codeigniter-Ionic-Flexbox-CSS/udemy/angular/citasMedicas/backend-api-citas/vendor/laravel/framework/src/Illuminate/Pipeline/Pipeline.php(167): Illuminate\\Foundation\\Http\\Middleware\\ConvertEmptyStringsToNull->handle(Object(Illuminate\\Http\\Request), Object(Closure))
#22 /Volumes/ARCHIVOS/tutos-Angular-Laravel-Codeigniter-Ionic-Flexbox-CSS/udemy/angular/citasMedicas/backend-api-citas/vendor/laravel/framework/src/Illuminate/Foundation/Http/Middleware/TransformsRequest.php(21): Illuminate\\Pipeline\\Pipeline->Illuminate\\Pipeline\\{closure}(Object(Illuminate\\Http\\Request))
#23 /Volumes/ARCHIVOS/tutos-Angular-Laravel-Codeigniter-Ionic-Flexbox-CSS/udemy/angular/citasMedicas/backend-api-citas/vendor/laravel/framework/src/Illuminate/Foundation/Http/Middleware/TrimStrings.php(40): Illuminate\\Foundation\\Http\\Middleware\\TransformsRequest->handle(Object(Illuminate\\Http\\Request), Object(Closure))
#24 /Volumes/ARCHIVOS/tutos-Angular-Laravel-Codeigniter-Ionic-Flexbox-CSS/udemy/angular/citasMedicas/backend-api-citas/vendor/laravel/framework/src/Illuminate/Pipeline/Pipeline.php(167): Illuminate\\Foundation\\Http\\Middleware\\TrimStrings->handle(Object(Illuminate\\Http\\Request), Object(Closure))
#25 /Volumes/ARCHIVOS/tutos-Angular-Laravel-Codeigniter-Ionic-Flexbox-CSS/udemy/angular/citasMedicas/backend-api-citas/vendor/laravel/framework/src/Illuminate/Foundation/Http/Middleware/ValidatePostSize.php(27): Illuminate\\Pipeline\\Pipeline->Illuminate\\Pipeline\\{closure}(Object(Illuminate\\Http\\Request))
#26 /Volumes/ARCHIVOS/tutos-Angular-Laravel-Codeigniter-Ionic-Flexbox-CSS/udemy/angular/citasMedicas/backend-api-citas/vendor/laravel/framework/src/Illuminate/Pipeline/Pipeline.php(167): Illuminate\\Foundation\\Http\\Middleware\\ValidatePostSize->handle(Object(Illuminate\\Http\\Request), Object(Closure))
#27 /Volumes/ARCHIVOS/tutos-Angular-Laravel-Codeigniter-Ionic-Flexbox-CSS/udemy/angular/citasMedicas/backend-api-citas/vendor/laravel/framework/src/Illuminate/Foundation/Http/Middleware/PreventRequestsDuringMaintenance.php(86): Illuminate\\Pipeline\\Pipeline->Illuminate\\Pipeline\\{closure}(Object(Illuminate\\Http\\Request))
#28 /Volumes/ARCHIVOS/tutos-Angular-Laravel-Codeigniter-Ionic-Flexbox-CSS/udemy/angular/citasMedicas/backend-api-citas/vendor/laravel/framework/src/Illuminate/Pipeline/Pipeline.php(167): Illuminate\\Foundation\\Http\\Middleware\\PreventRequestsDuringMaintenance->handle(Object(Illuminate\\Http\\Request), Object(Closure))
#29 /Volumes/ARCHIVOS/tutos-Angular-Laravel-Codeigniter-Ionic-Flexbox-CSS/udemy/angular/citasMedicas/backend-api-citas/vendor/fruitcake/laravel-cors/src/HandleCors.php(52): Illuminate\\Pipeline\\Pipeline->Illuminate\\Pipeline\\{closure}(Object(Illuminate\\Http\\Request))
#30 /Volumes/ARCHIVOS/tutos-Angular-Laravel-Codeigniter-Ionic-Flexbox-CSS/udemy/angular/citasMedicas/backend-api-citas/vendor/laravel/framework/src/Illuminate/Pipeline/Pipeline.php(167): Fruitcake\\Cors\\HandleCors->handle(Object(Illuminate\\Http\\Request), Object(Closure))
#31 /Volumes/ARCHIVOS/tutos-Angular-Laravel-Codeigniter-Ionic-Flexbox-CSS/udemy/angular/citasMedicas/backend-api-citas/vendor/laravel/framework/src/Illuminate/Http/Middleware/TrustProxies.php(39): Illuminate\\Pipeline\\Pipeline->Illuminate\\Pipeline\\{closure}(Object(Illuminate\\Http\\Request))
#32 /Volumes/ARCHIVOS/tutos-Angular-Laravel-Codeigniter-Ionic-Flexbox-CSS/udemy/angular/citasMedicas/backend-api-citas/vendor/laravel/framework/src/Illuminate/Pipeline/Pipeline.php(167): Illuminate\\Http\\Middleware\\TrustProxies->handle(Object(Illuminate\\Http\\Request), Object(Closure))
#33 /Volumes/ARCHIVOS/tutos-Angular-Laravel-Codeigniter-Ionic-Flexbox-CSS/udemy/angular/citasMedicas/backend-api-citas/vendor/laravel/framework/src/Illuminate/Pipeline/Pipeline.php(103): Illuminate\\Pipeline\\Pipeline->Illuminate\\Pipeline\\{closure}(Object(Illuminate\\Http\\Request))
#34 /Volumes/ARCHIVOS/tutos-Angular-Laravel-Codeigniter-Ionic-Flexbox-CSS/udemy/angular/citasMedicas/backend-api-citas/vendor/laravel/framework/src/Illuminate/Foundation/Http/Kernel.php(142): Illuminate\\Pipeline\\Pipeline->then(Object(Closure))
#35 /Volumes/ARCHIVOS/tutos-Angular-Laravel-Codeigniter-Ionic-Flexbox-CSS/udemy/angular/citasMedicas/backend-api-citas/vendor/laravel/framework/src/Illuminate/Foundation/Http/Kernel.php(111): Illuminate\\Foundation\\Http\\Kernel->sendRequestThroughRouter(Object(Illuminate\\Http\\Request))
#36 /Volumes/ARCHIVOS/tutos-Angular-Laravel-Codeigniter-Ionic-Flexbox-CSS/udemy/angular/citasMedicas/backend-api-citas/public/index.php(51): Illuminate\\Foundation\\Http\\Kernel->handle(Object(Illuminate\\Http\\Request))
#37 /Volumes/ARCHIVOS/tutos-Angular-Laravel-Codeigniter-Ionic-Flexbox-CSS/udemy/angular/citasMedicas/backend-api-citas/server.php(21): require_once('/Volumes/ARCHIV...')
#38 {main}
"} 
[2023-12-04 00:28:45] local.ERROR: Target class [DoctorController] does not exist. {"userId":1,"exception":"[object] (Illuminate\\Contracts\\Container\\BindingResolutionException(code: 0): Target class [DoctorController] does not exist. at /Volumes/ARCHIVOS/tutos-Angular-Laravel-Codeigniter-Ionic-Flexbox-CSS/udemy/angular/citasMedicas/backend-api-citas/vendor/laravel/framework/src/Illuminate/Container/Container.php:879)
[stacktrace]
#0 /Volumes/ARCHIVOS/tutos-Angular-Laravel-Codeigniter-Ionic-Flexbox-CSS/udemy/angular/citasMedicas/backend-api-citas/vendor/laravel/framework/src/Illuminate/Container/Container.php(758): Illuminate\\Container\\Container->build('DoctorControlle...')
#1 /Volumes/ARCHIVOS/tutos-Angular-Laravel-Codeigniter-Ionic-Flexbox-CSS/udemy/angular/citasMedicas/backend-api-citas/vendor/laravel/framework/src/Illuminate/Foundation/Application.php(851): Illuminate\\Container\\Container->resolve('DoctorControlle...', Array, true)
#2 /Volumes/ARCHIVOS/tutos-Angular-Laravel-Codeigniter-Ionic-Flexbox-CSS/udemy/angular/citasMedicas/backend-api-citas/vendor/laravel/framework/src/Illuminate/Container/Container.php(694): Illuminate\\Foundation\\Application->resolve('DoctorControlle...', Array)
#3 /Volumes/ARCHIVOS/tutos-Angular-Laravel-Codeigniter-Ionic-Flexbox-CSS/udemy/angular/citasMedicas/backend-api-citas/vendor/laravel/framework/src/Illuminate/Foundation/Application.php(836): Illuminate\\Container\\Container->make('DoctorControlle...', Array)
#4 /Volumes/ARCHIVOS/tutos-Angular-Laravel-Codeigniter-Ionic-Flexbox-CSS/udemy/angular/citasMedicas/backend-api-citas/vendor/laravel/framework/src/Illuminate/Routing/Route.php(276): Illuminate\\Foundation\\Application->make('DoctorControlle...')
#5 /Volumes/ARCHIVOS/tutos-Angular-Laravel-Codeigniter-Ionic-Flexbox-CSS/udemy/angular/citasMedicas/backend-api-citas/vendor/laravel/framework/src/Illuminate/Routing/Route.php(1080): Illuminate\\Routing\\Route->getController()
#6 /Volumes/ARCHIVOS/tutos-Angular-Laravel-Codeigniter-Ionic-Flexbox-CSS/udemy/angular/citasMedicas/backend-api-citas/vendor/laravel/framework/src/Illuminate/Routing/Route.php(1023): Illuminate\\Routing\\Route->controllerMiddleware()
#7 /Volumes/ARCHIVOS/tutos-Angular-Laravel-Codeigniter-Ionic-Flexbox-CSS/udemy/angular/citasMedicas/backend-api-citas/vendor/laravel/framework/src/Illuminate/Routing/Router.php(734): Illuminate\\Routing\\Route->gatherMiddleware()
#8 /Volumes/ARCHIVOS/tutos-Angular-Laravel-Codeigniter-Ionic-Flexbox-CSS/udemy/angular/citasMedicas/backend-api-citas/vendor/laravel/framework/src/Illuminate/Routing/Router.php(714): Illuminate\\Routing\\Router->gatherRouteMiddleware(Object(Illuminate\\Routing\\Route))
#9 /Volumes/ARCHIVOS/tutos-Angular-Laravel-Codeigniter-Ionic-Flexbox-CSS/udemy/angular/citasMedicas/backend-api-citas/vendor/laravel/framework/src/Illuminate/Routing/Router.php(698): Illuminate\\Routing\\Router->runRouteWithinStack(Object(Illuminate\\Routing\\Route), Object(Illuminate\\Http\\Request))
#10 /Volumes/ARCHIVOS/tutos-Angular-Laravel-Codeigniter-Ionic-Flexbox-CSS/udemy/angular/citasMedicas/backend-api-citas/vendor/laravel/framework/src/Illuminate/Routing/Router.php(662): Illuminate\\Routing\\Router->runRoute(Object(Illuminate\\Http\\Request), Object(Illuminate\\Routing\\Route))
#11 /Volumes/ARCHIVOS/tutos-Angular-Laravel-Codeigniter-Ionic-Flexbox-CSS/udemy/angular/citasMedicas/backend-api-citas/vendor/laravel/framework/src/Illuminate/Routing/Router.php(651): Illuminate\\Routing\\Router->dispatchToRoute(Object(Illuminate\\Http\\Request))
#12 /Volumes/ARCHIVOS/tutos-Angular-Laravel-Codeigniter-Ionic-Flexbox-CSS/udemy/angular/citasMedicas/backend-api-citas/vendor/laravel/framework/src/Illuminate/Foundation/Http/Kernel.php(167): Illuminate\\Routing\\Router->dispatch(Object(Illuminate\\Http\\Request))
#13 /Volumes/ARCHIVOS/tutos-Angular-Laravel-Codeigniter-Ionic-Flexbox-CSS/udemy/angular/citasMedicas/backend-api-citas/vendor/laravel/framework/src/Illuminate/Pipeline/Pipeline.php(128): Illuminate\\Foundation\\Http\\Kernel->Illuminate\\Foundation\\Http\\{closure}(Object(Illuminate\\Http\\Request))
#14 /Volumes/ARCHIVOS/tutos-Angular-Laravel-Codeigniter-Ionic-Flexbox-CSS/udemy/angular/citasMedicas/backend-api-citas/vendor/laravel/framework/src/Illuminate/Foundation/Http/Middleware/TransformsRequest.php(21): Illuminate\\Pipeline\\Pipeline->Illuminate\\Pipeline\\{closure}(Object(Illuminate\\Http\\Request))
#15 /Volumes/ARCHIVOS/tutos-Angular-Laravel-Codeigniter-Ionic-Flexbox-CSS/udemy/angular/citasMedicas/backend-api-citas/vendor/laravel/framework/src/Illuminate/Foundation/Http/Middleware/ConvertEmptyStringsToNull.php(31): Illuminate\\Foundation\\Http\\Middleware\\TransformsRequest->handle(Object(Illuminate\\Http\\Request), Object(Closure))
#16 /Volumes/ARCHIVOS/tutos-Angular-Laravel-Codeigniter-Ionic-Flexbox-CSS/udemy/angular/citasMedicas/backend-api-citas/vendor/laravel/framework/src/Illuminate/Pipeline/Pipeline.php(167): Illuminate\\Foundation\\Http\\Middleware\\ConvertEmptyStringsToNull->handle(Object(Illuminate\\Http\\Request), Object(Closure))
#17 /Volumes/ARCHIVOS/tutos-Angular-Laravel-Codeigniter-Ionic-Flexbox-CSS/udemy/angular/citasMedicas/backend-api-citas/vendor/laravel/framework/src/Illuminate/Foundation/Http/Middleware/TransformsRequest.php(21): Illuminate\\Pipeline\\Pipeline->Illuminate\\Pipeline\\{closure}(Object(Illuminate\\Http\\Request))
#18 /Volumes/ARCHIVOS/tutos-Angular-Laravel-Codeigniter-Ionic-Flexbox-CSS/udemy/angular/citasMedicas/backend-api-citas/vendor/laravel/framework/src/Illuminate/Foundation/Http/Middleware/TrimStrings.php(40): Illuminate\\Foundation\\Http\\Middleware\\TransformsRequest->handle(Object(Illuminate\\Http\\Request), Object(Closure))
#19 /Volumes/ARCHIVOS/tutos-Angular-Laravel-Codeigniter-Ionic-Flexbox-CSS/udemy/angular/citasMedicas/backend-api-citas/vendor/laravel/framework/src/Illuminate/Pipeline/Pipeline.php(167): Illuminate\\Foundation\\Http\\Middleware\\TrimStrings->handle(Object(Illuminate\\Http\\Request), Object(Closure))
#20 /Volumes/ARCHIVOS/tutos-Angular-Laravel-Codeigniter-Ionic-Flexbox-CSS/udemy/angular/citasMedicas/backend-api-citas/vendor/laravel/framework/src/Illuminate/Foundation/Http/Middleware/ValidatePostSize.php(27): Illuminate\\Pipeline\\Pipeline->Illuminate\\Pipeline\\{closure}(Object(Illuminate\\Http\\Request))
#21 /Volumes/ARCHIVOS/tutos-Angular-Laravel-Codeigniter-Ionic-Flexbox-CSS/udemy/angular/citasMedicas/backend-api-citas/vendor/laravel/framework/src/Illuminate/Pipeline/Pipeline.php(167): Illuminate\\Foundation\\Http\\Middleware\\ValidatePostSize->handle(Object(Illuminate\\Http\\Request), Object(Closure))
#22 /Volumes/ARCHIVOS/tutos-Angular-Laravel-Codeigniter-Ionic-Flexbox-CSS/udemy/angular/citasMedicas/backend-api-citas/vendor/laravel/framework/src/Illuminate/Foundation/Http/Middleware/PreventRequestsDuringMaintenance.php(86): Illuminate\\Pipeline\\Pipeline->Illuminate\\Pipeline\\{closure}(Object(Illuminate\\Http\\Request))
#23 /Volumes/ARCHIVOS/tutos-Angular-Laravel-Codeigniter-Ionic-Flexbox-CSS/udemy/angular/citasMedicas/backend-api-citas/vendor/laravel/framework/src/Illuminate/Pipeline/Pipeline.php(167): Illuminate\\Foundation\\Http\\Middleware\\PreventRequestsDuringMaintenance->handle(Object(Illuminate\\Http\\Request), Object(Closure))
#24 /Volumes/ARCHIVOS/tutos-Angular-Laravel-Codeigniter-Ionic-Flexbox-CSS/udemy/angular/citasMedicas/backend-api-citas/vendor/fruitcake/laravel-cors/src/HandleCors.php(52): Illuminate\\Pipeline\\Pipeline->Illuminate\\Pipeline\\{closure}(Object(Illuminate\\Http\\Request))
#25 /Volumes/ARCHIVOS/tutos-Angular-Laravel-Codeigniter-Ionic-Flexbox-CSS/udemy/angular/citasMedicas/backend-api-citas/vendor/laravel/framework/src/Illuminate/Pipeline/Pipeline.php(167): Fruitcake\\Cors\\HandleCors->handle(Object(Illuminate\\Http\\Request), Object(Closure))
#26 /Volumes/ARCHIVOS/tutos-Angular-Laravel-Codeigniter-Ionic-Flexbox-CSS/udemy/angular/citasMedicas/backend-api-citas/vendor/laravel/framework/src/Illuminate/Http/Middleware/TrustProxies.php(39): Illuminate\\Pipeline\\Pipeline->Illuminate\\Pipeline\\{closure}(Object(Illuminate\\Http\\Request))
#27 /Volumes/ARCHIVOS/tutos-Angular-Laravel-Codeigniter-Ionic-Flexbox-CSS/udemy/angular/citasMedicas/backend-api-citas/vendor/laravel/framework/src/Illuminate/Pipeline/Pipeline.php(167): Illuminate\\Http\\Middleware\\TrustProxies->handle(Object(Illuminate\\Http\\Request), Object(Closure))
#28 /Volumes/ARCHIVOS/tutos-Angular-Laravel-Codeigniter-Ionic-Flexbox-CSS/udemy/angular/citasMedicas/backend-api-citas/vendor/laravel/framework/src/Illuminate/Pipeline/Pipeline.php(103): Illuminate\\Pipeline\\Pipeline->Illuminate\\Pipeline\\{closure}(Object(Illuminate\\Http\\Request))
#29 /Volumes/ARCHIVOS/tutos-Angular-Laravel-Codeigniter-Ionic-Flexbox-CSS/udemy/angular/citasMedicas/backend-api-citas/vendor/laravel/framework/src/Illuminate/Foundation/Http/Kernel.php(142): Illuminate\\Pipeline\\Pipeline->then(Object(Closure))
#30 /Volumes/ARCHIVOS/tutos-Angular-Laravel-Codeigniter-Ionic-Flexbox-CSS/udemy/angular/citasMedicas/backend-api-citas/vendor/laravel/framework/src/Illuminate/Foundation/Http/Kernel.php(111): Illuminate\\Foundation\\Http\\Kernel->sendRequestThroughRouter(Object(Illuminate\\Http\\Request))
#31 /Volumes/ARCHIVOS/tutos-Angular-Laravel-Codeigniter-Ionic-Flexbox-CSS/udemy/angular/citasMedicas/backend-api-citas/public/index.php(51): Illuminate\\Foundation\\Http\\Kernel->handle(Object(Illuminate\\Http\\Request))
#32 /Volumes/ARCHIVOS/tutos-Angular-Laravel-Codeigniter-Ionic-Flexbox-CSS/udemy/angular/citasMedicas/backend-api-citas/server.php(21): require_once('/Volumes/ARCHIV...')
#33 {main}

[previous exception] [object] (ReflectionException(code: -1): Class \"DoctorController\" does not exist at /Volumes/ARCHIVOS/tutos-Angular-Laravel-Codeigniter-Ionic-Flexbox-CSS/udemy/angular/citasMedicas/backend-api-citas/vendor/laravel/framework/src/Illuminate/Container/Container.php:877)
[stacktrace]
#0 /Volumes/ARCHIVOS/tutos-Angular-Laravel-Codeigniter-Ionic-Flexbox-CSS/udemy/angular/citasMedicas/backend-api-citas/vendor/laravel/framework/src/Illuminate/Container/Container.php(877): ReflectionClass->__construct('DoctorControlle...')
#1 /Volumes/ARCHIVOS/tutos-Angular-Laravel-Codeigniter-Ionic-Flexbox-CSS/udemy/angular/citasMedicas/backend-api-citas/vendor/laravel/framework/src/Illuminate/Container/Container.php(758): Illuminate\\Container\\Container->build('DoctorControlle...')
#2 /Volumes/ARCHIVOS/tutos-Angular-Laravel-Codeigniter-Ionic-Flexbox-CSS/udemy/angular/citasMedicas/backend-api-citas/vendor/laravel/framework/src/Illuminate/Foundation/Application.php(851): Illuminate\\Container\\Container->resolve('DoctorControlle...', Array, true)
#3 /Volumes/ARCHIVOS/tutos-Angular-Laravel-Codeigniter-Ionic-Flexbox-CSS/udemy/angular/citasMedicas/backend-api-citas/vendor/laravel/framework/src/Illuminate/Container/Container.php(694): Illuminate\\Foundation\\Application->resolve('DoctorControlle...', Array)
#4 /Volumes/ARCHIVOS/tutos-Angular-Laravel-Codeigniter-Ionic-Flexbox-CSS/udemy/angular/citasMedicas/backend-api-citas/vendor/laravel/framework/src/Illuminate/Foundation/Application.php(836): Illuminate\\Container\\Container->make('DoctorControlle...', Array)
#5 /Volumes/ARCHIVOS/tutos-Angular-Laravel-Codeigniter-Ionic-Flexbox-CSS/udemy/angular/citasMedicas/backend-api-citas/vendor/laravel/framework/src/Illuminate/Routing/Route.php(276): Illuminate\\Foundation\\Application->make('DoctorControlle...')
#6 /Volumes/ARCHIVOS/tutos-Angular-Laravel-Codeigniter-Ionic-Flexbox-CSS/udemy/angular/citasMedicas/backend-api-citas/vendor/laravel/framework/src/Illuminate/Routing/Route.php(1080): Illuminate\\Routing\\Route->getController()
#7 /Volumes/ARCHIVOS/tutos-Angular-Laravel-Codeigniter-Ionic-Flexbox-CSS/udemy/angular/citasMedicas/backend-api-citas/vendor/laravel/framework/src/Illuminate/Routing/Route.php(1023): Illuminate\\Routing\\Route->controllerMiddleware()
#8 /Volumes/ARCHIVOS/tutos-Angular-Laravel-Codeigniter-Ionic-Flexbox-CSS/udemy/angular/citasMedicas/backend-api-citas/vendor/laravel/framework/src/Illuminate/Routing/Router.php(734): Illuminate\\Routing\\Route->gatherMiddleware()
#9 /Volumes/ARCHIVOS/tutos-Angular-Laravel-Codeigniter-Ionic-Flexbox-CSS/udemy/angular/citasMedicas/backend-api-citas/vendor/laravel/framework/src/Illuminate/Routing/Router.php(714): Illuminate\\Routing\\Router->gatherRouteMiddleware(Object(Illuminate\\Routing\\Route))
#10 /Volumes/ARCHIVOS/tutos-Angular-Laravel-Codeigniter-Ionic-Flexbox-CSS/udemy/angular/citasMedicas/backend-api-citas/vendor/laravel/framework/src/Illuminate/Routing/Router.php(698): Illuminate\\Routing\\Router->runRouteWithinStack(Object(Illuminate\\Routing\\Route), Object(Illuminate\\Http\\Request))
#11 /Volumes/ARCHIVOS/tutos-Angular-Laravel-Codeigniter-Ionic-Flexbox-CSS/udemy/angular/citasMedicas/backend-api-citas/vendor/laravel/framework/src/Illuminate/Routing/Router.php(662): Illuminate\\Routing\\Router->runRoute(Object(Illuminate\\Http\\Request), Object(Illuminate\\Routing\\Route))
#12 /Volumes/ARCHIVOS/tutos-Angular-Laravel-Codeigniter-Ionic-Flexbox-CSS/udemy/angular/citasMedicas/backend-api-citas/vendor/laravel/framework/src/Illuminate/Routing/Router.php(651): Illuminate\\Routing\\Router->dispatchToRoute(Object(Illuminate\\Http\\Request))
#13 /Volumes/ARCHIVOS/tutos-Angular-Laravel-Codeigniter-Ionic-Flexbox-CSS/udemy/angular/citasMedicas/backend-api-citas/vendor/laravel/framework/src/Illuminate/Foundation/Http/Kernel.php(167): Illuminate\\Routing\\Router->dispatch(Object(Illuminate\\Http\\Request))
#14 /Volumes/ARCHIVOS/tutos-Angular-Laravel-Codeigniter-Ionic-Flexbox-CSS/udemy/angular/citasMedicas/backend-api-citas/vendor/laravel/framework/src/Illuminate/Pipeline/Pipeline.php(128): Illuminate\\Foundation\\Http\\Kernel->Illuminate\\Foundation\\Http\\{closure}(Object(Illuminate\\Http\\Request))
#15 /Volumes/ARCHIVOS/tutos-Angular-Laravel-Codeigniter-Ionic-Flexbox-CSS/udemy/angular/citasMedicas/backend-api-citas/vendor/laravel/framework/src/Illuminate/Foundation/Http/Middleware/TransformsRequest.php(21): Illuminate\\Pipeline\\Pipeline->Illuminate\\Pipeline\\{closure}(Object(Illuminate\\Http\\Request))
#16 /Volumes/ARCHIVOS/tutos-Angular-Laravel-Codeigniter-Ionic-Flexbox-CSS/udemy/angular/citasMedicas/backend-api-citas/vendor/laravel/framework/src/Illuminate/Foundation/Http/Middleware/ConvertEmptyStringsToNull.php(31): Illuminate\\Foundation\\Http\\Middleware\\TransformsRequest->handle(Object(Illuminate\\Http\\Request), Object(Closure))
#17 /Volumes/ARCHIVOS/tutos-Angular-Laravel-Codeigniter-Ionic-Flexbox-CSS/udemy/angular/citasMedicas/backend-api-citas/vendor/laravel/framework/src/Illuminate/Pipeline/Pipeline.php(167): Illuminate\\Foundation\\Http\\Middleware\\ConvertEmptyStringsToNull->handle(Object(Illuminate\\Http\\Request), Object(Closure))
#18 /Volumes/ARCHIVOS/tutos-Angular-Laravel-Codeigniter-Ionic-Flexbox-CSS/udemy/angular/citasMedicas/backend-api-citas/vendor/laravel/framework/src/Illuminate/Foundation/Http/Middleware/TransformsRequest.php(21): Illuminate\\Pipeline\\Pipeline->Illuminate\\Pipeline\\{closure}(Object(Illuminate\\Http\\Request))
#19 /Volumes/ARCHIVOS/tutos-Angular-Laravel-Codeigniter-Ionic-Flexbox-CSS/udemy/angular/citasMedicas/backend-api-citas/vendor/laravel/framework/src/Illuminate/Foundation/Http/Middleware/TrimStrings.php(40): Illuminate\\Foundation\\Http\\Middleware\\TransformsRequest->handle(Object(Illuminate\\Http\\Request), Object(Closure))
#20 /Volumes/ARCHIVOS/tutos-Angular-Laravel-Codeigniter-Ionic-Flexbox-CSS/udemy/angular/citasMedicas/backend-api-citas/vendor/laravel/framework/src/Illuminate/Pipeline/Pipeline.php(167): Illuminate\\Foundation\\Http\\Middleware\\TrimStrings->handle(Object(Illuminate\\Http\\Request), Object(Closure))
#21 /Volumes/ARCHIVOS/tutos-Angular-Laravel-Codeigniter-Ionic-Flexbox-CSS/udemy/angular/citasMedicas/backend-api-citas/vendor/laravel/framework/src/Illuminate/Foundation/Http/Middleware/ValidatePostSize.php(27): Illuminate\\Pipeline\\Pipeline->Illuminate\\Pipeline\\{closure}(Object(Illuminate\\Http\\Request))
#22 /Volumes/ARCHIVOS/tutos-Angular-Laravel-Codeigniter-Ionic-Flexbox-CSS/udemy/angular/citasMedicas/backend-api-citas/vendor/laravel/framework/src/Illuminate/Pipeline/Pipeline.php(167): Illuminate\\Foundation\\Http\\Middleware\\ValidatePostSize->handle(Object(Illuminate\\Http\\Request), Object(Closure))
#23 /Volumes/ARCHIVOS/tutos-Angular-Laravel-Codeigniter-Ionic-Flexbox-CSS/udemy/angular/citasMedicas/backend-api-citas/vendor/laravel/framework/src/Illuminate/Foundation/Http/Middleware/PreventRequestsDuringMaintenance.php(86): Illuminate\\Pipeline\\Pipeline->Illuminate\\Pipeline\\{closure}(Object(Illuminate\\Http\\Request))
#24 /Volumes/ARCHIVOS/tutos-Angular-Laravel-Codeigniter-Ionic-Flexbox-CSS/udemy/angular/citasMedicas/backend-api-citas/vendor/laravel/framework/src/Illuminate/Pipeline/Pipeline.php(167): Illuminate\\Foundation\\Http\\Middleware\\PreventRequestsDuringMaintenance->handle(Object(Illuminate\\Http\\Request), Object(Closure))
#25 /Volumes/ARCHIVOS/tutos-Angular-Laravel-Codeigniter-Ionic-Flexbox-CSS/udemy/angular/citasMedicas/backend-api-citas/vendor/fruitcake/laravel-cors/src/HandleCors.php(52): Illuminate\\Pipeline\\Pipeline->Illuminate\\Pipeline\\{closure}(Object(Illuminate\\Http\\Request))
#26 /Volumes/ARCHIVOS/tutos-Angular-Laravel-Codeigniter-Ionic-Flexbox-CSS/udemy/angular/citasMedicas/backend-api-citas/vendor/laravel/framework/src/Illuminate/Pipeline/Pipeline.php(167): Fruitcake\\Cors\\HandleCors->handle(Object(Illuminate\\Http\\Request), Object(Closure))
#27 /Volumes/ARCHIVOS/tutos-Angular-Laravel-Codeigniter-Ionic-Flexbox-CSS/udemy/angular/citasMedicas/backend-api-citas/vendor/laravel/framework/src/Illuminate/Http/Middleware/TrustProxies.php(39): Illuminate\\Pipeline\\Pipeline->Illuminate\\Pipeline\\{closure}(Object(Illuminate\\Http\\Request))
#28 /Volumes/ARCHIVOS/tutos-Angular-Laravel-Codeigniter-Ionic-Flexbox-CSS/udemy/angular/citasMedicas/backend-api-citas/vendor/laravel/framework/src/Illuminate/Pipeline/Pipeline.php(167): Illuminate\\Http\\Middleware\\TrustProxies->handle(Object(Illuminate\\Http\\Request), Object(Closure))
#29 /Volumes/ARCHIVOS/tutos-Angular-Laravel-Codeigniter-Ionic-Flexbox-CSS/udemy/angular/citasMedicas/backend-api-citas/vendor/laravel/framework/src/Illuminate/Pipeline/Pipeline.php(103): Illuminate\\Pipeline\\Pipeline->Illuminate\\Pipeline\\{closure}(Object(Illuminate\\Http\\Request))
#30 /Volumes/ARCHIVOS/tutos-Angular-Laravel-Codeigniter-Ionic-Flexbox-CSS/udemy/angular/citasMedicas/backend-api-citas/vendor/laravel/framework/src/Illuminate/Foundation/Http/Kernel.php(142): Illuminate\\Pipeline\\Pipeline->then(Object(Closure))
#31 /Volumes/ARCHIVOS/tutos-Angular-Laravel-Codeigniter-Ionic-Flexbox-CSS/udemy/angular/citasMedicas/backend-api-citas/vendor/laravel/framework/src/Illuminate/Foundation/Http/Kernel.php(111): Illuminate\\Foundation\\Http\\Kernel->sendRequestThroughRouter(Object(Illuminate\\Http\\Request))
#32 /Volumes/ARCHIVOS/tutos-Angular-Laravel-Codeigniter-Ionic-Flexbox-CSS/udemy/angular/citasMedicas/backend-api-citas/public/index.php(51): Illuminate\\Foundation\\Http\\Kernel->handle(Object(Illuminate\\Http\\Request))
#33 /Volumes/ARCHIVOS/tutos-Angular-Laravel-Codeigniter-Ionic-Flexbox-CSS/udemy/angular/citasMedicas/backend-api-citas/server.php(21): require_once('/Volumes/ARCHIV...')
#34 {main}
"} 
[2023-12-04 02:54:14] local.ERROR: TCP/IP option is not available for error logging {"userId":1,"exception":"[object] (ValueError(code: 0): TCP/IP option is not available for error logging at /Volumes/ARCHIVOS/tutos-Angular-Laravel-Codeigniter-Ionic-Flexbox-CSS/udemy/angular/citasMedicas/backend-api-citas/app/Http/Controllers/Admin/Staff/StaffsController.php:163)
[stacktrace]
#0 /Volumes/ARCHIVOS/tutos-Angular-Laravel-Codeigniter-Ionic-Flexbox-CSS/udemy/angular/citasMedicas/backend-api-citas/app/Http/Controllers/Admin/Staff/StaffsController.php(163): error_log('user', 2)
#1 /Volumes/ARCHIVOS/tutos-Angular-Laravel-Codeigniter-Ionic-Flexbox-CSS/udemy/angular/citasMedicas/backend-api-citas/vendor/laravel/framework/src/Illuminate/Routing/Controller.php(54): App\\Http\\Controllers\\Admin\\Staff\\StaffsController->update(Object(Illuminate\\Http\\Request), '12')
#2 /Volumes/ARCHIVOS/tutos-Angular-Laravel-Codeigniter-Ionic-Flexbox-CSS/udemy/angular/citasMedicas/backend-api-citas/vendor/laravel/framework/src/Illuminate/Routing/ControllerDispatcher.php(45): Illuminate\\Routing\\Controller->callAction('update', Array)
#3 /Volumes/ARCHIVOS/tutos-Angular-Laravel-Codeigniter-Ionic-Flexbox-CSS/udemy/angular/citasMedicas/backend-api-citas/vendor/laravel/framework/src/Illuminate/Routing/Route.php(261): Illuminate\\Routing\\ControllerDispatcher->dispatch(Object(Illuminate\\Routing\\Route), Object(App\\Http\\Controllers\\Admin\\Staff\\StaffsController), 'update')
#4 /Volumes/ARCHIVOS/tutos-Angular-Laravel-Codeigniter-Ionic-Flexbox-CSS/udemy/angular/citasMedicas/backend-api-citas/vendor/laravel/framework/src/Illuminate/Routing/Route.php(205): Illuminate\\Routing\\Route->runController()
#5 /Volumes/ARCHIVOS/tutos-Angular-Laravel-Codeigniter-Ionic-Flexbox-CSS/udemy/angular/citasMedicas/backend-api-citas/vendor/laravel/framework/src/Illuminate/Routing/Router.php(721): Illuminate\\Routing\\Route->run()
#6 /Volumes/ARCHIVOS/tutos-Angular-Laravel-Codeigniter-Ionic-Flexbox-CSS/udemy/angular/citasMedicas/backend-api-citas/vendor/laravel/framework/src/Illuminate/Pipeline/Pipeline.php(128): Illuminate\\Routing\\Router->Illuminate\\Routing\\{closure}(Object(Illuminate\\Http\\Request))
#7 /Volumes/ARCHIVOS/tutos-Angular-Laravel-Codeigniter-Ionic-Flexbox-CSS/udemy/angular/citasMedicas/backend-api-citas/vendor/laravel/framework/src/Illuminate/Routing/Middleware/SubstituteBindings.php(50): Illuminate\\Pipeline\\Pipeline->Illuminate\\Pipeline\\{closure}(Object(Illuminate\\Http\\Request))
#8 /Volumes/ARCHIVOS/tutos-Angular-Laravel-Codeigniter-Ionic-Flexbox-CSS/udemy/angular/citasMedicas/backend-api-citas/vendor/laravel/framework/src/Illuminate/Pipeline/Pipeline.php(167): Illuminate\\Routing\\Middleware\\SubstituteBindings->handle(Object(Illuminate\\Http\\Request), Object(Closure))
#9 /Volumes/ARCHIVOS/tutos-Angular-Laravel-Codeigniter-Ionic-Flexbox-CSS/udemy/angular/citasMedicas/backend-api-citas/vendor/laravel/framework/src/Illuminate/Routing/Middleware/ThrottleRequests.php(127): Illuminate\\Pipeline\\Pipeline->Illuminate\\Pipeline\\{closure}(Object(Illuminate\\Http\\Request))
#10 /Volumes/ARCHIVOS/tutos-Angular-Laravel-Codeigniter-Ionic-Flexbox-CSS/udemy/angular/citasMedicas/backend-api-citas/vendor/laravel/framework/src/Illuminate/Routing/Middleware/ThrottleRequests.php(93): Illuminate\\Routing\\Middleware\\ThrottleRequests->handleRequest(Object(Illuminate\\Http\\Request), Object(Closure), Array)
#11 /Volumes/ARCHIVOS/tutos-Angular-Laravel-Codeigniter-Ionic-Flexbox-CSS/udemy/angular/citasMedicas/backend-api-citas/vendor/laravel/framework/src/Illuminate/Routing/Middleware/ThrottleRequests.php(55): Illuminate\\Routing\\Middleware\\ThrottleRequests->handleRequestUsingNamedLimiter(Object(Illuminate\\Http\\Request), Object(Closure), 'api', Object(Closure))
#12 /Volumes/ARCHIVOS/tutos-Angular-Laravel-Codeigniter-Ionic-Flexbox-CSS/udemy/angular/citasMedicas/backend-api-citas/vendor/laravel/framework/src/Illuminate/Pipeline/Pipeline.php(167): Illuminate\\Routing\\Middleware\\ThrottleRequests->handle(Object(Illuminate\\Http\\Request), Object(Closure), 'api')
#13 /Volumes/ARCHIVOS/tutos-Angular-Laravel-Codeigniter-Ionic-Flexbox-CSS/udemy/angular/citasMedicas/backend-api-citas/vendor/laravel/framework/src/Illuminate/Auth/Middleware/Authenticate.php(44): Illuminate\\Pipeline\\Pipeline->Illuminate\\Pipeline\\{closure}(Object(Illuminate\\Http\\Request))
#14 /Volumes/ARCHIVOS/tutos-Angular-Laravel-Codeigniter-Ionic-Flexbox-CSS/udemy/angular/citasMedicas/backend-api-citas/vendor/laravel/framework/src/Illuminate/Pipeline/Pipeline.php(167): Illuminate\\Auth\\Middleware\\Authenticate->handle(Object(Illuminate\\Http\\Request), Object(Closure), 'api')
#15 /Volumes/ARCHIVOS/tutos-Angular-Laravel-Codeigniter-Ionic-Flexbox-CSS/udemy/angular/citasMedicas/backend-api-citas/vendor/laravel/framework/src/Illuminate/Pipeline/Pipeline.php(103): Illuminate\\Pipeline\\Pipeline->Illuminate\\Pipeline\\{closure}(Object(Illuminate\\Http\\Request))
#16 /Volumes/ARCHIVOS/tutos-Angular-Laravel-Codeigniter-Ionic-Flexbox-CSS/udemy/angular/citasMedicas/backend-api-citas/vendor/laravel/framework/src/Illuminate/Routing/Router.php(719): Illuminate\\Pipeline\\Pipeline->then(Object(Closure))
#17 /Volumes/ARCHIVOS/tutos-Angular-Laravel-Codeigniter-Ionic-Flexbox-CSS/udemy/angular/citasMedicas/backend-api-citas/vendor/laravel/framework/src/Illuminate/Routing/Router.php(698): Illuminate\\Routing\\Router->runRouteWithinStack(Object(Illuminate\\Routing\\Route), Object(Illuminate\\Http\\Request))
#18 /Volumes/ARCHIVOS/tutos-Angular-Laravel-Codeigniter-Ionic-Flexbox-CSS/udemy/angular/citasMedicas/backend-api-citas/vendor/laravel/framework/src/Illuminate/Routing/Router.php(662): Illuminate\\Routing\\Router->runRoute(Object(Illuminate\\Http\\Request), Object(Illuminate\\Routing\\Route))
#19 /Volumes/ARCHIVOS/tutos-Angular-Laravel-Codeigniter-Ionic-Flexbox-CSS/udemy/angular/citasMedicas/backend-api-citas/vendor/laravel/framework/src/Illuminate/Routing/Router.php(651): Illuminate\\Routing\\Router->dispatchToRoute(Object(Illuminate\\Http\\Request))
#20 /Volumes/ARCHIVOS/tutos-Angular-Laravel-Codeigniter-Ionic-Flexbox-CSS/udemy/angular/citasMedicas/backend-api-citas/vendor/laravel/framework/src/Illuminate/Foundation/Http/Kernel.php(167): Illuminate\\Routing\\Router->dispatch(Object(Illuminate\\Http\\Request))
#21 /Volumes/ARCHIVOS/tutos-Angular-Laravel-Codeigniter-Ionic-Flexbox-CSS/udemy/angular/citasMedicas/backend-api-citas/vendor/laravel/framework/src/Illuminate/Pipeline/Pipeline.php(128): Illuminate\\Foundation\\Http\\Kernel->Illuminate\\Foundation\\Http\\{closure}(Object(Illuminate\\Http\\Request))
#22 /Volumes/ARCHIVOS/tutos-Angular-Laravel-Codeigniter-Ionic-Flexbox-CSS/udemy/angular/citasMedicas/backend-api-citas/vendor/laravel/framework/src/Illuminate/Foundation/Http/Middleware/TransformsRequest.php(21): Illuminate\\Pipeline\\Pipeline->Illuminate\\Pipeline\\{closure}(Object(Illuminate\\Http\\Request))
#23 /Volumes/ARCHIVOS/tutos-Angular-Laravel-Codeigniter-Ionic-Flexbox-CSS/udemy/angular/citasMedicas/backend-api-citas/vendor/laravel/framework/src/Illuminate/Foundation/Http/Middleware/ConvertEmptyStringsToNull.php(31): Illuminate\\Foundation\\Http\\Middleware\\TransformsRequest->handle(Object(Illuminate\\Http\\Request), Object(Closure))
#24 /Volumes/ARCHIVOS/tutos-Angular-Laravel-Codeigniter-Ionic-Flexbox-CSS/udemy/angular/citasMedicas/backend-api-citas/vendor/laravel/framework/src/Illuminate/Pipeline/Pipeline.php(167): Illuminate\\Foundation\\Http\\Middleware\\ConvertEmptyStringsToNull->handle(Object(Illuminate\\Http\\Request), Object(Closure))
#25 /Volumes/ARCHIVOS/tutos-Angular-Laravel-Codeigniter-Ionic-Flexbox-CSS/udemy/angular/citasMedicas/backend-api-citas/vendor/laravel/framework/src/Illuminate/Foundation/Http/Middleware/TransformsRequest.php(21): Illuminate\\Pipeline\\Pipeline->Illuminate\\Pipeline\\{closure}(Object(Illuminate\\Http\\Request))
#26 /Volumes/ARCHIVOS/tutos-Angular-Laravel-Codeigniter-Ionic-Flexbox-CSS/udemy/angular/citasMedicas/backend-api-citas/vendor/laravel/framework/src/Illuminate/Foundation/Http/Middleware/TrimStrings.php(40): Illuminate\\Foundation\\Http\\Middleware\\TransformsRequest->handle(Object(Illuminate\\Http\\Request), Object(Closure))
#27 /Volumes/ARCHIVOS/tutos-Angular-Laravel-Codeigniter-Ionic-Flexbox-CSS/udemy/angular/citasMedicas/backend-api-citas/vendor/laravel/framework/src/Illuminate/Pipeline/Pipeline.php(167): Illuminate\\Foundation\\Http\\Middleware\\TrimStrings->handle(Object(Illuminate\\Http\\Request), Object(Closure))
#28 /Volumes/ARCHIVOS/tutos-Angular-Laravel-Codeigniter-Ionic-Flexbox-CSS/udemy/angular/citasMedicas/backend-api-citas/vendor/laravel/framework/src/Illuminate/Foundation/Http/Middleware/ValidatePostSize.php(27): Illuminate\\Pipeline\\Pipeline->Illuminate\\Pipeline\\{closure}(Object(Illuminate\\Http\\Request))
#29 /Volumes/ARCHIVOS/tutos-Angular-Laravel-Codeigniter-Ionic-Flexbox-CSS/udemy/angular/citasMedicas/backend-api-citas/vendor/laravel/framework/src/Illuminate/Pipeline/Pipeline.php(167): Illuminate\\Foundation\\Http\\Middleware\\ValidatePostSize->handle(Object(Illuminate\\Http\\Request), Object(Closure))
#30 /Volumes/ARCHIVOS/tutos-Angular-Laravel-Codeigniter-Ionic-Flexbox-CSS/udemy/angular/citasMedicas/backend-api-citas/vendor/laravel/framework/src/Illuminate/Foundation/Http/Middleware/PreventRequestsDuringMaintenance.php(86): Illuminate\\Pipeline\\Pipeline->Illuminate\\Pipeline\\{closure}(Object(Illuminate\\Http\\Request))
#31 /Volumes/ARCHIVOS/tutos-Angular-Laravel-Codeigniter-Ionic-Flexbox-CSS/udemy/angular/citasMedicas/backend-api-citas/vendor/laravel/framework/src/Illuminate/Pipeline/Pipeline.php(167): Illuminate\\Foundation\\Http\\Middleware\\PreventRequestsDuringMaintenance->handle(Object(Illuminate\\Http\\Request), Object(Closure))
#32 /Volumes/ARCHIVOS/tutos-Angular-Laravel-Codeigniter-Ionic-Flexbox-CSS/udemy/angular/citasMedicas/backend-api-citas/vendor/fruitcake/laravel-cors/src/HandleCors.php(52): Illuminate\\Pipeline\\Pipeline->Illuminate\\Pipeline\\{closure}(Object(Illuminate\\Http\\Request))
#33 /Volumes/ARCHIVOS/tutos-Angular-Laravel-Codeigniter-Ionic-Flexbox-CSS/udemy/angular/citasMedicas/backend-api-citas/vendor/laravel/framework/src/Illuminate/Pipeline/Pipeline.php(167): Fruitcake\\Cors\\HandleCors->handle(Object(Illuminate\\Http\\Request), Object(Closure))
#34 /Volumes/ARCHIVOS/tutos-Angular-Laravel-Codeigniter-Ionic-Flexbox-CSS/udemy/angular/citasMedicas/backend-api-citas/vendor/laravel/framework/src/Illuminate/Http/Middleware/TrustProxies.php(39): Illuminate\\Pipeline\\Pipeline->Illuminate\\Pipeline\\{closure}(Object(Illuminate\\Http\\Request))
#35 /Volumes/ARCHIVOS/tutos-Angular-Laravel-Codeigniter-Ionic-Flexbox-CSS/udemy/angular/citasMedicas/backend-api-citas/vendor/laravel/framework/src/Illuminate/Pipeline/Pipeline.php(167): Illuminate\\Http\\Middleware\\TrustProxies->handle(Object(Illuminate\\Http\\Request), Object(Closure))
#36 /Volumes/ARCHIVOS/tutos-Angular-Laravel-Codeigniter-Ionic-Flexbox-CSS/udemy/angular/citasMedicas/backend-api-citas/vendor/laravel/framework/src/Illuminate/Pipeline/Pipeline.php(103): Illuminate\\Pipeline\\Pipeline->Illuminate\\Pipeline\\{closure}(Object(Illuminate\\Http\\Request))
#37 /Volumes/ARCHIVOS/tutos-Angular-Laravel-Codeigniter-Ionic-Flexbox-CSS/udemy/angular/citasMedicas/backend-api-citas/vendor/laravel/framework/src/Illuminate/Foundation/Http/Kernel.php(142): Illuminate\\Pipeline\\Pipeline->then(Object(Closure))
#38 /Volumes/ARCHIVOS/tutos-Angular-Laravel-Codeigniter-Ionic-Flexbox-CSS/udemy/angular/citasMedicas/backend-api-citas/vendor/laravel/framework/src/Illuminate/Foundation/Http/Kernel.php(111): Illuminate\\Foundation\\Http\\Kernel->sendRequestThroughRouter(Object(Illuminate\\Http\\Request))
#39 /Volumes/ARCHIVOS/tutos-Angular-Laravel-Codeigniter-Ionic-Flexbox-CSS/udemy/angular/citasMedicas/backend-api-citas/public/index.php(51): Illuminate\\Foundation\\Http\\Kernel->handle(Object(Illuminate\\Http\\Request))
#40 /Volumes/ARCHIVOS/tutos-Angular-Laravel-Codeigniter-Ionic-Flexbox-CSS/udemy/angular/citasMedicas/backend-api-citas/server.php(21): require_once('/Volumes/ARCHIV...')
#41 {main}
"} 
[2023-12-04 02:55:39] local.ERROR: TCP/IP option is not available for error logging {"userId":1,"exception":"[object] (ValueError(code: 0): TCP/IP option is not available for error logging at /Volumes/ARCHIVOS/tutos-Angular-Laravel-Codeigniter-Ionic-Flexbox-CSS/udemy/angular/citasMedicas/backend-api-citas/app/Http/Controllers/Admin/Staff/StaffsController.php:163)
[stacktrace]
#0 /Volumes/ARCHIVOS/tutos-Angular-Laravel-Codeigniter-Ionic-Flexbox-CSS/udemy/angular/citasMedicas/backend-api-citas/app/Http/Controllers/Admin/Staff/StaffsController.php(163): error_log('user', 2)
#1 /Volumes/ARCHIVOS/tutos-Angular-Laravel-Codeigniter-Ionic-Flexbox-CSS/udemy/angular/citasMedicas/backend-api-citas/vendor/laravel/framework/src/Illuminate/Routing/Controller.php(54): App\\Http\\Controllers\\Admin\\Staff\\StaffsController->update(Object(Illuminate\\Http\\Request), '12')
#2 /Volumes/ARCHIVOS/tutos-Angular-Laravel-Codeigniter-Ionic-Flexbox-CSS/udemy/angular/citasMedicas/backend-api-citas/vendor/laravel/framework/src/Illuminate/Routing/ControllerDispatcher.php(45): Illuminate\\Routing\\Controller->callAction('update', Array)
#3 /Volumes/ARCHIVOS/tutos-Angular-Laravel-Codeigniter-Ionic-Flexbox-CSS/udemy/angular/citasMedicas/backend-api-citas/vendor/laravel/framework/src/Illuminate/Routing/Route.php(261): Illuminate\\Routing\\ControllerDispatcher->dispatch(Object(Illuminate\\Routing\\Route), Object(App\\Http\\Controllers\\Admin\\Staff\\StaffsController), 'update')
#4 /Volumes/ARCHIVOS/tutos-Angular-Laravel-Codeigniter-Ionic-Flexbox-CSS/udemy/angular/citasMedicas/backend-api-citas/vendor/laravel/framework/src/Illuminate/Routing/Route.php(205): Illuminate\\Routing\\Route->runController()
#5 /Volumes/ARCHIVOS/tutos-Angular-Laravel-Codeigniter-Ionic-Flexbox-CSS/udemy/angular/citasMedicas/backend-api-citas/vendor/laravel/framework/src/Illuminate/Routing/Router.php(721): Illuminate\\Routing\\Route->run()
#6 /Volumes/ARCHIVOS/tutos-Angular-Laravel-Codeigniter-Ionic-Flexbox-CSS/udemy/angular/citasMedicas/backend-api-citas/vendor/laravel/framework/src/Illuminate/Pipeline/Pipeline.php(128): Illuminate\\Routing\\Router->Illuminate\\Routing\\{closure}(Object(Illuminate\\Http\\Request))
#7 /Volumes/ARCHIVOS/tutos-Angular-Laravel-Codeigniter-Ionic-Flexbox-CSS/udemy/angular/citasMedicas/backend-api-citas/vendor/laravel/framework/src/Illuminate/Routing/Middleware/SubstituteBindings.php(50): Illuminate\\Pipeline\\Pipeline->Illuminate\\Pipeline\\{closure}(Object(Illuminate\\Http\\Request))
#8 /Volumes/ARCHIVOS/tutos-Angular-Laravel-Codeigniter-Ionic-Flexbox-CSS/udemy/angular/citasMedicas/backend-api-citas/vendor/laravel/framework/src/Illuminate/Pipeline/Pipeline.php(167): Illuminate\\Routing\\Middleware\\SubstituteBindings->handle(Object(Illuminate\\Http\\Request), Object(Closure))
#9 /Volumes/ARCHIVOS/tutos-Angular-Laravel-Codeigniter-Ionic-Flexbox-CSS/udemy/angular/citasMedicas/backend-api-citas/vendor/laravel/framework/src/Illuminate/Routing/Middleware/ThrottleRequests.php(127): Illuminate\\Pipeline\\Pipeline->Illuminate\\Pipeline\\{closure}(Object(Illuminate\\Http\\Request))
#10 /Volumes/ARCHIVOS/tutos-Angular-Laravel-Codeigniter-Ionic-Flexbox-CSS/udemy/angular/citasMedicas/backend-api-citas/vendor/laravel/framework/src/Illuminate/Routing/Middleware/ThrottleRequests.php(93): Illuminate\\Routing\\Middleware\\ThrottleRequests->handleRequest(Object(Illuminate\\Http\\Request), Object(Closure), Array)
#11 /Volumes/ARCHIVOS/tutos-Angular-Laravel-Codeigniter-Ionic-Flexbox-CSS/udemy/angular/citasMedicas/backend-api-citas/vendor/laravel/framework/src/Illuminate/Routing/Middleware/ThrottleRequests.php(55): Illuminate\\Routing\\Middleware\\ThrottleRequests->handleRequestUsingNamedLimiter(Object(Illuminate\\Http\\Request), Object(Closure), 'api', Object(Closure))
#12 /Volumes/ARCHIVOS/tutos-Angular-Laravel-Codeigniter-Ionic-Flexbox-CSS/udemy/angular/citasMedicas/backend-api-citas/vendor/laravel/framework/src/Illuminate/Pipeline/Pipeline.php(167): Illuminate\\Routing\\Middleware\\ThrottleRequests->handle(Object(Illuminate\\Http\\Request), Object(Closure), 'api')
#13 /Volumes/ARCHIVOS/tutos-Angular-Laravel-Codeigniter-Ionic-Flexbox-CSS/udemy/angular/citasMedicas/backend-api-citas/vendor/laravel/framework/src/Illuminate/Auth/Middleware/Authenticate.php(44): Illuminate\\Pipeline\\Pipeline->Illuminate\\Pipeline\\{closure}(Object(Illuminate\\Http\\Request))
#14 /Volumes/ARCHIVOS/tutos-Angular-Laravel-Codeigniter-Ionic-Flexbox-CSS/udemy/angular/citasMedicas/backend-api-citas/vendor/laravel/framework/src/Illuminate/Pipeline/Pipeline.php(167): Illuminate\\Auth\\Middleware\\Authenticate->handle(Object(Illuminate\\Http\\Request), Object(Closure), 'api')
#15 /Volumes/ARCHIVOS/tutos-Angular-Laravel-Codeigniter-Ionic-Flexbox-CSS/udemy/angular/citasMedicas/backend-api-citas/vendor/laravel/framework/src/Illuminate/Pipeline/Pipeline.php(103): Illuminate\\Pipeline\\Pipeline->Illuminate\\Pipeline\\{closure}(Object(Illuminate\\Http\\Request))
#16 /Volumes/ARCHIVOS/tutos-Angular-Laravel-Codeigniter-Ionic-Flexbox-CSS/udemy/angular/citasMedicas/backend-api-citas/vendor/laravel/framework/src/Illuminate/Routing/Router.php(719): Illuminate\\Pipeline\\Pipeline->then(Object(Closure))
#17 /Volumes/ARCHIVOS/tutos-Angular-Laravel-Codeigniter-Ionic-Flexbox-CSS/udemy/angular/citasMedicas/backend-api-citas/vendor/laravel/framework/src/Illuminate/Routing/Router.php(698): Illuminate\\Routing\\Router->runRouteWithinStack(Object(Illuminate\\Routing\\Route), Object(Illuminate\\Http\\Request))
#18 /Volumes/ARCHIVOS/tutos-Angular-Laravel-Codeigniter-Ionic-Flexbox-CSS/udemy/angular/citasMedicas/backend-api-citas/vendor/laravel/framework/src/Illuminate/Routing/Router.php(662): Illuminate\\Routing\\Router->runRoute(Object(Illuminate\\Http\\Request), Object(Illuminate\\Routing\\Route))
#19 /Volumes/ARCHIVOS/tutos-Angular-Laravel-Codeigniter-Ionic-Flexbox-CSS/udemy/angular/citasMedicas/backend-api-citas/vendor/laravel/framework/src/Illuminate/Routing/Router.php(651): Illuminate\\Routing\\Router->dispatchToRoute(Object(Illuminate\\Http\\Request))
#20 /Volumes/ARCHIVOS/tutos-Angular-Laravel-Codeigniter-Ionic-Flexbox-CSS/udemy/angular/citasMedicas/backend-api-citas/vendor/laravel/framework/src/Illuminate/Foundation/Http/Kernel.php(167): Illuminate\\Routing\\Router->dispatch(Object(Illuminate\\Http\\Request))
#21 /Volumes/ARCHIVOS/tutos-Angular-Laravel-Codeigniter-Ionic-Flexbox-CSS/udemy/angular/citasMedicas/backend-api-citas/vendor/laravel/framework/src/Illuminate/Pipeline/Pipeline.php(128): Illuminate\\Foundation\\Http\\Kernel->Illuminate\\Foundation\\Http\\{closure}(Object(Illuminate\\Http\\Request))
#22 /Volumes/ARCHIVOS/tutos-Angular-Laravel-Codeigniter-Ionic-Flexbox-CSS/udemy/angular/citasMedicas/backend-api-citas/vendor/laravel/framework/src/Illuminate/Foundation/Http/Middleware/TransformsRequest.php(21): Illuminate\\Pipeline\\Pipeline->Illuminate\\Pipeline\\{closure}(Object(Illuminate\\Http\\Request))
#23 /Volumes/ARCHIVOS/tutos-Angular-Laravel-Codeigniter-Ionic-Flexbox-CSS/udemy/angular/citasMedicas/backend-api-citas/vendor/laravel/framework/src/Illuminate/Foundation/Http/Middleware/ConvertEmptyStringsToNull.php(31): Illuminate\\Foundation\\Http\\Middleware\\TransformsRequest->handle(Object(Illuminate\\Http\\Request), Object(Closure))
#24 /Volumes/ARCHIVOS/tutos-Angular-Laravel-Codeigniter-Ionic-Flexbox-CSS/udemy/angular/citasMedicas/backend-api-citas/vendor/laravel/framework/src/Illuminate/Pipeline/Pipeline.php(167): Illuminate\\Foundation\\Http\\Middleware\\ConvertEmptyStringsToNull->handle(Object(Illuminate\\Http\\Request), Object(Closure))
#25 /Volumes/ARCHIVOS/tutos-Angular-Laravel-Codeigniter-Ionic-Flexbox-CSS/udemy/angular/citasMedicas/backend-api-citas/vendor/laravel/framework/src/Illuminate/Foundation/Http/Middleware/TransformsRequest.php(21): Illuminate\\Pipeline\\Pipeline->Illuminate\\Pipeline\\{closure}(Object(Illuminate\\Http\\Request))
#26 /Volumes/ARCHIVOS/tutos-Angular-Laravel-Codeigniter-Ionic-Flexbox-CSS/udemy/angular/citasMedicas/backend-api-citas/vendor/laravel/framework/src/Illuminate/Foundation/Http/Middleware/TrimStrings.php(40): Illuminate\\Foundation\\Http\\Middleware\\TransformsRequest->handle(Object(Illuminate\\Http\\Request), Object(Closure))
#27 /Volumes/ARCHIVOS/tutos-Angular-Laravel-Codeigniter-Ionic-Flexbox-CSS/udemy/angular/citasMedicas/backend-api-citas/vendor/laravel/framework/src/Illuminate/Pipeline/Pipeline.php(167): Illuminate\\Foundation\\Http\\Middleware\\TrimStrings->handle(Object(Illuminate\\Http\\Request), Object(Closure))
#28 /Volumes/ARCHIVOS/tutos-Angular-Laravel-Codeigniter-Ionic-Flexbox-CSS/udemy/angular/citasMedicas/backend-api-citas/vendor/laravel/framework/src/Illuminate/Foundation/Http/Middleware/ValidatePostSize.php(27): Illuminate\\Pipeline\\Pipeline->Illuminate\\Pipeline\\{closure}(Object(Illuminate\\Http\\Request))
#29 /Volumes/ARCHIVOS/tutos-Angular-Laravel-Codeigniter-Ionic-Flexbox-CSS/udemy/angular/citasMedicas/backend-api-citas/vendor/laravel/framework/src/Illuminate/Pipeline/Pipeline.php(167): Illuminate\\Foundation\\Http\\Middleware\\ValidatePostSize->handle(Object(Illuminate\\Http\\Request), Object(Closure))
#30 /Volumes/ARCHIVOS/tutos-Angular-Laravel-Codeigniter-Ionic-Flexbox-CSS/udemy/angular/citasMedicas/backend-api-citas/vendor/laravel/framework/src/Illuminate/Foundation/Http/Middleware/PreventRequestsDuringMaintenance.php(86): Illuminate\\Pipeline\\Pipeline->Illuminate\\Pipeline\\{closure}(Object(Illuminate\\Http\\Request))
#31 /Volumes/ARCHIVOS/tutos-Angular-Laravel-Codeigniter-Ionic-Flexbox-CSS/udemy/angular/citasMedicas/backend-api-citas/vendor/laravel/framework/src/Illuminate/Pipeline/Pipeline.php(167): Illuminate\\Foundation\\Http\\Middleware\\PreventRequestsDuringMaintenance->handle(Object(Illuminate\\Http\\Request), Object(Closure))
#32 /Volumes/ARCHIVOS/tutos-Angular-Laravel-Codeigniter-Ionic-Flexbox-CSS/udemy/angular/citasMedicas/backend-api-citas/vendor/fruitcake/laravel-cors/src/HandleCors.php(52): Illuminate\\Pipeline\\Pipeline->Illuminate\\Pipeline\\{closure}(Object(Illuminate\\Http\\Request))
#33 /Volumes/ARCHIVOS/tutos-Angular-Laravel-Codeigniter-Ionic-Flexbox-CSS/udemy/angular/citasMedicas/backend-api-citas/vendor/laravel/framework/src/Illuminate/Pipeline/Pipeline.php(167): Fruitcake\\Cors\\HandleCors->handle(Object(Illuminate\\Http\\Request), Object(Closure))
#34 /Volumes/ARCHIVOS/tutos-Angular-Laravel-Codeigniter-Ionic-Flexbox-CSS/udemy/angular/citasMedicas/backend-api-citas/vendor/laravel/framework/src/Illuminate/Http/Middleware/TrustProxies.php(39): Illuminate\\Pipeline\\Pipeline->Illuminate\\Pipeline\\{closure}(Object(Illuminate\\Http\\Request))
#35 /Volumes/ARCHIVOS/tutos-Angular-Laravel-Codeigniter-Ionic-Flexbox-CSS/udemy/angular/citasMedicas/backend-api-citas/vendor/laravel/framework/src/Illuminate/Pipeline/Pipeline.php(167): Illuminate\\Http\\Middleware\\TrustProxies->handle(Object(Illuminate\\Http\\Request), Object(Closure))
#36 /Volumes/ARCHIVOS/tutos-Angular-Laravel-Codeigniter-Ionic-Flexbox-CSS/udemy/angular/citasMedicas/backend-api-citas/vendor/laravel/framework/src/Illuminate/Pipeline/Pipeline.php(103): Illuminate\\Pipeline\\Pipeline->Illuminate\\Pipeline\\{closure}(Object(Illuminate\\Http\\Request))
#37 /Volumes/ARCHIVOS/tutos-Angular-Laravel-Codeigniter-Ionic-Flexbox-CSS/udemy/angular/citasMedicas/backend-api-citas/vendor/laravel/framework/src/Illuminate/Foundation/Http/Kernel.php(142): Illuminate\\Pipeline\\Pipeline->then(Object(Closure))
#38 /Volumes/ARCHIVOS/tutos-Angular-Laravel-Codeigniter-Ionic-Flexbox-CSS/udemy/angular/citasMedicas/backend-api-citas/vendor/laravel/framework/src/Illuminate/Foundation/Http/Kernel.php(111): Illuminate\\Foundation\\Http\\Kernel->sendRequestThroughRouter(Object(Illuminate\\Http\\Request))
#39 /Volumes/ARCHIVOS/tutos-Angular-Laravel-Codeigniter-Ionic-Flexbox-CSS/udemy/angular/citasMedicas/backend-api-citas/public/index.php(51): Illuminate\\Foundation\\Http\\Kernel->handle(Object(Illuminate\\Http\\Request))
#40 /Volumes/ARCHIVOS/tutos-Angular-Laravel-Codeigniter-Ionic-Flexbox-CSS/udemy/angular/citasMedicas/backend-api-citas/server.php(21): require_once('/Volumes/ARCHIV...')
#41 {main}
"} 
[2023-12-04 03:05:22] local.ERROR: Call to undefined method App\Models\User::mapInto() {"userId":1,"exception":"[object] (BadMethodCallException(code: 0): Call to undefined method App\\Models\\User::mapInto() at /Volumes/ARCHIVOS/tutos-Angular-Laravel-Codeigniter-Ionic-Flexbox-CSS/udemy/angular/citasMedicas/backend-api-citas/vendor/laravel/framework/src/Illuminate/Support/Traits/ForwardsCalls.php:71)
[stacktrace]
#0 /Volumes/ARCHIVOS/tutos-Angular-Laravel-Codeigniter-Ionic-Flexbox-CSS/udemy/angular/citasMedicas/backend-api-citas/vendor/laravel/framework/src/Illuminate/Support/Traits/ForwardsCalls.php(36): Illuminate\\Database\\Eloquent\\Model::throwBadMethodCallException('mapInto')
#1 /Volumes/ARCHIVOS/tutos-Angular-Laravel-Codeigniter-Ionic-Flexbox-CSS/udemy/angular/citasMedicas/backend-api-citas/vendor/laravel/framework/src/Illuminate/Database/Eloquent/Model.php(2132): Illuminate\\Database\\Eloquent\\Model->forwardCallTo(Object(Illuminate\\Database\\Eloquent\\Builder), 'mapInto', Array)
#2 /Volumes/ARCHIVOS/tutos-Angular-Laravel-Codeigniter-Ionic-Flexbox-CSS/udemy/angular/citasMedicas/backend-api-citas/vendor/laravel/framework/src/Illuminate/Http/Resources/CollectsResources.php(32): Illuminate\\Database\\Eloquent\\Model->__call('mapInto', Array)
#3 /Volumes/ARCHIVOS/tutos-Angular-Laravel-Codeigniter-Ionic-Flexbox-CSS/udemy/angular/citasMedicas/backend-api-citas/vendor/laravel/framework/src/Illuminate/Http/Resources/Json/ResourceCollection.php(53): Illuminate\\Http\\Resources\\Json\\ResourceCollection->collectResource(Object(App\\Models\\User))
#4 /Volumes/ARCHIVOS/tutos-Angular-Laravel-Codeigniter-Ionic-Flexbox-CSS/udemy/angular/citasMedicas/backend-api-citas/vendor/laravel/framework/src/Illuminate/Http/Resources/Json/JsonResource.php(68): Illuminate\\Http\\Resources\\Json\\ResourceCollection->__construct(Object(App\\Models\\User))
#5 /Volumes/ARCHIVOS/tutos-Angular-Laravel-Codeigniter-Ionic-Flexbox-CSS/udemy/angular/citasMedicas/backend-api-citas/app/Http/Controllers/Admin/Staff/StaffsController.php(174): Illuminate\\Http\\Resources\\Json\\JsonResource::make(Object(App\\Models\\User))
#6 /Volumes/ARCHIVOS/tutos-Angular-Laravel-Codeigniter-Ionic-Flexbox-CSS/udemy/angular/citasMedicas/backend-api-citas/vendor/laravel/framework/src/Illuminate/Routing/Controller.php(54): App\\Http\\Controllers\\Admin\\Staff\\StaffsController->update(Object(Illuminate\\Http\\Request), '12')
#7 /Volumes/ARCHIVOS/tutos-Angular-Laravel-Codeigniter-Ionic-Flexbox-CSS/udemy/angular/citasMedicas/backend-api-citas/vendor/laravel/framework/src/Illuminate/Routing/ControllerDispatcher.php(45): Illuminate\\Routing\\Controller->callAction('update', Array)
#8 /Volumes/ARCHIVOS/tutos-Angular-Laravel-Codeigniter-Ionic-Flexbox-CSS/udemy/angular/citasMedicas/backend-api-citas/vendor/laravel/framework/src/Illuminate/Routing/Route.php(261): Illuminate\\Routing\\ControllerDispatcher->dispatch(Object(Illuminate\\Routing\\Route), Object(App\\Http\\Controllers\\Admin\\Staff\\StaffsController), 'update')
#9 /Volumes/ARCHIVOS/tutos-Angular-Laravel-Codeigniter-Ionic-Flexbox-CSS/udemy/angular/citasMedicas/backend-api-citas/vendor/laravel/framework/src/Illuminate/Routing/Route.php(205): Illuminate\\Routing\\Route->runController()
#10 /Volumes/ARCHIVOS/tutos-Angular-Laravel-Codeigniter-Ionic-Flexbox-CSS/udemy/angular/citasMedicas/backend-api-citas/vendor/laravel/framework/src/Illuminate/Routing/Router.php(721): Illuminate\\Routing\\Route->run()
#11 /Volumes/ARCHIVOS/tutos-Angular-Laravel-Codeigniter-Ionic-Flexbox-CSS/udemy/angular/citasMedicas/backend-api-citas/vendor/laravel/framework/src/Illuminate/Pipeline/Pipeline.php(128): Illuminate\\Routing\\Router->Illuminate\\Routing\\{closure}(Object(Illuminate\\Http\\Request))
#12 /Volumes/ARCHIVOS/tutos-Angular-Laravel-Codeigniter-Ionic-Flexbox-CSS/udemy/angular/citasMedicas/backend-api-citas/vendor/laravel/framework/src/Illuminate/Routing/Middleware/SubstituteBindings.php(50): Illuminate\\Pipeline\\Pipeline->Illuminate\\Pipeline\\{closure}(Object(Illuminate\\Http\\Request))
#13 /Volumes/ARCHIVOS/tutos-Angular-Laravel-Codeigniter-Ionic-Flexbox-CSS/udemy/angular/citasMedicas/backend-api-citas/vendor/laravel/framework/src/Illuminate/Pipeline/Pipeline.php(167): Illuminate\\Routing\\Middleware\\SubstituteBindings->handle(Object(Illuminate\\Http\\Request), Object(Closure))
#14 /Volumes/ARCHIVOS/tutos-Angular-Laravel-Codeigniter-Ionic-Flexbox-CSS/udemy/angular/citasMedicas/backend-api-citas/vendor/laravel/framework/src/Illuminate/Routing/Middleware/ThrottleRequests.php(127): Illuminate\\Pipeline\\Pipeline->Illuminate\\Pipeline\\{closure}(Object(Illuminate\\Http\\Request))
#15 /Volumes/ARCHIVOS/tutos-Angular-Laravel-Codeigniter-Ionic-Flexbox-CSS/udemy/angular/citasMedicas/backend-api-citas/vendor/laravel/framework/src/Illuminate/Routing/Middleware/ThrottleRequests.php(93): Illuminate\\Routing\\Middleware\\ThrottleRequests->handleRequest(Object(Illuminate\\Http\\Request), Object(Closure), Array)
#16 /Volumes/ARCHIVOS/tutos-Angular-Laravel-Codeigniter-Ionic-Flexbox-CSS/udemy/angular/citasMedicas/backend-api-citas/vendor/laravel/framework/src/Illuminate/Routing/Middleware/ThrottleRequests.php(55): Illuminate\\Routing\\Middleware\\ThrottleRequests->handleRequestUsingNamedLimiter(Object(Illuminate\\Http\\Request), Object(Closure), 'api', Object(Closure))
#17 /Volumes/ARCHIVOS/tutos-Angular-Laravel-Codeigniter-Ionic-Flexbox-CSS/udemy/angular/citasMedicas/backend-api-citas/vendor/laravel/framework/src/Illuminate/Pipeline/Pipeline.php(167): Illuminate\\Routing\\Middleware\\ThrottleRequests->handle(Object(Illuminate\\Http\\Request), Object(Closure), 'api')
#18 /Volumes/ARCHIVOS/tutos-Angular-Laravel-Codeigniter-Ionic-Flexbox-CSS/udemy/angular/citasMedicas/backend-api-citas/vendor/laravel/framework/src/Illuminate/Auth/Middleware/Authenticate.php(44): Illuminate\\Pipeline\\Pipeline->Illuminate\\Pipeline\\{closure}(Object(Illuminate\\Http\\Request))
#19 /Volumes/ARCHIVOS/tutos-Angular-Laravel-Codeigniter-Ionic-Flexbox-CSS/udemy/angular/citasMedicas/backend-api-citas/vendor/laravel/framework/src/Illuminate/Pipeline/Pipeline.php(167): Illuminate\\Auth\\Middleware\\Authenticate->handle(Object(Illuminate\\Http\\Request), Object(Closure), 'api')
#20 /Volumes/ARCHIVOS/tutos-Angular-Laravel-Codeigniter-Ionic-Flexbox-CSS/udemy/angular/citasMedicas/backend-api-citas/vendor/laravel/framework/src/Illuminate/Pipeline/Pipeline.php(103): Illuminate\\Pipeline\\Pipeline->Illuminate\\Pipeline\\{closure}(Object(Illuminate\\Http\\Request))
#21 /Volumes/ARCHIVOS/tutos-Angular-Laravel-Codeigniter-Ionic-Flexbox-CSS/udemy/angular/citasMedicas/backend-api-citas/vendor/laravel/framework/src/Illuminate/Routing/Router.php(719): Illuminate\\Pipeline\\Pipeline->then(Object(Closure))
#22 /Volumes/ARCHIVOS/tutos-Angular-Laravel-Codeigniter-Ionic-Flexbox-CSS/udemy/angular/citasMedicas/backend-api-citas/vendor/laravel/framework/src/Illuminate/Routing/Router.php(698): Illuminate\\Routing\\Router->runRouteWithinStack(Object(Illuminate\\Routing\\Route), Object(Illuminate\\Http\\Request))
#23 /Volumes/ARCHIVOS/tutos-Angular-Laravel-Codeigniter-Ionic-Flexbox-CSS/udemy/angular/citasMedicas/backend-api-citas/vendor/laravel/framework/src/Illuminate/Routing/Router.php(662): Illuminate\\Routing\\Router->runRoute(Object(Illuminate\\Http\\Request), Object(Illuminate\\Routing\\Route))
#24 /Volumes/ARCHIVOS/tutos-Angular-Laravel-Codeigniter-Ionic-Flexbox-CSS/udemy/angular/citasMedicas/backend-api-citas/vendor/laravel/framework/src/Illuminate/Routing/Router.php(651): Illuminate\\Routing\\Router->dispatchToRoute(Object(Illuminate\\Http\\Request))
#25 /Volumes/ARCHIVOS/tutos-Angular-Laravel-Codeigniter-Ionic-Flexbox-CSS/udemy/angular/citasMedicas/backend-api-citas/vendor/laravel/framework/src/Illuminate/Foundation/Http/Kernel.php(167): Illuminate\\Routing\\Router->dispatch(Object(Illuminate\\Http\\Request))
#26 /Volumes/ARCHIVOS/tutos-Angular-Laravel-Codeigniter-Ionic-Flexbox-CSS/udemy/angular/citasMedicas/backend-api-citas/vendor/laravel/framework/src/Illuminate/Pipeline/Pipeline.php(128): Illuminate\\Foundation\\Http\\Kernel->Illuminate\\Foundation\\Http\\{closure}(Object(Illuminate\\Http\\Request))
#27 /Volumes/ARCHIVOS/tutos-Angular-Laravel-Codeigniter-Ionic-Flexbox-CSS/udemy/angular/citasMedicas/backend-api-citas/vendor/laravel/framework/src/Illuminate/Foundation/Http/Middleware/TransformsRequest.php(21): Illuminate\\Pipeline\\Pipeline->Illuminate\\Pipeline\\{closure}(Object(Illuminate\\Http\\Request))
#28 /Volumes/ARCHIVOS/tutos-Angular-Laravel-Codeigniter-Ionic-Flexbox-CSS/udemy/angular/citasMedicas/backend-api-citas/vendor/laravel/framework/src/Illuminate/Foundation/Http/Middleware/ConvertEmptyStringsToNull.php(31): Illuminate\\Foundation\\Http\\Middleware\\TransformsRequest->handle(Object(Illuminate\\Http\\Request), Object(Closure))
#29 /Volumes/ARCHIVOS/tutos-Angular-Laravel-Codeigniter-Ionic-Flexbox-CSS/udemy/angular/citasMedicas/backend-api-citas/vendor/laravel/framework/src/Illuminate/Pipeline/Pipeline.php(167): Illuminate\\Foundation\\Http\\Middleware\\ConvertEmptyStringsToNull->handle(Object(Illuminate\\Http\\Request), Object(Closure))
#30 /Volumes/ARCHIVOS/tutos-Angular-Laravel-Codeigniter-Ionic-Flexbox-CSS/udemy/angular/citasMedicas/backend-api-citas/vendor/laravel/framework/src/Illuminate/Foundation/Http/Middleware/TransformsRequest.php(21): Illuminate\\Pipeline\\Pipeline->Illuminate\\Pipeline\\{closure}(Object(Illuminate\\Http\\Request))
#31 /Volumes/ARCHIVOS/tutos-Angular-Laravel-Codeigniter-Ionic-Flexbox-CSS/udemy/angular/citasMedicas/backend-api-citas/vendor/laravel/framework/src/Illuminate/Foundation/Http/Middleware/TrimStrings.php(40): Illuminate\\Foundation\\Http\\Middleware\\TransformsRequest->handle(Object(Illuminate\\Http\\Request), Object(Closure))
#32 /Volumes/ARCHIVOS/tutos-Angular-Laravel-Codeigniter-Ionic-Flexbox-CSS/udemy/angular/citasMedicas/backend-api-citas/vendor/laravel/framework/src/Illuminate/Pipeline/Pipeline.php(167): Illuminate\\Foundation\\Http\\Middleware\\TrimStrings->handle(Object(Illuminate\\Http\\Request), Object(Closure))
#33 /Volumes/ARCHIVOS/tutos-Angular-Laravel-Codeigniter-Ionic-Flexbox-CSS/udemy/angular/citasMedicas/backend-api-citas/vendor/laravel/framework/src/Illuminate/Foundation/Http/Middleware/ValidatePostSize.php(27): Illuminate\\Pipeline\\Pipeline->Illuminate\\Pipeline\\{closure}(Object(Illuminate\\Http\\Request))
#34 /Volumes/ARCHIVOS/tutos-Angular-Laravel-Codeigniter-Ionic-Flexbox-CSS/udemy/angular/citasMedicas/backend-api-citas/vendor/laravel/framework/src/Illuminate/Pipeline/Pipeline.php(167): Illuminate\\Foundation\\Http\\Middleware\\ValidatePostSize->handle(Object(Illuminate\\Http\\Request), Object(Closure))
#35 /Volumes/ARCHIVOS/tutos-Angular-Laravel-Codeigniter-Ionic-Flexbox-CSS/udemy/angular/citasMedicas/backend-api-citas/vendor/laravel/framework/src/Illuminate/Foundation/Http/Middleware/PreventRequestsDuringMaintenance.php(86): Illuminate\\Pipeline\\Pipeline->Illuminate\\Pipeline\\{closure}(Object(Illuminate\\Http\\Request))
#36 /Volumes/ARCHIVOS/tutos-Angular-Laravel-Codeigniter-Ionic-Flexbox-CSS/udemy/angular/citasMedicas/backend-api-citas/vendor/laravel/framework/src/Illuminate/Pipeline/Pipeline.php(167): Illuminate\\Foundation\\Http\\Middleware\\PreventRequestsDuringMaintenance->handle(Object(Illuminate\\Http\\Request), Object(Closure))
#37 /Volumes/ARCHIVOS/tutos-Angular-Laravel-Codeigniter-Ionic-Flexbox-CSS/udemy/angular/citasMedicas/backend-api-citas/vendor/fruitcake/laravel-cors/src/HandleCors.php(52): Illuminate\\Pipeline\\Pipeline->Illuminate\\Pipeline\\{closure}(Object(Illuminate\\Http\\Request))
#38 /Volumes/ARCHIVOS/tutos-Angular-Laravel-Codeigniter-Ionic-Flexbox-CSS/udemy/angular/citasMedicas/backend-api-citas/vendor/laravel/framework/src/Illuminate/Pipeline/Pipeline.php(167): Fruitcake\\Cors\\HandleCors->handle(Object(Illuminate\\Http\\Request), Object(Closure))
#39 /Volumes/ARCHIVOS/tutos-Angular-Laravel-Codeigniter-Ionic-Flexbox-CSS/udemy/angular/citasMedicas/backend-api-citas/vendor/laravel/framework/src/Illuminate/Http/Middleware/TrustProxies.php(39): Illuminate\\Pipeline\\Pipeline->Illuminate\\Pipeline\\{closure}(Object(Illuminate\\Http\\Request))
#40 /Volumes/ARCHIVOS/tutos-Angular-Laravel-Codeigniter-Ionic-Flexbox-CSS/udemy/angular/citasMedicas/backend-api-citas/vendor/laravel/framework/src/Illuminate/Pipeline/Pipeline.php(167): Illuminate\\Http\\Middleware\\TrustProxies->handle(Object(Illuminate\\Http\\Request), Object(Closure))
#41 /Volumes/ARCHIVOS/tutos-Angular-Laravel-Codeigniter-Ionic-Flexbox-CSS/udemy/angular/citasMedicas/backend-api-citas/vendor/laravel/framework/src/Illuminate/Pipeline/Pipeline.php(103): Illuminate\\Pipeline\\Pipeline->Illuminate\\Pipeline\\{closure}(Object(Illuminate\\Http\\Request))
#42 /Volumes/ARCHIVOS/tutos-Angular-Laravel-Codeigniter-Ionic-Flexbox-CSS/udemy/angular/citasMedicas/backend-api-citas/vendor/laravel/framework/src/Illuminate/Foundation/Http/Kernel.php(142): Illuminate\\Pipeline\\Pipeline->then(Object(Closure))
#43 /Volumes/ARCHIVOS/tutos-Angular-Laravel-Codeigniter-Ionic-Flexbox-CSS/udemy/angular/citasMedicas/backend-api-citas/vendor/laravel/framework/src/Illuminate/Foundation/Http/Kernel.php(111): Illuminate\\Foundation\\Http\\Kernel->sendRequestThroughRouter(Object(Illuminate\\Http\\Request))
#44 /Volumes/ARCHIVOS/tutos-Angular-Laravel-Codeigniter-Ionic-Flexbox-CSS/udemy/angular/citasMedicas/backend-api-citas/public/index.php(51): Illuminate\\Foundation\\Http\\Kernel->handle(Object(Illuminate\\Http\\Request))
#45 /Volumes/ARCHIVOS/tutos-Angular-Laravel-Codeigniter-Ionic-Flexbox-CSS/udemy/angular/citasMedicas/backend-api-citas/server.php(21): require_once('/Volumes/ARCHIV...')
#46 {main}
"} 
