[2023-12-18 17:05:47] local.ERROR: SQLSTATE[HY000] [2002] No such file or directory (SQL: select * from `appointments` where date(`date_appointment`) = 2023-12-20 and `status` = 1 and `appointments`.`deleted_at` is null) {"exception":"[object] (Illuminate\\Database\\QueryException(code: 2002): SQLSTATE[HY000] [2002] No such file or directory (SQL: select * from `appointments` where date(`date_appointment`) = 2023-12-20 and `status` = 1 and `appointments`.`deleted_at` is null) at /Volumes/ARCHIVOS/tutos-Angular-Laravel-Codeigniter-Ionic-Flexbox-CSS/udemy/angular/citasMedicas/backend-api-citas/vendor/laravel/framework/src/Illuminate/Database/Connection.php:712)
[stacktrace]
#0 /Volumes/ARCHIVOS/tutos-Angular-Laravel-Codeigniter-Ionic-Flexbox-CSS/udemy/angular/citasMedicas/backend-api-citas/vendor/laravel/framework/src/Illuminate/Database/Connection.php(672): Illuminate\\Database\\Connection->runQueryCallback('select * from `...', Array, Object(Closure))
#1 /Volumes/ARCHIVOS/tutos-Angular-Laravel-Codeigniter-Ionic-Flexbox-CSS/udemy/angular/citasMedicas/backend-api-citas/vendor/laravel/framework/src/Illuminate/Database/Connection.php(359): Illuminate\\Database\\Connection->run('select * from `...', Array, Object(Closure))
#2 /Volumes/ARCHIVOS/tutos-Angular-Laravel-Codeigniter-Ionic-Flexbox-CSS/udemy/angular/citasMedicas/backend-api-citas/vendor/laravel/framework/src/Illuminate/Database/Query/Builder.php(2413): Illuminate\\Database\\Connection->select('select * from `...', Array, true)
#3 /Volumes/ARCHIVOS/tutos-Angular-Laravel-Codeigniter-Ionic-Flexbox-CSS/udemy/angular/citasMedicas/backend-api-citas/vendor/laravel/framework/src/Illuminate/Database/Query/Builder.php(2402): Illuminate\\Database\\Query\\Builder->runSelect()
#4 /Volumes/ARCHIVOS/tutos-Angular-Laravel-Codeigniter-Ionic-Flexbox-CSS/udemy/angular/citasMedicas/backend-api-citas/vendor/laravel/framework/src/Illuminate/Database/Query/Builder.php(2936): Illuminate\\Database\\Query\\Builder->Illuminate\\Database\\Query\\{closure}()
#5 /Volumes/ARCHIVOS/tutos-Angular-Laravel-Codeigniter-Ionic-Flexbox-CSS/udemy/angular/citasMedicas/backend-api-citas/vendor/laravel/framework/src/Illuminate/Database/Query/Builder.php(2401): Illuminate\\Database\\Query\\Builder->onceWithColumns(Array, Object(Closure))
#6 /Volumes/ARCHIVOS/tutos-Angular-Laravel-Codeigniter-Ionic-Flexbox-CSS/udemy/angular/citasMedicas/backend-api-citas/vendor/laravel/framework/src/Illuminate/Database/Eloquent/Builder.php(625): Illuminate\\Database\\Query\\Builder->get(Array)
#7 /Volumes/ARCHIVOS/tutos-Angular-Laravel-Codeigniter-Ionic-Flexbox-CSS/udemy/angular/citasMedicas/backend-api-citas/vendor/laravel/framework/src/Illuminate/Database/Eloquent/Builder.php(609): Illuminate\\Database\\Eloquent\\Builder->getModels(Array)
#8 /Volumes/ARCHIVOS/tutos-Angular-Laravel-Codeigniter-Ionic-Flexbox-CSS/udemy/angular/citasMedicas/backend-api-citas/app/Console/Commands/NotificationAppointments.php(48): Illuminate\\Database\\Eloquent\\Builder->get()
#9 /Volumes/ARCHIVOS/tutos-Angular-Laravel-Codeigniter-Ionic-Flexbox-CSS/udemy/angular/citasMedicas/backend-api-citas/vendor/laravel/framework/src/Illuminate/Container/BoundMethod.php(36): App\\Console\\Commands\\NotificationAppointments->handle()
#10 /Volumes/ARCHIVOS/tutos-Angular-Laravel-Codeigniter-Ionic-Flexbox-CSS/udemy/angular/citasMedicas/backend-api-citas/vendor/laravel/framework/src/Illuminate/Container/Util.php(40): Illuminate\\Container\\BoundMethod::Illuminate\\Container\\{closure}()
#11 /Volumes/ARCHIVOS/tutos-Angular-Laravel-Codeigniter-Ionic-Flexbox-CSS/udemy/angular/citasMedicas/backend-api-citas/vendor/laravel/framework/src/Illuminate/Container/BoundMethod.php(93): Illuminate\\Container\\Util::unwrapIfClosure(Object(Closure))
#12 /Volumes/ARCHIVOS/tutos-Angular-Laravel-Codeigniter-Ionic-Flexbox-CSS/udemy/angular/citasMedicas/backend-api-citas/vendor/laravel/framework/src/Illuminate/Container/BoundMethod.php(35): Illuminate\\Container\\BoundMethod::callBoundMethod(Object(Illuminate\\Foundation\\Application), Array, Object(Closure))
#13 /Volumes/ARCHIVOS/tutos-Angular-Laravel-Codeigniter-Ionic-Flexbox-CSS/udemy/angular/citasMedicas/backend-api-citas/vendor/laravel/framework/src/Illuminate/Container/Container.php(653): Illuminate\\Container\\BoundMethod::call(Object(Illuminate\\Foundation\\Application), Array, Array, NULL)
#14 /Volumes/ARCHIVOS/tutos-Angular-Laravel-Codeigniter-Ionic-Flexbox-CSS/udemy/angular/citasMedicas/backend-api-citas/vendor/laravel/framework/src/Illuminate/Console/Command.php(136): Illuminate\\Container\\Container->call(Array)
#15 /Volumes/ARCHIVOS/tutos-Angular-Laravel-Codeigniter-Ionic-Flexbox-CSS/udemy/angular/citasMedicas/backend-api-citas/vendor/symfony/console/Command/Command.php(298): Illuminate\\Console\\Command->execute(Object(Symfony\\Component\\Console\\Input\\ArgvInput), Object(Illuminate\\Console\\OutputStyle))
#16 /Volumes/ARCHIVOS/tutos-Angular-Laravel-Codeigniter-Ionic-Flexbox-CSS/udemy/angular/citasMedicas/backend-api-citas/vendor/laravel/framework/src/Illuminate/Console/Command.php(120): Symfony\\Component\\Console\\Command\\Command->run(Object(Symfony\\Component\\Console\\Input\\ArgvInput), Object(Illuminate\\Console\\OutputStyle))
#17 /Volumes/ARCHIVOS/tutos-Angular-Laravel-Codeigniter-Ionic-Flexbox-CSS/udemy/angular/citasMedicas/backend-api-citas/vendor/symfony/console/Application.php(1040): Illuminate\\Console\\Command->run(Object(Symfony\\Component\\Console\\Input\\ArgvInput), Object(Symfony\\Component\\Console\\Output\\ConsoleOutput))
#18 /Volumes/ARCHIVOS/tutos-Angular-Laravel-Codeigniter-Ionic-Flexbox-CSS/udemy/angular/citasMedicas/backend-api-citas/vendor/symfony/console/Application.php(301): Symfony\\Component\\Console\\Application->doRunCommand(Object(App\\Console\\Commands\\NotificationAppointments), Object(Symfony\\Component\\Console\\Input\\ArgvInput), Object(Symfony\\Component\\Console\\Output\\ConsoleOutput))
#19 /Volumes/ARCHIVOS/tutos-Angular-Laravel-Codeigniter-Ionic-Flexbox-CSS/udemy/angular/citasMedicas/backend-api-citas/vendor/symfony/console/Application.php(171): Symfony\\Component\\Console\\Application->doRun(Object(Symfony\\Component\\Console\\Input\\ArgvInput), Object(Symfony\\Component\\Console\\Output\\ConsoleOutput))
#20 /Volumes/ARCHIVOS/tutos-Angular-Laravel-Codeigniter-Ionic-Flexbox-CSS/udemy/angular/citasMedicas/backend-api-citas/vendor/laravel/framework/src/Illuminate/Console/Application.php(94): Symfony\\Component\\Console\\Application->run(Object(Symfony\\Component\\Console\\Input\\ArgvInput), Object(Symfony\\Component\\Console\\Output\\ConsoleOutput))
#21 /Volumes/ARCHIVOS/tutos-Angular-Laravel-Codeigniter-Ionic-Flexbox-CSS/udemy/angular/citasMedicas/backend-api-citas/vendor/laravel/framework/src/Illuminate/Foundation/Console/Kernel.php(129): Illuminate\\Console\\Application->run(Object(Symfony\\Component\\Console\\Input\\ArgvInput), Object(Symfony\\Component\\Console\\Output\\ConsoleOutput))
#22 /Volumes/ARCHIVOS/tutos-Angular-Laravel-Codeigniter-Ionic-Flexbox-CSS/udemy/angular/citasMedicas/backend-api-citas/artisan(35): Illuminate\\Foundation\\Console\\Kernel->handle(Object(Symfony\\Component\\Console\\Input\\ArgvInput), Object(Symfony\\Component\\Console\\Output\\ConsoleOutput))
#23 {main}

[previous exception] [object] (PDOException(code: 2002): SQLSTATE[HY000] [2002] No such file or directory at /Volumes/ARCHIVOS/tutos-Angular-Laravel-Codeigniter-Ionic-Flexbox-CSS/udemy/angular/citasMedicas/backend-api-citas/vendor/laravel/framework/src/Illuminate/Database/Connectors/Connector.php:70)
[stacktrace]
#0 /Volumes/ARCHIVOS/tutos-Angular-Laravel-Codeigniter-Ionic-Flexbox-CSS/udemy/angular/citasMedicas/backend-api-citas/vendor/laravel/framework/src/Illuminate/Database/Connectors/Connector.php(70): PDO->__construct('mysql:host=loca...', 'u175197741_admi...', Object(SensitiveParameterValue), Array)
#1 /Volumes/ARCHIVOS/tutos-Angular-Laravel-Codeigniter-Ionic-Flexbox-CSS/udemy/angular/citasMedicas/backend-api-citas/vendor/laravel/framework/src/Illuminate/Database/Connectors/Connector.php(45): Illuminate\\Database\\Connectors\\Connector->createPdoConnection('mysql:host=loca...', 'u175197741_admi...', '+sD/Vo1E', Array)
#2 /Volumes/ARCHIVOS/tutos-Angular-Laravel-Codeigniter-Ionic-Flexbox-CSS/udemy/angular/citasMedicas/backend-api-citas/vendor/laravel/framework/src/Illuminate/Database/Connectors/MySqlConnector.php(24): Illuminate\\Database\\Connectors\\Connector->createConnection('mysql:host=loca...', Array, Array)
#3 /Volumes/ARCHIVOS/tutos-Angular-Laravel-Codeigniter-Ionic-Flexbox-CSS/udemy/angular/citasMedicas/backend-api-citas/vendor/laravel/framework/src/Illuminate/Database/Connectors/ConnectionFactory.php(184): Illuminate\\Database\\Connectors\\MySqlConnector->connect(Array)
#4 [internal function]: Illuminate\\Database\\Connectors\\ConnectionFactory->Illuminate\\Database\\Connectors\\{closure}()
#5 /Volumes/ARCHIVOS/tutos-Angular-Laravel-Codeigniter-Ionic-Flexbox-CSS/udemy/angular/citasMedicas/backend-api-citas/vendor/laravel/framework/src/Illuminate/Database/Connection.php(1064): call_user_func(Object(Closure))
#6 /Volumes/ARCHIVOS/tutos-Angular-Laravel-Codeigniter-Ionic-Flexbox-CSS/udemy/angular/citasMedicas/backend-api-citas/vendor/laravel/framework/src/Illuminate/Database/Connection.php(1100): Illuminate\\Database\\Connection->getPdo()
#7 /Volumes/ARCHIVOS/tutos-Angular-Laravel-Codeigniter-Ionic-Flexbox-CSS/udemy/angular/citasMedicas/backend-api-citas/vendor/laravel/framework/src/Illuminate/Database/Connection.php(442): Illuminate\\Database\\Connection->getReadPdo()
#8 /Volumes/ARCHIVOS/tutos-Angular-Laravel-Codeigniter-Ionic-Flexbox-CSS/udemy/angular/citasMedicas/backend-api-citas/vendor/laravel/framework/src/Illuminate/Database/Connection.php(368): Illuminate\\Database\\Connection->getPdoForSelect(true)
#9 /Volumes/ARCHIVOS/tutos-Angular-Laravel-Codeigniter-Ionic-Flexbox-CSS/udemy/angular/citasMedicas/backend-api-citas/vendor/laravel/framework/src/Illuminate/Database/Connection.php(705): Illuminate\\Database\\Connection->Illuminate\\Database\\{closure}('select * from `...', Array)
#10 /Volumes/ARCHIVOS/tutos-Angular-Laravel-Codeigniter-Ionic-Flexbox-CSS/udemy/angular/citasMedicas/backend-api-citas/vendor/laravel/framework/src/Illuminate/Database/Connection.php(672): Illuminate\\Database\\Connection->runQueryCallback('select * from `...', Array, Object(Closure))
#11 /Volumes/ARCHIVOS/tutos-Angular-Laravel-Codeigniter-Ionic-Flexbox-CSS/udemy/angular/citasMedicas/backend-api-citas/vendor/laravel/framework/src/Illuminate/Database/Connection.php(359): Illuminate\\Database\\Connection->run('select * from `...', Array, Object(Closure))
#12 /Volumes/ARCHIVOS/tutos-Angular-Laravel-Codeigniter-Ionic-Flexbox-CSS/udemy/angular/citasMedicas/backend-api-citas/vendor/laravel/framework/src/Illuminate/Database/Query/Builder.php(2413): Illuminate\\Database\\Connection->select('select * from `...', Array, true)
#13 /Volumes/ARCHIVOS/tutos-Angular-Laravel-Codeigniter-Ionic-Flexbox-CSS/udemy/angular/citasMedicas/backend-api-citas/vendor/laravel/framework/src/Illuminate/Database/Query/Builder.php(2402): Illuminate\\Database\\Query\\Builder->runSelect()
#14 /Volumes/ARCHIVOS/tutos-Angular-Laravel-Codeigniter-Ionic-Flexbox-CSS/udemy/angular/citasMedicas/backend-api-citas/vendor/laravel/framework/src/Illuminate/Database/Query/Builder.php(2936): Illuminate\\Database\\Query\\Builder->Illuminate\\Database\\Query\\{closure}()
#15 /Volumes/ARCHIVOS/tutos-Angular-Laravel-Codeigniter-Ionic-Flexbox-CSS/udemy/angular/citasMedicas/backend-api-citas/vendor/laravel/framework/src/Illuminate/Database/Query/Builder.php(2401): Illuminate\\Database\\Query\\Builder->onceWithColumns(Array, Object(Closure))
#16 /Volumes/ARCHIVOS/tutos-Angular-Laravel-Codeigniter-Ionic-Flexbox-CSS/udemy/angular/citasMedicas/backend-api-citas/vendor/laravel/framework/src/Illuminate/Database/Eloquent/Builder.php(625): Illuminate\\Database\\Query\\Builder->get(Array)
#17 /Volumes/ARCHIVOS/tutos-Angular-Laravel-Codeigniter-Ionic-Flexbox-CSS/udemy/angular/citasMedicas/backend-api-citas/vendor/laravel/framework/src/Illuminate/Database/Eloquent/Builder.php(609): Illuminate\\Database\\Eloquent\\Builder->getModels(Array)
#18 /Volumes/ARCHIVOS/tutos-Angular-Laravel-Codeigniter-Ionic-Flexbox-CSS/udemy/angular/citasMedicas/backend-api-citas/app/Console/Commands/NotificationAppointments.php(48): Illuminate\\Database\\Eloquent\\Builder->get()
#19 /Volumes/ARCHIVOS/tutos-Angular-Laravel-Codeigniter-Ionic-Flexbox-CSS/udemy/angular/citasMedicas/backend-api-citas/vendor/laravel/framework/src/Illuminate/Container/BoundMethod.php(36): App\\Console\\Commands\\NotificationAppointments->handle()
#20 /Volumes/ARCHIVOS/tutos-Angular-Laravel-Codeigniter-Ionic-Flexbox-CSS/udemy/angular/citasMedicas/backend-api-citas/vendor/laravel/framework/src/Illuminate/Container/Util.php(40): Illuminate\\Container\\BoundMethod::Illuminate\\Container\\{closure}()
#21 /Volumes/ARCHIVOS/tutos-Angular-Laravel-Codeigniter-Ionic-Flexbox-CSS/udemy/angular/citasMedicas/backend-api-citas/vendor/laravel/framework/src/Illuminate/Container/BoundMethod.php(93): Illuminate\\Container\\Util::unwrapIfClosure(Object(Closure))
#22 /Volumes/ARCHIVOS/tutos-Angular-Laravel-Codeigniter-Ionic-Flexbox-CSS/udemy/angular/citasMedicas/backend-api-citas/vendor/laravel/framework/src/Illuminate/Container/BoundMethod.php(35): Illuminate\\Container\\BoundMethod::callBoundMethod(Object(Illuminate\\Foundation\\Application), Array, Object(Closure))
#23 /Volumes/ARCHIVOS/tutos-Angular-Laravel-Codeigniter-Ionic-Flexbox-CSS/udemy/angular/citasMedicas/backend-api-citas/vendor/laravel/framework/src/Illuminate/Container/Container.php(653): Illuminate\\Container\\BoundMethod::call(Object(Illuminate\\Foundation\\Application), Array, Array, NULL)
#24 /Volumes/ARCHIVOS/tutos-Angular-Laravel-Codeigniter-Ionic-Flexbox-CSS/udemy/angular/citasMedicas/backend-api-citas/vendor/laravel/framework/src/Illuminate/Console/Command.php(136): Illuminate\\Container\\Container->call(Array)
#25 /Volumes/ARCHIVOS/tutos-Angular-Laravel-Codeigniter-Ionic-Flexbox-CSS/udemy/angular/citasMedicas/backend-api-citas/vendor/symfony/console/Command/Command.php(298): Illuminate\\Console\\Command->execute(Object(Symfony\\Component\\Console\\Input\\ArgvInput), Object(Illuminate\\Console\\OutputStyle))
#26 /Volumes/ARCHIVOS/tutos-Angular-Laravel-Codeigniter-Ionic-Flexbox-CSS/udemy/angular/citasMedicas/backend-api-citas/vendor/laravel/framework/src/Illuminate/Console/Command.php(120): Symfony\\Component\\Console\\Command\\Command->run(Object(Symfony\\Component\\Console\\Input\\ArgvInput), Object(Illuminate\\Console\\OutputStyle))
#27 /Volumes/ARCHIVOS/tutos-Angular-Laravel-Codeigniter-Ionic-Flexbox-CSS/udemy/angular/citasMedicas/backend-api-citas/vendor/symfony/console/Application.php(1040): Illuminate\\Console\\Command->run(Object(Symfony\\Component\\Console\\Input\\ArgvInput), Object(Symfony\\Component\\Console\\Output\\ConsoleOutput))
#28 /Volumes/ARCHIVOS/tutos-Angular-Laravel-Codeigniter-Ionic-Flexbox-CSS/udemy/angular/citasMedicas/backend-api-citas/vendor/symfony/console/Application.php(301): Symfony\\Component\\Console\\Application->doRunCommand(Object(App\\Console\\Commands\\NotificationAppointments), Object(Symfony\\Component\\Console\\Input\\ArgvInput), Object(Symfony\\Component\\Console\\Output\\ConsoleOutput))
#29 /Volumes/ARCHIVOS/tutos-Angular-Laravel-Codeigniter-Ionic-Flexbox-CSS/udemy/angular/citasMedicas/backend-api-citas/vendor/symfony/console/Application.php(171): Symfony\\Component\\Console\\Application->doRun(Object(Symfony\\Component\\Console\\Input\\ArgvInput), Object(Symfony\\Component\\Console\\Output\\ConsoleOutput))
#30 /Volumes/ARCHIVOS/tutos-Angular-Laravel-Codeigniter-Ionic-Flexbox-CSS/udemy/angular/citasMedicas/backend-api-citas/vendor/laravel/framework/src/Illuminate/Console/Application.php(94): Symfony\\Component\\Console\\Application->run(Object(Symfony\\Component\\Console\\Input\\ArgvInput), Object(Symfony\\Component\\Console\\Output\\ConsoleOutput))
#31 /Volumes/ARCHIVOS/tutos-Angular-Laravel-Codeigniter-Ionic-Flexbox-CSS/udemy/angular/citasMedicas/backend-api-citas/vendor/laravel/framework/src/Illuminate/Foundation/Console/Kernel.php(129): Illuminate\\Console\\Application->run(Object(Symfony\\Component\\Console\\Input\\ArgvInput), Object(Symfony\\Component\\Console\\Output\\ConsoleOutput))
#32 /Volumes/ARCHIVOS/tutos-Angular-Laravel-Codeigniter-Ionic-Flexbox-CSS/udemy/angular/citasMedicas/backend-api-citas/artisan(35): Illuminate\\Foundation\\Console\\Kernel->handle(Object(Symfony\\Component\\Console\\Input\\ArgvInput), Object(Symfony\\Component\\Console\\Output\\ConsoleOutput))
#33 {main}
"} 
[2023-12-18 17:07:00] local.ERROR: SQLSTATE[HY000] [2002] No such file or directory (SQL: select * from `appointments` where date(`date_appointment`) = 2023-12-20 and `status` = 1 and `appointments`.`deleted_at` is null) {"exception":"[object] (Illuminate\\Database\\QueryException(code: 2002): SQLSTATE[HY000] [2002] No such file or directory (SQL: select * from `appointments` where date(`date_appointment`) = 2023-12-20 and `status` = 1 and `appointments`.`deleted_at` is null) at /Volumes/ARCHIVOS/tutos-Angular-Laravel-Codeigniter-Ionic-Flexbox-CSS/udemy/angular/citasMedicas/backend-api-citas/vendor/laravel/framework/src/Illuminate/Database/Connection.php:712)
[stacktrace]
#0 /Volumes/ARCHIVOS/tutos-Angular-Laravel-Codeigniter-Ionic-Flexbox-CSS/udemy/angular/citasMedicas/backend-api-citas/vendor/laravel/framework/src/Illuminate/Database/Connection.php(672): Illuminate\\Database\\Connection->runQueryCallback('select * from `...', Array, Object(Closure))
#1 /Volumes/ARCHIVOS/tutos-Angular-Laravel-Codeigniter-Ionic-Flexbox-CSS/udemy/angular/citasMedicas/backend-api-citas/vendor/laravel/framework/src/Illuminate/Database/Connection.php(359): Illuminate\\Database\\Connection->run('select * from `...', Array, Object(Closure))
#2 /Volumes/ARCHIVOS/tutos-Angular-Laravel-Codeigniter-Ionic-Flexbox-CSS/udemy/angular/citasMedicas/backend-api-citas/vendor/laravel/framework/src/Illuminate/Database/Query/Builder.php(2413): Illuminate\\Database\\Connection->select('select * from `...', Array, true)
#3 /Volumes/ARCHIVOS/tutos-Angular-Laravel-Codeigniter-Ionic-Flexbox-CSS/udemy/angular/citasMedicas/backend-api-citas/vendor/laravel/framework/src/Illuminate/Database/Query/Builder.php(2402): Illuminate\\Database\\Query\\Builder->runSelect()
#4 /Volumes/ARCHIVOS/tutos-Angular-Laravel-Codeigniter-Ionic-Flexbox-CSS/udemy/angular/citasMedicas/backend-api-citas/vendor/laravel/framework/src/Illuminate/Database/Query/Builder.php(2936): Illuminate\\Database\\Query\\Builder->Illuminate\\Database\\Query\\{closure}()
#5 /Volumes/ARCHIVOS/tutos-Angular-Laravel-Codeigniter-Ionic-Flexbox-CSS/udemy/angular/citasMedicas/backend-api-citas/vendor/laravel/framework/src/Illuminate/Database/Query/Builder.php(2401): Illuminate\\Database\\Query\\Builder->onceWithColumns(Array, Object(Closure))
#6 /Volumes/ARCHIVOS/tutos-Angular-Laravel-Codeigniter-Ionic-Flexbox-CSS/udemy/angular/citasMedicas/backend-api-citas/vendor/laravel/framework/src/Illuminate/Database/Eloquent/Builder.php(625): Illuminate\\Database\\Query\\Builder->get(Array)
#7 /Volumes/ARCHIVOS/tutos-Angular-Laravel-Codeigniter-Ionic-Flexbox-CSS/udemy/angular/citasMedicas/backend-api-citas/vendor/laravel/framework/src/Illuminate/Database/Eloquent/Builder.php(609): Illuminate\\Database\\Eloquent\\Builder->getModels(Array)
#8 /Volumes/ARCHIVOS/tutos-Angular-Laravel-Codeigniter-Ionic-Flexbox-CSS/udemy/angular/citasMedicas/backend-api-citas/app/Console/Commands/NotificationAppointments.php(48): Illuminate\\Database\\Eloquent\\Builder->get()
#9 /Volumes/ARCHIVOS/tutos-Angular-Laravel-Codeigniter-Ionic-Flexbox-CSS/udemy/angular/citasMedicas/backend-api-citas/vendor/laravel/framework/src/Illuminate/Container/BoundMethod.php(36): App\\Console\\Commands\\NotificationAppointments->handle()
#10 /Volumes/ARCHIVOS/tutos-Angular-Laravel-Codeigniter-Ionic-Flexbox-CSS/udemy/angular/citasMedicas/backend-api-citas/vendor/laravel/framework/src/Illuminate/Container/Util.php(40): Illuminate\\Container\\BoundMethod::Illuminate\\Container\\{closure}()
#11 /Volumes/ARCHIVOS/tutos-Angular-Laravel-Codeigniter-Ionic-Flexbox-CSS/udemy/angular/citasMedicas/backend-api-citas/vendor/laravel/framework/src/Illuminate/Container/BoundMethod.php(93): Illuminate\\Container\\Util::unwrapIfClosure(Object(Closure))
#12 /Volumes/ARCHIVOS/tutos-Angular-Laravel-Codeigniter-Ionic-Flexbox-CSS/udemy/angular/citasMedicas/backend-api-citas/vendor/laravel/framework/src/Illuminate/Container/BoundMethod.php(35): Illuminate\\Container\\BoundMethod::callBoundMethod(Object(Illuminate\\Foundation\\Application), Array, Object(Closure))
#13 /Volumes/ARCHIVOS/tutos-Angular-Laravel-Codeigniter-Ionic-Flexbox-CSS/udemy/angular/citasMedicas/backend-api-citas/vendor/laravel/framework/src/Illuminate/Container/Container.php(653): Illuminate\\Container\\BoundMethod::call(Object(Illuminate\\Foundation\\Application), Array, Array, NULL)
#14 /Volumes/ARCHIVOS/tutos-Angular-Laravel-Codeigniter-Ionic-Flexbox-CSS/udemy/angular/citasMedicas/backend-api-citas/vendor/laravel/framework/src/Illuminate/Console/Command.php(136): Illuminate\\Container\\Container->call(Array)
#15 /Volumes/ARCHIVOS/tutos-Angular-Laravel-Codeigniter-Ionic-Flexbox-CSS/udemy/angular/citasMedicas/backend-api-citas/vendor/symfony/console/Command/Command.php(298): Illuminate\\Console\\Command->execute(Object(Symfony\\Component\\Console\\Input\\ArgvInput), Object(Illuminate\\Console\\OutputStyle))
#16 /Volumes/ARCHIVOS/tutos-Angular-Laravel-Codeigniter-Ionic-Flexbox-CSS/udemy/angular/citasMedicas/backend-api-citas/vendor/laravel/framework/src/Illuminate/Console/Command.php(120): Symfony\\Component\\Console\\Command\\Command->run(Object(Symfony\\Component\\Console\\Input\\ArgvInput), Object(Illuminate\\Console\\OutputStyle))
#17 /Volumes/ARCHIVOS/tutos-Angular-Laravel-Codeigniter-Ionic-Flexbox-CSS/udemy/angular/citasMedicas/backend-api-citas/vendor/symfony/console/Application.php(1040): Illuminate\\Console\\Command->run(Object(Symfony\\Component\\Console\\Input\\ArgvInput), Object(Symfony\\Component\\Console\\Output\\ConsoleOutput))
#18 /Volumes/ARCHIVOS/tutos-Angular-Laravel-Codeigniter-Ionic-Flexbox-CSS/udemy/angular/citasMedicas/backend-api-citas/vendor/symfony/console/Application.php(301): Symfony\\Component\\Console\\Application->doRunCommand(Object(App\\Console\\Commands\\NotificationAppointments), Object(Symfony\\Component\\Console\\Input\\ArgvInput), Object(Symfony\\Component\\Console\\Output\\ConsoleOutput))
#19 /Volumes/ARCHIVOS/tutos-Angular-Laravel-Codeigniter-Ionic-Flexbox-CSS/udemy/angular/citasMedicas/backend-api-citas/vendor/symfony/console/Application.php(171): Symfony\\Component\\Console\\Application->doRun(Object(Symfony\\Component\\Console\\Input\\ArgvInput), Object(Symfony\\Component\\Console\\Output\\ConsoleOutput))
#20 /Volumes/ARCHIVOS/tutos-Angular-Laravel-Codeigniter-Ionic-Flexbox-CSS/udemy/angular/citasMedicas/backend-api-citas/vendor/laravel/framework/src/Illuminate/Console/Application.php(94): Symfony\\Component\\Console\\Application->run(Object(Symfony\\Component\\Console\\Input\\ArgvInput), Object(Symfony\\Component\\Console\\Output\\ConsoleOutput))
#21 /Volumes/ARCHIVOS/tutos-Angular-Laravel-Codeigniter-Ionic-Flexbox-CSS/udemy/angular/citasMedicas/backend-api-citas/vendor/laravel/framework/src/Illuminate/Foundation/Console/Kernel.php(129): Illuminate\\Console\\Application->run(Object(Symfony\\Component\\Console\\Input\\ArgvInput), Object(Symfony\\Component\\Console\\Output\\ConsoleOutput))
#22 /Volumes/ARCHIVOS/tutos-Angular-Laravel-Codeigniter-Ionic-Flexbox-CSS/udemy/angular/citasMedicas/backend-api-citas/artisan(35): Illuminate\\Foundation\\Console\\Kernel->handle(Object(Symfony\\Component\\Console\\Input\\ArgvInput), Object(Symfony\\Component\\Console\\Output\\ConsoleOutput))
#23 {main}

[previous exception] [object] (PDOException(code: 2002): SQLSTATE[HY000] [2002] No such file or directory at /Volumes/ARCHIVOS/tutos-Angular-Laravel-Codeigniter-Ionic-Flexbox-CSS/udemy/angular/citasMedicas/backend-api-citas/vendor/laravel/framework/src/Illuminate/Database/Connectors/Connector.php:70)
[stacktrace]
#0 /Volumes/ARCHIVOS/tutos-Angular-Laravel-Codeigniter-Ionic-Flexbox-CSS/udemy/angular/citasMedicas/backend-api-citas/vendor/laravel/framework/src/Illuminate/Database/Connectors/Connector.php(70): PDO->__construct('mysql:host=loca...', 'u175197741_admi...', Object(SensitiveParameterValue), Array)
#1 /Volumes/ARCHIVOS/tutos-Angular-Laravel-Codeigniter-Ionic-Flexbox-CSS/udemy/angular/citasMedicas/backend-api-citas/vendor/laravel/framework/src/Illuminate/Database/Connectors/Connector.php(45): Illuminate\\Database\\Connectors\\Connector->createPdoConnection('mysql:host=loca...', 'u175197741_admi...', '+sD/Vo1E', Array)
#2 /Volumes/ARCHIVOS/tutos-Angular-Laravel-Codeigniter-Ionic-Flexbox-CSS/udemy/angular/citasMedicas/backend-api-citas/vendor/laravel/framework/src/Illuminate/Database/Connectors/MySqlConnector.php(24): Illuminate\\Database\\Connectors\\Connector->createConnection('mysql:host=loca...', Array, Array)
#3 /Volumes/ARCHIVOS/tutos-Angular-Laravel-Codeigniter-Ionic-Flexbox-CSS/udemy/angular/citasMedicas/backend-api-citas/vendor/laravel/framework/src/Illuminate/Database/Connectors/ConnectionFactory.php(184): Illuminate\\Database\\Connectors\\MySqlConnector->connect(Array)
#4 [internal function]: Illuminate\\Database\\Connectors\\ConnectionFactory->Illuminate\\Database\\Connectors\\{closure}()
#5 /Volumes/ARCHIVOS/tutos-Angular-Laravel-Codeigniter-Ionic-Flexbox-CSS/udemy/angular/citasMedicas/backend-api-citas/vendor/laravel/framework/src/Illuminate/Database/Connection.php(1064): call_user_func(Object(Closure))
#6 /Volumes/ARCHIVOS/tutos-Angular-Laravel-Codeigniter-Ionic-Flexbox-CSS/udemy/angular/citasMedicas/backend-api-citas/vendor/laravel/framework/src/Illuminate/Database/Connection.php(1100): Illuminate\\Database\\Connection->getPdo()
#7 /Volumes/ARCHIVOS/tutos-Angular-Laravel-Codeigniter-Ionic-Flexbox-CSS/udemy/angular/citasMedicas/backend-api-citas/vendor/laravel/framework/src/Illuminate/Database/Connection.php(442): Illuminate\\Database\\Connection->getReadPdo()
#8 /Volumes/ARCHIVOS/tutos-Angular-Laravel-Codeigniter-Ionic-Flexbox-CSS/udemy/angular/citasMedicas/backend-api-citas/vendor/laravel/framework/src/Illuminate/Database/Connection.php(368): Illuminate\\Database\\Connection->getPdoForSelect(true)
#9 /Volumes/ARCHIVOS/tutos-Angular-Laravel-Codeigniter-Ionic-Flexbox-CSS/udemy/angular/citasMedicas/backend-api-citas/vendor/laravel/framework/src/Illuminate/Database/Connection.php(705): Illuminate\\Database\\Connection->Illuminate\\Database\\{closure}('select * from `...', Array)
#10 /Volumes/ARCHIVOS/tutos-Angular-Laravel-Codeigniter-Ionic-Flexbox-CSS/udemy/angular/citasMedicas/backend-api-citas/vendor/laravel/framework/src/Illuminate/Database/Connection.php(672): Illuminate\\Database\\Connection->runQueryCallback('select * from `...', Array, Object(Closure))
#11 /Volumes/ARCHIVOS/tutos-Angular-Laravel-Codeigniter-Ionic-Flexbox-CSS/udemy/angular/citasMedicas/backend-api-citas/vendor/laravel/framework/src/Illuminate/Database/Connection.php(359): Illuminate\\Database\\Connection->run('select * from `...', Array, Object(Closure))
#12 /Volumes/ARCHIVOS/tutos-Angular-Laravel-Codeigniter-Ionic-Flexbox-CSS/udemy/angular/citasMedicas/backend-api-citas/vendor/laravel/framework/src/Illuminate/Database/Query/Builder.php(2413): Illuminate\\Database\\Connection->select('select * from `...', Array, true)
#13 /Volumes/ARCHIVOS/tutos-Angular-Laravel-Codeigniter-Ionic-Flexbox-CSS/udemy/angular/citasMedicas/backend-api-citas/vendor/laravel/framework/src/Illuminate/Database/Query/Builder.php(2402): Illuminate\\Database\\Query\\Builder->runSelect()
#14 /Volumes/ARCHIVOS/tutos-Angular-Laravel-Codeigniter-Ionic-Flexbox-CSS/udemy/angular/citasMedicas/backend-api-citas/vendor/laravel/framework/src/Illuminate/Database/Query/Builder.php(2936): Illuminate\\Database\\Query\\Builder->Illuminate\\Database\\Query\\{closure}()
#15 /Volumes/ARCHIVOS/tutos-Angular-Laravel-Codeigniter-Ionic-Flexbox-CSS/udemy/angular/citasMedicas/backend-api-citas/vendor/laravel/framework/src/Illuminate/Database/Query/Builder.php(2401): Illuminate\\Database\\Query\\Builder->onceWithColumns(Array, Object(Closure))
#16 /Volumes/ARCHIVOS/tutos-Angular-Laravel-Codeigniter-Ionic-Flexbox-CSS/udemy/angular/citasMedicas/backend-api-citas/vendor/laravel/framework/src/Illuminate/Database/Eloquent/Builder.php(625): Illuminate\\Database\\Query\\Builder->get(Array)
#17 /Volumes/ARCHIVOS/tutos-Angular-Laravel-Codeigniter-Ionic-Flexbox-CSS/udemy/angular/citasMedicas/backend-api-citas/vendor/laravel/framework/src/Illuminate/Database/Eloquent/Builder.php(609): Illuminate\\Database\\Eloquent\\Builder->getModels(Array)
#18 /Volumes/ARCHIVOS/tutos-Angular-Laravel-Codeigniter-Ionic-Flexbox-CSS/udemy/angular/citasMedicas/backend-api-citas/app/Console/Commands/NotificationAppointments.php(48): Illuminate\\Database\\Eloquent\\Builder->get()
#19 /Volumes/ARCHIVOS/tutos-Angular-Laravel-Codeigniter-Ionic-Flexbox-CSS/udemy/angular/citasMedicas/backend-api-citas/vendor/laravel/framework/src/Illuminate/Container/BoundMethod.php(36): App\\Console\\Commands\\NotificationAppointments->handle()
#20 /Volumes/ARCHIVOS/tutos-Angular-Laravel-Codeigniter-Ionic-Flexbox-CSS/udemy/angular/citasMedicas/backend-api-citas/vendor/laravel/framework/src/Illuminate/Container/Util.php(40): Illuminate\\Container\\BoundMethod::Illuminate\\Container\\{closure}()
#21 /Volumes/ARCHIVOS/tutos-Angular-Laravel-Codeigniter-Ionic-Flexbox-CSS/udemy/angular/citasMedicas/backend-api-citas/vendor/laravel/framework/src/Illuminate/Container/BoundMethod.php(93): Illuminate\\Container\\Util::unwrapIfClosure(Object(Closure))
#22 /Volumes/ARCHIVOS/tutos-Angular-Laravel-Codeigniter-Ionic-Flexbox-CSS/udemy/angular/citasMedicas/backend-api-citas/vendor/laravel/framework/src/Illuminate/Container/BoundMethod.php(35): Illuminate\\Container\\BoundMethod::callBoundMethod(Object(Illuminate\\Foundation\\Application), Array, Object(Closure))
#23 /Volumes/ARCHIVOS/tutos-Angular-Laravel-Codeigniter-Ionic-Flexbox-CSS/udemy/angular/citasMedicas/backend-api-citas/vendor/laravel/framework/src/Illuminate/Container/Container.php(653): Illuminate\\Container\\BoundMethod::call(Object(Illuminate\\Foundation\\Application), Array, Array, NULL)
#24 /Volumes/ARCHIVOS/tutos-Angular-Laravel-Codeigniter-Ionic-Flexbox-CSS/udemy/angular/citasMedicas/backend-api-citas/vendor/laravel/framework/src/Illuminate/Console/Command.php(136): Illuminate\\Container\\Container->call(Array)
#25 /Volumes/ARCHIVOS/tutos-Angular-Laravel-Codeigniter-Ionic-Flexbox-CSS/udemy/angular/citasMedicas/backend-api-citas/vendor/symfony/console/Command/Command.php(298): Illuminate\\Console\\Command->execute(Object(Symfony\\Component\\Console\\Input\\ArgvInput), Object(Illuminate\\Console\\OutputStyle))
#26 /Volumes/ARCHIVOS/tutos-Angular-Laravel-Codeigniter-Ionic-Flexbox-CSS/udemy/angular/citasMedicas/backend-api-citas/vendor/laravel/framework/src/Illuminate/Console/Command.php(120): Symfony\\Component\\Console\\Command\\Command->run(Object(Symfony\\Component\\Console\\Input\\ArgvInput), Object(Illuminate\\Console\\OutputStyle))
#27 /Volumes/ARCHIVOS/tutos-Angular-Laravel-Codeigniter-Ionic-Flexbox-CSS/udemy/angular/citasMedicas/backend-api-citas/vendor/symfony/console/Application.php(1040): Illuminate\\Console\\Command->run(Object(Symfony\\Component\\Console\\Input\\ArgvInput), Object(Symfony\\Component\\Console\\Output\\ConsoleOutput))
#28 /Volumes/ARCHIVOS/tutos-Angular-Laravel-Codeigniter-Ionic-Flexbox-CSS/udemy/angular/citasMedicas/backend-api-citas/vendor/symfony/console/Application.php(301): Symfony\\Component\\Console\\Application->doRunCommand(Object(App\\Console\\Commands\\NotificationAppointments), Object(Symfony\\Component\\Console\\Input\\ArgvInput), Object(Symfony\\Component\\Console\\Output\\ConsoleOutput))
#29 /Volumes/ARCHIVOS/tutos-Angular-Laravel-Codeigniter-Ionic-Flexbox-CSS/udemy/angular/citasMedicas/backend-api-citas/vendor/symfony/console/Application.php(171): Symfony\\Component\\Console\\Application->doRun(Object(Symfony\\Component\\Console\\Input\\ArgvInput), Object(Symfony\\Component\\Console\\Output\\ConsoleOutput))
#30 /Volumes/ARCHIVOS/tutos-Angular-Laravel-Codeigniter-Ionic-Flexbox-CSS/udemy/angular/citasMedicas/backend-api-citas/vendor/laravel/framework/src/Illuminate/Console/Application.php(94): Symfony\\Component\\Console\\Application->run(Object(Symfony\\Component\\Console\\Input\\ArgvInput), Object(Symfony\\Component\\Console\\Output\\ConsoleOutput))
#31 /Volumes/ARCHIVOS/tutos-Angular-Laravel-Codeigniter-Ionic-Flexbox-CSS/udemy/angular/citasMedicas/backend-api-citas/vendor/laravel/framework/src/Illuminate/Foundation/Console/Kernel.php(129): Illuminate\\Console\\Application->run(Object(Symfony\\Component\\Console\\Input\\ArgvInput), Object(Symfony\\Component\\Console\\Output\\ConsoleOutput))
#32 /Volumes/ARCHIVOS/tutos-Angular-Laravel-Codeigniter-Ionic-Flexbox-CSS/udemy/angular/citasMedicas/backend-api-citas/artisan(35): Illuminate\\Foundation\\Console\\Kernel->handle(Object(Symfony\\Component\\Console\\Input\\ArgvInput), Object(Symfony\\Component\\Console\\Output\\ConsoleOutput))
#33 {main}
"} 
[2023-12-18 17:08:48] local.ERROR: SQLSTATE[HY000] [2002] No such file or directory (SQL: select * from `appointments` where date(`date_appointment`) = 2023-12-20 and `status` = 1 and `appointments`.`deleted_at` is null) {"exception":"[object] (Illuminate\\Database\\QueryException(code: 2002): SQLSTATE[HY000] [2002] No such file or directory (SQL: select * from `appointments` where date(`date_appointment`) = 2023-12-20 and `status` = 1 and `appointments`.`deleted_at` is null) at /Volumes/ARCHIVOS/tutos-Angular-Laravel-Codeigniter-Ionic-Flexbox-CSS/udemy/angular/citasMedicas/backend-api-citas/vendor/laravel/framework/src/Illuminate/Database/Connection.php:712)
[stacktrace]
#0 /Volumes/ARCHIVOS/tutos-Angular-Laravel-Codeigniter-Ionic-Flexbox-CSS/udemy/angular/citasMedicas/backend-api-citas/vendor/laravel/framework/src/Illuminate/Database/Connection.php(672): Illuminate\\Database\\Connection->runQueryCallback('select * from `...', Array, Object(Closure))
#1 /Volumes/ARCHIVOS/tutos-Angular-Laravel-Codeigniter-Ionic-Flexbox-CSS/udemy/angular/citasMedicas/backend-api-citas/vendor/laravel/framework/src/Illuminate/Database/Connection.php(359): Illuminate\\Database\\Connection->run('select * from `...', Array, Object(Closure))
#2 /Volumes/ARCHIVOS/tutos-Angular-Laravel-Codeigniter-Ionic-Flexbox-CSS/udemy/angular/citasMedicas/backend-api-citas/vendor/laravel/framework/src/Illuminate/Database/Query/Builder.php(2413): Illuminate\\Database\\Connection->select('select * from `...', Array, true)
#3 /Volumes/ARCHIVOS/tutos-Angular-Laravel-Codeigniter-Ionic-Flexbox-CSS/udemy/angular/citasMedicas/backend-api-citas/vendor/laravel/framework/src/Illuminate/Database/Query/Builder.php(2402): Illuminate\\Database\\Query\\Builder->runSelect()
#4 /Volumes/ARCHIVOS/tutos-Angular-Laravel-Codeigniter-Ionic-Flexbox-CSS/udemy/angular/citasMedicas/backend-api-citas/vendor/laravel/framework/src/Illuminate/Database/Query/Builder.php(2936): Illuminate\\Database\\Query\\Builder->Illuminate\\Database\\Query\\{closure}()
#5 /Volumes/ARCHIVOS/tutos-Angular-Laravel-Codeigniter-Ionic-Flexbox-CSS/udemy/angular/citasMedicas/backend-api-citas/vendor/laravel/framework/src/Illuminate/Database/Query/Builder.php(2401): Illuminate\\Database\\Query\\Builder->onceWithColumns(Array, Object(Closure))
#6 /Volumes/ARCHIVOS/tutos-Angular-Laravel-Codeigniter-Ionic-Flexbox-CSS/udemy/angular/citasMedicas/backend-api-citas/vendor/laravel/framework/src/Illuminate/Database/Eloquent/Builder.php(625): Illuminate\\Database\\Query\\Builder->get(Array)
#7 /Volumes/ARCHIVOS/tutos-Angular-Laravel-Codeigniter-Ionic-Flexbox-CSS/udemy/angular/citasMedicas/backend-api-citas/vendor/laravel/framework/src/Illuminate/Database/Eloquent/Builder.php(609): Illuminate\\Database\\Eloquent\\Builder->getModels(Array)
#8 /Volumes/ARCHIVOS/tutos-Angular-Laravel-Codeigniter-Ionic-Flexbox-CSS/udemy/angular/citasMedicas/backend-api-citas/app/Console/Commands/NotificationAppointments.php(48): Illuminate\\Database\\Eloquent\\Builder->get()
#9 /Volumes/ARCHIVOS/tutos-Angular-Laravel-Codeigniter-Ionic-Flexbox-CSS/udemy/angular/citasMedicas/backend-api-citas/vendor/laravel/framework/src/Illuminate/Container/BoundMethod.php(36): App\\Console\\Commands\\NotificationAppointments->handle()
#10 /Volumes/ARCHIVOS/tutos-Angular-Laravel-Codeigniter-Ionic-Flexbox-CSS/udemy/angular/citasMedicas/backend-api-citas/vendor/laravel/framework/src/Illuminate/Container/Util.php(40): Illuminate\\Container\\BoundMethod::Illuminate\\Container\\{closure}()
#11 /Volumes/ARCHIVOS/tutos-Angular-Laravel-Codeigniter-Ionic-Flexbox-CSS/udemy/angular/citasMedicas/backend-api-citas/vendor/laravel/framework/src/Illuminate/Container/BoundMethod.php(93): Illuminate\\Container\\Util::unwrapIfClosure(Object(Closure))
#12 /Volumes/ARCHIVOS/tutos-Angular-Laravel-Codeigniter-Ionic-Flexbox-CSS/udemy/angular/citasMedicas/backend-api-citas/vendor/laravel/framework/src/Illuminate/Container/BoundMethod.php(35): Illuminate\\Container\\BoundMethod::callBoundMethod(Object(Illuminate\\Foundation\\Application), Array, Object(Closure))
#13 /Volumes/ARCHIVOS/tutos-Angular-Laravel-Codeigniter-Ionic-Flexbox-CSS/udemy/angular/citasMedicas/backend-api-citas/vendor/laravel/framework/src/Illuminate/Container/Container.php(653): Illuminate\\Container\\BoundMethod::call(Object(Illuminate\\Foundation\\Application), Array, Array, NULL)
#14 /Volumes/ARCHIVOS/tutos-Angular-Laravel-Codeigniter-Ionic-Flexbox-CSS/udemy/angular/citasMedicas/backend-api-citas/vendor/laravel/framework/src/Illuminate/Console/Command.php(136): Illuminate\\Container\\Container->call(Array)
#15 /Volumes/ARCHIVOS/tutos-Angular-Laravel-Codeigniter-Ionic-Flexbox-CSS/udemy/angular/citasMedicas/backend-api-citas/vendor/symfony/console/Command/Command.php(298): Illuminate\\Console\\Command->execute(Object(Symfony\\Component\\Console\\Input\\ArgvInput), Object(Illuminate\\Console\\OutputStyle))
#16 /Volumes/ARCHIVOS/tutos-Angular-Laravel-Codeigniter-Ionic-Flexbox-CSS/udemy/angular/citasMedicas/backend-api-citas/vendor/laravel/framework/src/Illuminate/Console/Command.php(120): Symfony\\Component\\Console\\Command\\Command->run(Object(Symfony\\Component\\Console\\Input\\ArgvInput), Object(Illuminate\\Console\\OutputStyle))
#17 /Volumes/ARCHIVOS/tutos-Angular-Laravel-Codeigniter-Ionic-Flexbox-CSS/udemy/angular/citasMedicas/backend-api-citas/vendor/symfony/console/Application.php(1040): Illuminate\\Console\\Command->run(Object(Symfony\\Component\\Console\\Input\\ArgvInput), Object(Symfony\\Component\\Console\\Output\\ConsoleOutput))
#18 /Volumes/ARCHIVOS/tutos-Angular-Laravel-Codeigniter-Ionic-Flexbox-CSS/udemy/angular/citasMedicas/backend-api-citas/vendor/symfony/console/Application.php(301): Symfony\\Component\\Console\\Application->doRunCommand(Object(App\\Console\\Commands\\NotificationAppointments), Object(Symfony\\Component\\Console\\Input\\ArgvInput), Object(Symfony\\Component\\Console\\Output\\ConsoleOutput))
#19 /Volumes/ARCHIVOS/tutos-Angular-Laravel-Codeigniter-Ionic-Flexbox-CSS/udemy/angular/citasMedicas/backend-api-citas/vendor/symfony/console/Application.php(171): Symfony\\Component\\Console\\Application->doRun(Object(Symfony\\Component\\Console\\Input\\ArgvInput), Object(Symfony\\Component\\Console\\Output\\ConsoleOutput))
#20 /Volumes/ARCHIVOS/tutos-Angular-Laravel-Codeigniter-Ionic-Flexbox-CSS/udemy/angular/citasMedicas/backend-api-citas/vendor/laravel/framework/src/Illuminate/Console/Application.php(94): Symfony\\Component\\Console\\Application->run(Object(Symfony\\Component\\Console\\Input\\ArgvInput), Object(Symfony\\Component\\Console\\Output\\ConsoleOutput))
#21 /Volumes/ARCHIVOS/tutos-Angular-Laravel-Codeigniter-Ionic-Flexbox-CSS/udemy/angular/citasMedicas/backend-api-citas/vendor/laravel/framework/src/Illuminate/Foundation/Console/Kernel.php(129): Illuminate\\Console\\Application->run(Object(Symfony\\Component\\Console\\Input\\ArgvInput), Object(Symfony\\Component\\Console\\Output\\ConsoleOutput))
#22 /Volumes/ARCHIVOS/tutos-Angular-Laravel-Codeigniter-Ionic-Flexbox-CSS/udemy/angular/citasMedicas/backend-api-citas/artisan(35): Illuminate\\Foundation\\Console\\Kernel->handle(Object(Symfony\\Component\\Console\\Input\\ArgvInput), Object(Symfony\\Component\\Console\\Output\\ConsoleOutput))
#23 {main}

[previous exception] [object] (PDOException(code: 2002): SQLSTATE[HY000] [2002] No such file or directory at /Volumes/ARCHIVOS/tutos-Angular-Laravel-Codeigniter-Ionic-Flexbox-CSS/udemy/angular/citasMedicas/backend-api-citas/vendor/laravel/framework/src/Illuminate/Database/Connectors/Connector.php:70)
[stacktrace]
#0 /Volumes/ARCHIVOS/tutos-Angular-Laravel-Codeigniter-Ionic-Flexbox-CSS/udemy/angular/citasMedicas/backend-api-citas/vendor/laravel/framework/src/Illuminate/Database/Connectors/Connector.php(70): PDO->__construct('mysql:host=loca...', 'u175197741_admi...', Object(SensitiveParameterValue), Array)
#1 /Volumes/ARCHIVOS/tutos-Angular-Laravel-Codeigniter-Ionic-Flexbox-CSS/udemy/angular/citasMedicas/backend-api-citas/vendor/laravel/framework/src/Illuminate/Database/Connectors/Connector.php(45): Illuminate\\Database\\Connectors\\Connector->createPdoConnection('mysql:host=loca...', 'u175197741_admi...', '+sD/Vo1E', Array)
#2 /Volumes/ARCHIVOS/tutos-Angular-Laravel-Codeigniter-Ionic-Flexbox-CSS/udemy/angular/citasMedicas/backend-api-citas/vendor/laravel/framework/src/Illuminate/Database/Connectors/MySqlConnector.php(24): Illuminate\\Database\\Connectors\\Connector->createConnection('mysql:host=loca...', Array, Array)
#3 /Volumes/ARCHIVOS/tutos-Angular-Laravel-Codeigniter-Ionic-Flexbox-CSS/udemy/angular/citasMedicas/backend-api-citas/vendor/laravel/framework/src/Illuminate/Database/Connectors/ConnectionFactory.php(184): Illuminate\\Database\\Connectors\\MySqlConnector->connect(Array)
#4 [internal function]: Illuminate\\Database\\Connectors\\ConnectionFactory->Illuminate\\Database\\Connectors\\{closure}()
#5 /Volumes/ARCHIVOS/tutos-Angular-Laravel-Codeigniter-Ionic-Flexbox-CSS/udemy/angular/citasMedicas/backend-api-citas/vendor/laravel/framework/src/Illuminate/Database/Connection.php(1064): call_user_func(Object(Closure))
#6 /Volumes/ARCHIVOS/tutos-Angular-Laravel-Codeigniter-Ionic-Flexbox-CSS/udemy/angular/citasMedicas/backend-api-citas/vendor/laravel/framework/src/Illuminate/Database/Connection.php(1100): Illuminate\\Database\\Connection->getPdo()
#7 /Volumes/ARCHIVOS/tutos-Angular-Laravel-Codeigniter-Ionic-Flexbox-CSS/udemy/angular/citasMedicas/backend-api-citas/vendor/laravel/framework/src/Illuminate/Database/Connection.php(442): Illuminate\\Database\\Connection->getReadPdo()
#8 /Volumes/ARCHIVOS/tutos-Angular-Laravel-Codeigniter-Ionic-Flexbox-CSS/udemy/angular/citasMedicas/backend-api-citas/vendor/laravel/framework/src/Illuminate/Database/Connection.php(368): Illuminate\\Database\\Connection->getPdoForSelect(true)
#9 /Volumes/ARCHIVOS/tutos-Angular-Laravel-Codeigniter-Ionic-Flexbox-CSS/udemy/angular/citasMedicas/backend-api-citas/vendor/laravel/framework/src/Illuminate/Database/Connection.php(705): Illuminate\\Database\\Connection->Illuminate\\Database\\{closure}('select * from `...', Array)
#10 /Volumes/ARCHIVOS/tutos-Angular-Laravel-Codeigniter-Ionic-Flexbox-CSS/udemy/angular/citasMedicas/backend-api-citas/vendor/laravel/framework/src/Illuminate/Database/Connection.php(672): Illuminate\\Database\\Connection->runQueryCallback('select * from `...', Array, Object(Closure))
#11 /Volumes/ARCHIVOS/tutos-Angular-Laravel-Codeigniter-Ionic-Flexbox-CSS/udemy/angular/citasMedicas/backend-api-citas/vendor/laravel/framework/src/Illuminate/Database/Connection.php(359): Illuminate\\Database\\Connection->run('select * from `...', Array, Object(Closure))
#12 /Volumes/ARCHIVOS/tutos-Angular-Laravel-Codeigniter-Ionic-Flexbox-CSS/udemy/angular/citasMedicas/backend-api-citas/vendor/laravel/framework/src/Illuminate/Database/Query/Builder.php(2413): Illuminate\\Database\\Connection->select('select * from `...', Array, true)
#13 /Volumes/ARCHIVOS/tutos-Angular-Laravel-Codeigniter-Ionic-Flexbox-CSS/udemy/angular/citasMedicas/backend-api-citas/vendor/laravel/framework/src/Illuminate/Database/Query/Builder.php(2402): Illuminate\\Database\\Query\\Builder->runSelect()
#14 /Volumes/ARCHIVOS/tutos-Angular-Laravel-Codeigniter-Ionic-Flexbox-CSS/udemy/angular/citasMedicas/backend-api-citas/vendor/laravel/framework/src/Illuminate/Database/Query/Builder.php(2936): Illuminate\\Database\\Query\\Builder->Illuminate\\Database\\Query\\{closure}()
#15 /Volumes/ARCHIVOS/tutos-Angular-Laravel-Codeigniter-Ionic-Flexbox-CSS/udemy/angular/citasMedicas/backend-api-citas/vendor/laravel/framework/src/Illuminate/Database/Query/Builder.php(2401): Illuminate\\Database\\Query\\Builder->onceWithColumns(Array, Object(Closure))
#16 /Volumes/ARCHIVOS/tutos-Angular-Laravel-Codeigniter-Ionic-Flexbox-CSS/udemy/angular/citasMedicas/backend-api-citas/vendor/laravel/framework/src/Illuminate/Database/Eloquent/Builder.php(625): Illuminate\\Database\\Query\\Builder->get(Array)
#17 /Volumes/ARCHIVOS/tutos-Angular-Laravel-Codeigniter-Ionic-Flexbox-CSS/udemy/angular/citasMedicas/backend-api-citas/vendor/laravel/framework/src/Illuminate/Database/Eloquent/Builder.php(609): Illuminate\\Database\\Eloquent\\Builder->getModels(Array)
#18 /Volumes/ARCHIVOS/tutos-Angular-Laravel-Codeigniter-Ionic-Flexbox-CSS/udemy/angular/citasMedicas/backend-api-citas/app/Console/Commands/NotificationAppointments.php(48): Illuminate\\Database\\Eloquent\\Builder->get()
#19 /Volumes/ARCHIVOS/tutos-Angular-Laravel-Codeigniter-Ionic-Flexbox-CSS/udemy/angular/citasMedicas/backend-api-citas/vendor/laravel/framework/src/Illuminate/Container/BoundMethod.php(36): App\\Console\\Commands\\NotificationAppointments->handle()
#20 /Volumes/ARCHIVOS/tutos-Angular-Laravel-Codeigniter-Ionic-Flexbox-CSS/udemy/angular/citasMedicas/backend-api-citas/vendor/laravel/framework/src/Illuminate/Container/Util.php(40): Illuminate\\Container\\BoundMethod::Illuminate\\Container\\{closure}()
#21 /Volumes/ARCHIVOS/tutos-Angular-Laravel-Codeigniter-Ionic-Flexbox-CSS/udemy/angular/citasMedicas/backend-api-citas/vendor/laravel/framework/src/Illuminate/Container/BoundMethod.php(93): Illuminate\\Container\\Util::unwrapIfClosure(Object(Closure))
#22 /Volumes/ARCHIVOS/tutos-Angular-Laravel-Codeigniter-Ionic-Flexbox-CSS/udemy/angular/citasMedicas/backend-api-citas/vendor/laravel/framework/src/Illuminate/Container/BoundMethod.php(35): Illuminate\\Container\\BoundMethod::callBoundMethod(Object(Illuminate\\Foundation\\Application), Array, Object(Closure))
#23 /Volumes/ARCHIVOS/tutos-Angular-Laravel-Codeigniter-Ionic-Flexbox-CSS/udemy/angular/citasMedicas/backend-api-citas/vendor/laravel/framework/src/Illuminate/Container/Container.php(653): Illuminate\\Container\\BoundMethod::call(Object(Illuminate\\Foundation\\Application), Array, Array, NULL)
#24 /Volumes/ARCHIVOS/tutos-Angular-Laravel-Codeigniter-Ionic-Flexbox-CSS/udemy/angular/citasMedicas/backend-api-citas/vendor/laravel/framework/src/Illuminate/Console/Command.php(136): Illuminate\\Container\\Container->call(Array)
#25 /Volumes/ARCHIVOS/tutos-Angular-Laravel-Codeigniter-Ionic-Flexbox-CSS/udemy/angular/citasMedicas/backend-api-citas/vendor/symfony/console/Command/Command.php(298): Illuminate\\Console\\Command->execute(Object(Symfony\\Component\\Console\\Input\\ArgvInput), Object(Illuminate\\Console\\OutputStyle))
#26 /Volumes/ARCHIVOS/tutos-Angular-Laravel-Codeigniter-Ionic-Flexbox-CSS/udemy/angular/citasMedicas/backend-api-citas/vendor/laravel/framework/src/Illuminate/Console/Command.php(120): Symfony\\Component\\Console\\Command\\Command->run(Object(Symfony\\Component\\Console\\Input\\ArgvInput), Object(Illuminate\\Console\\OutputStyle))
#27 /Volumes/ARCHIVOS/tutos-Angular-Laravel-Codeigniter-Ionic-Flexbox-CSS/udemy/angular/citasMedicas/backend-api-citas/vendor/symfony/console/Application.php(1040): Illuminate\\Console\\Command->run(Object(Symfony\\Component\\Console\\Input\\ArgvInput), Object(Symfony\\Component\\Console\\Output\\ConsoleOutput))
#28 /Volumes/ARCHIVOS/tutos-Angular-Laravel-Codeigniter-Ionic-Flexbox-CSS/udemy/angular/citasMedicas/backend-api-citas/vendor/symfony/console/Application.php(301): Symfony\\Component\\Console\\Application->doRunCommand(Object(App\\Console\\Commands\\NotificationAppointments), Object(Symfony\\Component\\Console\\Input\\ArgvInput), Object(Symfony\\Component\\Console\\Output\\ConsoleOutput))
#29 /Volumes/ARCHIVOS/tutos-Angular-Laravel-Codeigniter-Ionic-Flexbox-CSS/udemy/angular/citasMedicas/backend-api-citas/vendor/symfony/console/Application.php(171): Symfony\\Component\\Console\\Application->doRun(Object(Symfony\\Component\\Console\\Input\\ArgvInput), Object(Symfony\\Component\\Console\\Output\\ConsoleOutput))
#30 /Volumes/ARCHIVOS/tutos-Angular-Laravel-Codeigniter-Ionic-Flexbox-CSS/udemy/angular/citasMedicas/backend-api-citas/vendor/laravel/framework/src/Illuminate/Console/Application.php(94): Symfony\\Component\\Console\\Application->run(Object(Symfony\\Component\\Console\\Input\\ArgvInput), Object(Symfony\\Component\\Console\\Output\\ConsoleOutput))
#31 /Volumes/ARCHIVOS/tutos-Angular-Laravel-Codeigniter-Ionic-Flexbox-CSS/udemy/angular/citasMedicas/backend-api-citas/vendor/laravel/framework/src/Illuminate/Foundation/Console/Kernel.php(129): Illuminate\\Console\\Application->run(Object(Symfony\\Component\\Console\\Input\\ArgvInput), Object(Symfony\\Component\\Console\\Output\\ConsoleOutput))
#32 /Volumes/ARCHIVOS/tutos-Angular-Laravel-Codeigniter-Ionic-Flexbox-CSS/udemy/angular/citasMedicas/backend-api-citas/artisan(35): Illuminate\\Foundation\\Console\\Kernel->handle(Object(Symfony\\Component\\Console\\Input\\ArgvInput), Object(Symfony\\Component\\Console\\Output\\ConsoleOutput))
#33 {main}
"} 
[2023-12-18 17:09:41] local.ERROR: SQLSTATE[HY000] [2002] No such file or directory (SQL: select * from `appointments` where date(`date_appointment`) = 2023-12-20 and `status` = 1 and `appointments`.`deleted_at` is null) {"exception":"[object] (Illuminate\\Database\\QueryException(code: 2002): SQLSTATE[HY000] [2002] No such file or directory (SQL: select * from `appointments` where date(`date_appointment`) = 2023-12-20 and `status` = 1 and `appointments`.`deleted_at` is null) at /Volumes/ARCHIVOS/tutos-Angular-Laravel-Codeigniter-Ionic-Flexbox-CSS/udemy/angular/citasMedicas/backend-api-citas/vendor/laravel/framework/src/Illuminate/Database/Connection.php:712)
[stacktrace]
#0 /Volumes/ARCHIVOS/tutos-Angular-Laravel-Codeigniter-Ionic-Flexbox-CSS/udemy/angular/citasMedicas/backend-api-citas/vendor/laravel/framework/src/Illuminate/Database/Connection.php(672): Illuminate\\Database\\Connection->runQueryCallback('select * from `...', Array, Object(Closure))
#1 /Volumes/ARCHIVOS/tutos-Angular-Laravel-Codeigniter-Ionic-Flexbox-CSS/udemy/angular/citasMedicas/backend-api-citas/vendor/laravel/framework/src/Illuminate/Database/Connection.php(359): Illuminate\\Database\\Connection->run('select * from `...', Array, Object(Closure))
#2 /Volumes/ARCHIVOS/tutos-Angular-Laravel-Codeigniter-Ionic-Flexbox-CSS/udemy/angular/citasMedicas/backend-api-citas/vendor/laravel/framework/src/Illuminate/Database/Query/Builder.php(2413): Illuminate\\Database\\Connection->select('select * from `...', Array, true)
#3 /Volumes/ARCHIVOS/tutos-Angular-Laravel-Codeigniter-Ionic-Flexbox-CSS/udemy/angular/citasMedicas/backend-api-citas/vendor/laravel/framework/src/Illuminate/Database/Query/Builder.php(2402): Illuminate\\Database\\Query\\Builder->runSelect()
#4 /Volumes/ARCHIVOS/tutos-Angular-Laravel-Codeigniter-Ionic-Flexbox-CSS/udemy/angular/citasMedicas/backend-api-citas/vendor/laravel/framework/src/Illuminate/Database/Query/Builder.php(2936): Illuminate\\Database\\Query\\Builder->Illuminate\\Database\\Query\\{closure}()
#5 /Volumes/ARCHIVOS/tutos-Angular-Laravel-Codeigniter-Ionic-Flexbox-CSS/udemy/angular/citasMedicas/backend-api-citas/vendor/laravel/framework/src/Illuminate/Database/Query/Builder.php(2401): Illuminate\\Database\\Query\\Builder->onceWithColumns(Array, Object(Closure))
#6 /Volumes/ARCHIVOS/tutos-Angular-Laravel-Codeigniter-Ionic-Flexbox-CSS/udemy/angular/citasMedicas/backend-api-citas/vendor/laravel/framework/src/Illuminate/Database/Eloquent/Builder.php(625): Illuminate\\Database\\Query\\Builder->get(Array)
#7 /Volumes/ARCHIVOS/tutos-Angular-Laravel-Codeigniter-Ionic-Flexbox-CSS/udemy/angular/citasMedicas/backend-api-citas/vendor/laravel/framework/src/Illuminate/Database/Eloquent/Builder.php(609): Illuminate\\Database\\Eloquent\\Builder->getModels(Array)
#8 /Volumes/ARCHIVOS/tutos-Angular-Laravel-Codeigniter-Ionic-Flexbox-CSS/udemy/angular/citasMedicas/backend-api-citas/app/Console/Commands/NotificationAppointments.php(48): Illuminate\\Database\\Eloquent\\Builder->get()
#9 /Volumes/ARCHIVOS/tutos-Angular-Laravel-Codeigniter-Ionic-Flexbox-CSS/udemy/angular/citasMedicas/backend-api-citas/vendor/laravel/framework/src/Illuminate/Container/BoundMethod.php(36): App\\Console\\Commands\\NotificationAppointments->handle()
#10 /Volumes/ARCHIVOS/tutos-Angular-Laravel-Codeigniter-Ionic-Flexbox-CSS/udemy/angular/citasMedicas/backend-api-citas/vendor/laravel/framework/src/Illuminate/Container/Util.php(40): Illuminate\\Container\\BoundMethod::Illuminate\\Container\\{closure}()
#11 /Volumes/ARCHIVOS/tutos-Angular-Laravel-Codeigniter-Ionic-Flexbox-CSS/udemy/angular/citasMedicas/backend-api-citas/vendor/laravel/framework/src/Illuminate/Container/BoundMethod.php(93): Illuminate\\Container\\Util::unwrapIfClosure(Object(Closure))
#12 /Volumes/ARCHIVOS/tutos-Angular-Laravel-Codeigniter-Ionic-Flexbox-CSS/udemy/angular/citasMedicas/backend-api-citas/vendor/laravel/framework/src/Illuminate/Container/BoundMethod.php(35): Illuminate\\Container\\BoundMethod::callBoundMethod(Object(Illuminate\\Foundation\\Application), Array, Object(Closure))
#13 /Volumes/ARCHIVOS/tutos-Angular-Laravel-Codeigniter-Ionic-Flexbox-CSS/udemy/angular/citasMedicas/backend-api-citas/vendor/laravel/framework/src/Illuminate/Container/Container.php(653): Illuminate\\Container\\BoundMethod::call(Object(Illuminate\\Foundation\\Application), Array, Array, NULL)
#14 /Volumes/ARCHIVOS/tutos-Angular-Laravel-Codeigniter-Ionic-Flexbox-CSS/udemy/angular/citasMedicas/backend-api-citas/vendor/laravel/framework/src/Illuminate/Console/Command.php(136): Illuminate\\Container\\Container->call(Array)
#15 /Volumes/ARCHIVOS/tutos-Angular-Laravel-Codeigniter-Ionic-Flexbox-CSS/udemy/angular/citasMedicas/backend-api-citas/vendor/symfony/console/Command/Command.php(298): Illuminate\\Console\\Command->execute(Object(Symfony\\Component\\Console\\Input\\ArgvInput), Object(Illuminate\\Console\\OutputStyle))
#16 /Volumes/ARCHIVOS/tutos-Angular-Laravel-Codeigniter-Ionic-Flexbox-CSS/udemy/angular/citasMedicas/backend-api-citas/vendor/laravel/framework/src/Illuminate/Console/Command.php(120): Symfony\\Component\\Console\\Command\\Command->run(Object(Symfony\\Component\\Console\\Input\\ArgvInput), Object(Illuminate\\Console\\OutputStyle))
#17 /Volumes/ARCHIVOS/tutos-Angular-Laravel-Codeigniter-Ionic-Flexbox-CSS/udemy/angular/citasMedicas/backend-api-citas/vendor/symfony/console/Application.php(1040): Illuminate\\Console\\Command->run(Object(Symfony\\Component\\Console\\Input\\ArgvInput), Object(Symfony\\Component\\Console\\Output\\ConsoleOutput))
#18 /Volumes/ARCHIVOS/tutos-Angular-Laravel-Codeigniter-Ionic-Flexbox-CSS/udemy/angular/citasMedicas/backend-api-citas/vendor/symfony/console/Application.php(301): Symfony\\Component\\Console\\Application->doRunCommand(Object(App\\Console\\Commands\\NotificationAppointments), Object(Symfony\\Component\\Console\\Input\\ArgvInput), Object(Symfony\\Component\\Console\\Output\\ConsoleOutput))
#19 /Volumes/ARCHIVOS/tutos-Angular-Laravel-Codeigniter-Ionic-Flexbox-CSS/udemy/angular/citasMedicas/backend-api-citas/vendor/symfony/console/Application.php(171): Symfony\\Component\\Console\\Application->doRun(Object(Symfony\\Component\\Console\\Input\\ArgvInput), Object(Symfony\\Component\\Console\\Output\\ConsoleOutput))
#20 /Volumes/ARCHIVOS/tutos-Angular-Laravel-Codeigniter-Ionic-Flexbox-CSS/udemy/angular/citasMedicas/backend-api-citas/vendor/laravel/framework/src/Illuminate/Console/Application.php(94): Symfony\\Component\\Console\\Application->run(Object(Symfony\\Component\\Console\\Input\\ArgvInput), Object(Symfony\\Component\\Console\\Output\\ConsoleOutput))
#21 /Volumes/ARCHIVOS/tutos-Angular-Laravel-Codeigniter-Ionic-Flexbox-CSS/udemy/angular/citasMedicas/backend-api-citas/vendor/laravel/framework/src/Illuminate/Foundation/Console/Kernel.php(129): Illuminate\\Console\\Application->run(Object(Symfony\\Component\\Console\\Input\\ArgvInput), Object(Symfony\\Component\\Console\\Output\\ConsoleOutput))
#22 /Volumes/ARCHIVOS/tutos-Angular-Laravel-Codeigniter-Ionic-Flexbox-CSS/udemy/angular/citasMedicas/backend-api-citas/artisan(35): Illuminate\\Foundation\\Console\\Kernel->handle(Object(Symfony\\Component\\Console\\Input\\ArgvInput), Object(Symfony\\Component\\Console\\Output\\ConsoleOutput))
#23 {main}

[previous exception] [object] (PDOException(code: 2002): SQLSTATE[HY000] [2002] No such file or directory at /Volumes/ARCHIVOS/tutos-Angular-Laravel-Codeigniter-Ionic-Flexbox-CSS/udemy/angular/citasMedicas/backend-api-citas/vendor/laravel/framework/src/Illuminate/Database/Connectors/Connector.php:70)
[stacktrace]
#0 /Volumes/ARCHIVOS/tutos-Angular-Laravel-Codeigniter-Ionic-Flexbox-CSS/udemy/angular/citasMedicas/backend-api-citas/vendor/laravel/framework/src/Illuminate/Database/Connectors/Connector.php(70): PDO->__construct('mysql:host=loca...', 'u175197741_admi...', Object(SensitiveParameterValue), Array)
#1 /Volumes/ARCHIVOS/tutos-Angular-Laravel-Codeigniter-Ionic-Flexbox-CSS/udemy/angular/citasMedicas/backend-api-citas/vendor/laravel/framework/src/Illuminate/Database/Connectors/Connector.php(45): Illuminate\\Database\\Connectors\\Connector->createPdoConnection('mysql:host=loca...', 'u175197741_admi...', '+sD/Vo1E', Array)
#2 /Volumes/ARCHIVOS/tutos-Angular-Laravel-Codeigniter-Ionic-Flexbox-CSS/udemy/angular/citasMedicas/backend-api-citas/vendor/laravel/framework/src/Illuminate/Database/Connectors/MySqlConnector.php(24): Illuminate\\Database\\Connectors\\Connector->createConnection('mysql:host=loca...', Array, Array)
#3 /Volumes/ARCHIVOS/tutos-Angular-Laravel-Codeigniter-Ionic-Flexbox-CSS/udemy/angular/citasMedicas/backend-api-citas/vendor/laravel/framework/src/Illuminate/Database/Connectors/ConnectionFactory.php(184): Illuminate\\Database\\Connectors\\MySqlConnector->connect(Array)
#4 [internal function]: Illuminate\\Database\\Connectors\\ConnectionFactory->Illuminate\\Database\\Connectors\\{closure}()
#5 /Volumes/ARCHIVOS/tutos-Angular-Laravel-Codeigniter-Ionic-Flexbox-CSS/udemy/angular/citasMedicas/backend-api-citas/vendor/laravel/framework/src/Illuminate/Database/Connection.php(1064): call_user_func(Object(Closure))
#6 /Volumes/ARCHIVOS/tutos-Angular-Laravel-Codeigniter-Ionic-Flexbox-CSS/udemy/angular/citasMedicas/backend-api-citas/vendor/laravel/framework/src/Illuminate/Database/Connection.php(1100): Illuminate\\Database\\Connection->getPdo()
#7 /Volumes/ARCHIVOS/tutos-Angular-Laravel-Codeigniter-Ionic-Flexbox-CSS/udemy/angular/citasMedicas/backend-api-citas/vendor/laravel/framework/src/Illuminate/Database/Connection.php(442): Illuminate\\Database\\Connection->getReadPdo()
#8 /Volumes/ARCHIVOS/tutos-Angular-Laravel-Codeigniter-Ionic-Flexbox-CSS/udemy/angular/citasMedicas/backend-api-citas/vendor/laravel/framework/src/Illuminate/Database/Connection.php(368): Illuminate\\Database\\Connection->getPdoForSelect(true)
#9 /Volumes/ARCHIVOS/tutos-Angular-Laravel-Codeigniter-Ionic-Flexbox-CSS/udemy/angular/citasMedicas/backend-api-citas/vendor/laravel/framework/src/Illuminate/Database/Connection.php(705): Illuminate\\Database\\Connection->Illuminate\\Database\\{closure}('select * from `...', Array)
#10 /Volumes/ARCHIVOS/tutos-Angular-Laravel-Codeigniter-Ionic-Flexbox-CSS/udemy/angular/citasMedicas/backend-api-citas/vendor/laravel/framework/src/Illuminate/Database/Connection.php(672): Illuminate\\Database\\Connection->runQueryCallback('select * from `...', Array, Object(Closure))
#11 /Volumes/ARCHIVOS/tutos-Angular-Laravel-Codeigniter-Ionic-Flexbox-CSS/udemy/angular/citasMedicas/backend-api-citas/vendor/laravel/framework/src/Illuminate/Database/Connection.php(359): Illuminate\\Database\\Connection->run('select * from `...', Array, Object(Closure))
#12 /Volumes/ARCHIVOS/tutos-Angular-Laravel-Codeigniter-Ionic-Flexbox-CSS/udemy/angular/citasMedicas/backend-api-citas/vendor/laravel/framework/src/Illuminate/Database/Query/Builder.php(2413): Illuminate\\Database\\Connection->select('select * from `...', Array, true)
#13 /Volumes/ARCHIVOS/tutos-Angular-Laravel-Codeigniter-Ionic-Flexbox-CSS/udemy/angular/citasMedicas/backend-api-citas/vendor/laravel/framework/src/Illuminate/Database/Query/Builder.php(2402): Illuminate\\Database\\Query\\Builder->runSelect()
#14 /Volumes/ARCHIVOS/tutos-Angular-Laravel-Codeigniter-Ionic-Flexbox-CSS/udemy/angular/citasMedicas/backend-api-citas/vendor/laravel/framework/src/Illuminate/Database/Query/Builder.php(2936): Illuminate\\Database\\Query\\Builder->Illuminate\\Database\\Query\\{closure}()
#15 /Volumes/ARCHIVOS/tutos-Angular-Laravel-Codeigniter-Ionic-Flexbox-CSS/udemy/angular/citasMedicas/backend-api-citas/vendor/laravel/framework/src/Illuminate/Database/Query/Builder.php(2401): Illuminate\\Database\\Query\\Builder->onceWithColumns(Array, Object(Closure))
#16 /Volumes/ARCHIVOS/tutos-Angular-Laravel-Codeigniter-Ionic-Flexbox-CSS/udemy/angular/citasMedicas/backend-api-citas/vendor/laravel/framework/src/Illuminate/Database/Eloquent/Builder.php(625): Illuminate\\Database\\Query\\Builder->get(Array)
#17 /Volumes/ARCHIVOS/tutos-Angular-Laravel-Codeigniter-Ionic-Flexbox-CSS/udemy/angular/citasMedicas/backend-api-citas/vendor/laravel/framework/src/Illuminate/Database/Eloquent/Builder.php(609): Illuminate\\Database\\Eloquent\\Builder->getModels(Array)
#18 /Volumes/ARCHIVOS/tutos-Angular-Laravel-Codeigniter-Ionic-Flexbox-CSS/udemy/angular/citasMedicas/backend-api-citas/app/Console/Commands/NotificationAppointments.php(48): Illuminate\\Database\\Eloquent\\Builder->get()
#19 /Volumes/ARCHIVOS/tutos-Angular-Laravel-Codeigniter-Ionic-Flexbox-CSS/udemy/angular/citasMedicas/backend-api-citas/vendor/laravel/framework/src/Illuminate/Container/BoundMethod.php(36): App\\Console\\Commands\\NotificationAppointments->handle()
#20 /Volumes/ARCHIVOS/tutos-Angular-Laravel-Codeigniter-Ionic-Flexbox-CSS/udemy/angular/citasMedicas/backend-api-citas/vendor/laravel/framework/src/Illuminate/Container/Util.php(40): Illuminate\\Container\\BoundMethod::Illuminate\\Container\\{closure}()
#21 /Volumes/ARCHIVOS/tutos-Angular-Laravel-Codeigniter-Ionic-Flexbox-CSS/udemy/angular/citasMedicas/backend-api-citas/vendor/laravel/framework/src/Illuminate/Container/BoundMethod.php(93): Illuminate\\Container\\Util::unwrapIfClosure(Object(Closure))
#22 /Volumes/ARCHIVOS/tutos-Angular-Laravel-Codeigniter-Ionic-Flexbox-CSS/udemy/angular/citasMedicas/backend-api-citas/vendor/laravel/framework/src/Illuminate/Container/BoundMethod.php(35): Illuminate\\Container\\BoundMethod::callBoundMethod(Object(Illuminate\\Foundation\\Application), Array, Object(Closure))
#23 /Volumes/ARCHIVOS/tutos-Angular-Laravel-Codeigniter-Ionic-Flexbox-CSS/udemy/angular/citasMedicas/backend-api-citas/vendor/laravel/framework/src/Illuminate/Container/Container.php(653): Illuminate\\Container\\BoundMethod::call(Object(Illuminate\\Foundation\\Application), Array, Array, NULL)
#24 /Volumes/ARCHIVOS/tutos-Angular-Laravel-Codeigniter-Ionic-Flexbox-CSS/udemy/angular/citasMedicas/backend-api-citas/vendor/laravel/framework/src/Illuminate/Console/Command.php(136): Illuminate\\Container\\Container->call(Array)
#25 /Volumes/ARCHIVOS/tutos-Angular-Laravel-Codeigniter-Ionic-Flexbox-CSS/udemy/angular/citasMedicas/backend-api-citas/vendor/symfony/console/Command/Command.php(298): Illuminate\\Console\\Command->execute(Object(Symfony\\Component\\Console\\Input\\ArgvInput), Object(Illuminate\\Console\\OutputStyle))
#26 /Volumes/ARCHIVOS/tutos-Angular-Laravel-Codeigniter-Ionic-Flexbox-CSS/udemy/angular/citasMedicas/backend-api-citas/vendor/laravel/framework/src/Illuminate/Console/Command.php(120): Symfony\\Component\\Console\\Command\\Command->run(Object(Symfony\\Component\\Console\\Input\\ArgvInput), Object(Illuminate\\Console\\OutputStyle))
#27 /Volumes/ARCHIVOS/tutos-Angular-Laravel-Codeigniter-Ionic-Flexbox-CSS/udemy/angular/citasMedicas/backend-api-citas/vendor/symfony/console/Application.php(1040): Illuminate\\Console\\Command->run(Object(Symfony\\Component\\Console\\Input\\ArgvInput), Object(Symfony\\Component\\Console\\Output\\ConsoleOutput))
#28 /Volumes/ARCHIVOS/tutos-Angular-Laravel-Codeigniter-Ionic-Flexbox-CSS/udemy/angular/citasMedicas/backend-api-citas/vendor/symfony/console/Application.php(301): Symfony\\Component\\Console\\Application->doRunCommand(Object(App\\Console\\Commands\\NotificationAppointments), Object(Symfony\\Component\\Console\\Input\\ArgvInput), Object(Symfony\\Component\\Console\\Output\\ConsoleOutput))
#29 /Volumes/ARCHIVOS/tutos-Angular-Laravel-Codeigniter-Ionic-Flexbox-CSS/udemy/angular/citasMedicas/backend-api-citas/vendor/symfony/console/Application.php(171): Symfony\\Component\\Console\\Application->doRun(Object(Symfony\\Component\\Console\\Input\\ArgvInput), Object(Symfony\\Component\\Console\\Output\\ConsoleOutput))
#30 /Volumes/ARCHIVOS/tutos-Angular-Laravel-Codeigniter-Ionic-Flexbox-CSS/udemy/angular/citasMedicas/backend-api-citas/vendor/laravel/framework/src/Illuminate/Console/Application.php(94): Symfony\\Component\\Console\\Application->run(Object(Symfony\\Component\\Console\\Input\\ArgvInput), Object(Symfony\\Component\\Console\\Output\\ConsoleOutput))
#31 /Volumes/ARCHIVOS/tutos-Angular-Laravel-Codeigniter-Ionic-Flexbox-CSS/udemy/angular/citasMedicas/backend-api-citas/vendor/laravel/framework/src/Illuminate/Foundation/Console/Kernel.php(129): Illuminate\\Console\\Application->run(Object(Symfony\\Component\\Console\\Input\\ArgvInput), Object(Symfony\\Component\\Console\\Output\\ConsoleOutput))
#32 /Volumes/ARCHIVOS/tutos-Angular-Laravel-Codeigniter-Ionic-Flexbox-CSS/udemy/angular/citasMedicas/backend-api-citas/artisan(35): Illuminate\\Foundation\\Console\\Kernel->handle(Object(Symfony\\Component\\Console\\Input\\ArgvInput), Object(Symfony\\Component\\Console\\Output\\ConsoleOutput))
#33 {main}
"} 
[2023-12-18 17:11:30] local.ERROR: SQLSTATE[HY000] [2002] No such file or directory (SQL: select * from `appointments` where date(`date_appointment`) = 2023-12-20 and `status` = 1 and `appointments`.`deleted_at` is null) {"exception":"[object] (Illuminate\\Database\\QueryException(code: 2002): SQLSTATE[HY000] [2002] No such file or directory (SQL: select * from `appointments` where date(`date_appointment`) = 2023-12-20 and `status` = 1 and `appointments`.`deleted_at` is null) at /Volumes/ARCHIVOS/tutos-Angular-Laravel-Codeigniter-Ionic-Flexbox-CSS/udemy/angular/citasMedicas/backend-api-citas/vendor/laravel/framework/src/Illuminate/Database/Connection.php:712)
[stacktrace]
#0 /Volumes/ARCHIVOS/tutos-Angular-Laravel-Codeigniter-Ionic-Flexbox-CSS/udemy/angular/citasMedicas/backend-api-citas/vendor/laravel/framework/src/Illuminate/Database/Connection.php(672): Illuminate\\Database\\Connection->runQueryCallback('select * from `...', Array, Object(Closure))
#1 /Volumes/ARCHIVOS/tutos-Angular-Laravel-Codeigniter-Ionic-Flexbox-CSS/udemy/angular/citasMedicas/backend-api-citas/vendor/laravel/framework/src/Illuminate/Database/Connection.php(359): Illuminate\\Database\\Connection->run('select * from `...', Array, Object(Closure))
#2 /Volumes/ARCHIVOS/tutos-Angular-Laravel-Codeigniter-Ionic-Flexbox-CSS/udemy/angular/citasMedicas/backend-api-citas/vendor/laravel/framework/src/Illuminate/Database/Query/Builder.php(2413): Illuminate\\Database\\Connection->select('select * from `...', Array, true)
#3 /Volumes/ARCHIVOS/tutos-Angular-Laravel-Codeigniter-Ionic-Flexbox-CSS/udemy/angular/citasMedicas/backend-api-citas/vendor/laravel/framework/src/Illuminate/Database/Query/Builder.php(2402): Illuminate\\Database\\Query\\Builder->runSelect()
#4 /Volumes/ARCHIVOS/tutos-Angular-Laravel-Codeigniter-Ionic-Flexbox-CSS/udemy/angular/citasMedicas/backend-api-citas/vendor/laravel/framework/src/Illuminate/Database/Query/Builder.php(2936): Illuminate\\Database\\Query\\Builder->Illuminate\\Database\\Query\\{closure}()
#5 /Volumes/ARCHIVOS/tutos-Angular-Laravel-Codeigniter-Ionic-Flexbox-CSS/udemy/angular/citasMedicas/backend-api-citas/vendor/laravel/framework/src/Illuminate/Database/Query/Builder.php(2401): Illuminate\\Database\\Query\\Builder->onceWithColumns(Array, Object(Closure))
#6 /Volumes/ARCHIVOS/tutos-Angular-Laravel-Codeigniter-Ionic-Flexbox-CSS/udemy/angular/citasMedicas/backend-api-citas/vendor/laravel/framework/src/Illuminate/Database/Eloquent/Builder.php(625): Illuminate\\Database\\Query\\Builder->get(Array)
#7 /Volumes/ARCHIVOS/tutos-Angular-Laravel-Codeigniter-Ionic-Flexbox-CSS/udemy/angular/citasMedicas/backend-api-citas/vendor/laravel/framework/src/Illuminate/Database/Eloquent/Builder.php(609): Illuminate\\Database\\Eloquent\\Builder->getModels(Array)
#8 /Volumes/ARCHIVOS/tutos-Angular-Laravel-Codeigniter-Ionic-Flexbox-CSS/udemy/angular/citasMedicas/backend-api-citas/app/Console/Commands/NotificationAppointments.php(48): Illuminate\\Database\\Eloquent\\Builder->get()
#9 /Volumes/ARCHIVOS/tutos-Angular-Laravel-Codeigniter-Ionic-Flexbox-CSS/udemy/angular/citasMedicas/backend-api-citas/vendor/laravel/framework/src/Illuminate/Container/BoundMethod.php(36): App\\Console\\Commands\\NotificationAppointments->handle()
#10 /Volumes/ARCHIVOS/tutos-Angular-Laravel-Codeigniter-Ionic-Flexbox-CSS/udemy/angular/citasMedicas/backend-api-citas/vendor/laravel/framework/src/Illuminate/Container/Util.php(40): Illuminate\\Container\\BoundMethod::Illuminate\\Container\\{closure}()
#11 /Volumes/ARCHIVOS/tutos-Angular-Laravel-Codeigniter-Ionic-Flexbox-CSS/udemy/angular/citasMedicas/backend-api-citas/vendor/laravel/framework/src/Illuminate/Container/BoundMethod.php(93): Illuminate\\Container\\Util::unwrapIfClosure(Object(Closure))
#12 /Volumes/ARCHIVOS/tutos-Angular-Laravel-Codeigniter-Ionic-Flexbox-CSS/udemy/angular/citasMedicas/backend-api-citas/vendor/laravel/framework/src/Illuminate/Container/BoundMethod.php(35): Illuminate\\Container\\BoundMethod::callBoundMethod(Object(Illuminate\\Foundation\\Application), Array, Object(Closure))
#13 /Volumes/ARCHIVOS/tutos-Angular-Laravel-Codeigniter-Ionic-Flexbox-CSS/udemy/angular/citasMedicas/backend-api-citas/vendor/laravel/framework/src/Illuminate/Container/Container.php(653): Illuminate\\Container\\BoundMethod::call(Object(Illuminate\\Foundation\\Application), Array, Array, NULL)
#14 /Volumes/ARCHIVOS/tutos-Angular-Laravel-Codeigniter-Ionic-Flexbox-CSS/udemy/angular/citasMedicas/backend-api-citas/vendor/laravel/framework/src/Illuminate/Console/Command.php(136): Illuminate\\Container\\Container->call(Array)
#15 /Volumes/ARCHIVOS/tutos-Angular-Laravel-Codeigniter-Ionic-Flexbox-CSS/udemy/angular/citasMedicas/backend-api-citas/vendor/symfony/console/Command/Command.php(298): Illuminate\\Console\\Command->execute(Object(Symfony\\Component\\Console\\Input\\ArgvInput), Object(Illuminate\\Console\\OutputStyle))
#16 /Volumes/ARCHIVOS/tutos-Angular-Laravel-Codeigniter-Ionic-Flexbox-CSS/udemy/angular/citasMedicas/backend-api-citas/vendor/laravel/framework/src/Illuminate/Console/Command.php(120): Symfony\\Component\\Console\\Command\\Command->run(Object(Symfony\\Component\\Console\\Input\\ArgvInput), Object(Illuminate\\Console\\OutputStyle))
#17 /Volumes/ARCHIVOS/tutos-Angular-Laravel-Codeigniter-Ionic-Flexbox-CSS/udemy/angular/citasMedicas/backend-api-citas/vendor/symfony/console/Application.php(1040): Illuminate\\Console\\Command->run(Object(Symfony\\Component\\Console\\Input\\ArgvInput), Object(Symfony\\Component\\Console\\Output\\ConsoleOutput))
#18 /Volumes/ARCHIVOS/tutos-Angular-Laravel-Codeigniter-Ionic-Flexbox-CSS/udemy/angular/citasMedicas/backend-api-citas/vendor/symfony/console/Application.php(301): Symfony\\Component\\Console\\Application->doRunCommand(Object(App\\Console\\Commands\\NotificationAppointments), Object(Symfony\\Component\\Console\\Input\\ArgvInput), Object(Symfony\\Component\\Console\\Output\\ConsoleOutput))
#19 /Volumes/ARCHIVOS/tutos-Angular-Laravel-Codeigniter-Ionic-Flexbox-CSS/udemy/angular/citasMedicas/backend-api-citas/vendor/symfony/console/Application.php(171): Symfony\\Component\\Console\\Application->doRun(Object(Symfony\\Component\\Console\\Input\\ArgvInput), Object(Symfony\\Component\\Console\\Output\\ConsoleOutput))
#20 /Volumes/ARCHIVOS/tutos-Angular-Laravel-Codeigniter-Ionic-Flexbox-CSS/udemy/angular/citasMedicas/backend-api-citas/vendor/laravel/framework/src/Illuminate/Console/Application.php(94): Symfony\\Component\\Console\\Application->run(Object(Symfony\\Component\\Console\\Input\\ArgvInput), Object(Symfony\\Component\\Console\\Output\\ConsoleOutput))
#21 /Volumes/ARCHIVOS/tutos-Angular-Laravel-Codeigniter-Ionic-Flexbox-CSS/udemy/angular/citasMedicas/backend-api-citas/vendor/laravel/framework/src/Illuminate/Foundation/Console/Kernel.php(129): Illuminate\\Console\\Application->run(Object(Symfony\\Component\\Console\\Input\\ArgvInput), Object(Symfony\\Component\\Console\\Output\\ConsoleOutput))
#22 /Volumes/ARCHIVOS/tutos-Angular-Laravel-Codeigniter-Ionic-Flexbox-CSS/udemy/angular/citasMedicas/backend-api-citas/artisan(35): Illuminate\\Foundation\\Console\\Kernel->handle(Object(Symfony\\Component\\Console\\Input\\ArgvInput), Object(Symfony\\Component\\Console\\Output\\ConsoleOutput))
#23 {main}

[previous exception] [object] (PDOException(code: 2002): SQLSTATE[HY000] [2002] No such file or directory at /Volumes/ARCHIVOS/tutos-Angular-Laravel-Codeigniter-Ionic-Flexbox-CSS/udemy/angular/citasMedicas/backend-api-citas/vendor/laravel/framework/src/Illuminate/Database/Connectors/Connector.php:70)
[stacktrace]
#0 /Volumes/ARCHIVOS/tutos-Angular-Laravel-Codeigniter-Ionic-Flexbox-CSS/udemy/angular/citasMedicas/backend-api-citas/vendor/laravel/framework/src/Illuminate/Database/Connectors/Connector.php(70): PDO->__construct('mysql:host=loca...', 'u175197741_admi...', Object(SensitiveParameterValue), Array)
#1 /Volumes/ARCHIVOS/tutos-Angular-Laravel-Codeigniter-Ionic-Flexbox-CSS/udemy/angular/citasMedicas/backend-api-citas/vendor/laravel/framework/src/Illuminate/Database/Connectors/Connector.php(45): Illuminate\\Database\\Connectors\\Connector->createPdoConnection('mysql:host=loca...', 'u175197741_admi...', '+sD/Vo1E', Array)
#2 /Volumes/ARCHIVOS/tutos-Angular-Laravel-Codeigniter-Ionic-Flexbox-CSS/udemy/angular/citasMedicas/backend-api-citas/vendor/laravel/framework/src/Illuminate/Database/Connectors/MySqlConnector.php(24): Illuminate\\Database\\Connectors\\Connector->createConnection('mysql:host=loca...', Array, Array)
#3 /Volumes/ARCHIVOS/tutos-Angular-Laravel-Codeigniter-Ionic-Flexbox-CSS/udemy/angular/citasMedicas/backend-api-citas/vendor/laravel/framework/src/Illuminate/Database/Connectors/ConnectionFactory.php(184): Illuminate\\Database\\Connectors\\MySqlConnector->connect(Array)
#4 [internal function]: Illuminate\\Database\\Connectors\\ConnectionFactory->Illuminate\\Database\\Connectors\\{closure}()
#5 /Volumes/ARCHIVOS/tutos-Angular-Laravel-Codeigniter-Ionic-Flexbox-CSS/udemy/angular/citasMedicas/backend-api-citas/vendor/laravel/framework/src/Illuminate/Database/Connection.php(1064): call_user_func(Object(Closure))
#6 /Volumes/ARCHIVOS/tutos-Angular-Laravel-Codeigniter-Ionic-Flexbox-CSS/udemy/angular/citasMedicas/backend-api-citas/vendor/laravel/framework/src/Illuminate/Database/Connection.php(1100): Illuminate\\Database\\Connection->getPdo()
#7 /Volumes/ARCHIVOS/tutos-Angular-Laravel-Codeigniter-Ionic-Flexbox-CSS/udemy/angular/citasMedicas/backend-api-citas/vendor/laravel/framework/src/Illuminate/Database/Connection.php(442): Illuminate\\Database\\Connection->getReadPdo()
#8 /Volumes/ARCHIVOS/tutos-Angular-Laravel-Codeigniter-Ionic-Flexbox-CSS/udemy/angular/citasMedicas/backend-api-citas/vendor/laravel/framework/src/Illuminate/Database/Connection.php(368): Illuminate\\Database\\Connection->getPdoForSelect(true)
#9 /Volumes/ARCHIVOS/tutos-Angular-Laravel-Codeigniter-Ionic-Flexbox-CSS/udemy/angular/citasMedicas/backend-api-citas/vendor/laravel/framework/src/Illuminate/Database/Connection.php(705): Illuminate\\Database\\Connection->Illuminate\\Database\\{closure}('select * from `...', Array)
#10 /Volumes/ARCHIVOS/tutos-Angular-Laravel-Codeigniter-Ionic-Flexbox-CSS/udemy/angular/citasMedicas/backend-api-citas/vendor/laravel/framework/src/Illuminate/Database/Connection.php(672): Illuminate\\Database\\Connection->runQueryCallback('select * from `...', Array, Object(Closure))
#11 /Volumes/ARCHIVOS/tutos-Angular-Laravel-Codeigniter-Ionic-Flexbox-CSS/udemy/angular/citasMedicas/backend-api-citas/vendor/laravel/framework/src/Illuminate/Database/Connection.php(359): Illuminate\\Database\\Connection->run('select * from `...', Array, Object(Closure))
#12 /Volumes/ARCHIVOS/tutos-Angular-Laravel-Codeigniter-Ionic-Flexbox-CSS/udemy/angular/citasMedicas/backend-api-citas/vendor/laravel/framework/src/Illuminate/Database/Query/Builder.php(2413): Illuminate\\Database\\Connection->select('select * from `...', Array, true)
#13 /Volumes/ARCHIVOS/tutos-Angular-Laravel-Codeigniter-Ionic-Flexbox-CSS/udemy/angular/citasMedicas/backend-api-citas/vendor/laravel/framework/src/Illuminate/Database/Query/Builder.php(2402): Illuminate\\Database\\Query\\Builder->runSelect()
#14 /Volumes/ARCHIVOS/tutos-Angular-Laravel-Codeigniter-Ionic-Flexbox-CSS/udemy/angular/citasMedicas/backend-api-citas/vendor/laravel/framework/src/Illuminate/Database/Query/Builder.php(2936): Illuminate\\Database\\Query\\Builder->Illuminate\\Database\\Query\\{closure}()
#15 /Volumes/ARCHIVOS/tutos-Angular-Laravel-Codeigniter-Ionic-Flexbox-CSS/udemy/angular/citasMedicas/backend-api-citas/vendor/laravel/framework/src/Illuminate/Database/Query/Builder.php(2401): Illuminate\\Database\\Query\\Builder->onceWithColumns(Array, Object(Closure))
#16 /Volumes/ARCHIVOS/tutos-Angular-Laravel-Codeigniter-Ionic-Flexbox-CSS/udemy/angular/citasMedicas/backend-api-citas/vendor/laravel/framework/src/Illuminate/Database/Eloquent/Builder.php(625): Illuminate\\Database\\Query\\Builder->get(Array)
#17 /Volumes/ARCHIVOS/tutos-Angular-Laravel-Codeigniter-Ionic-Flexbox-CSS/udemy/angular/citasMedicas/backend-api-citas/vendor/laravel/framework/src/Illuminate/Database/Eloquent/Builder.php(609): Illuminate\\Database\\Eloquent\\Builder->getModels(Array)
#18 /Volumes/ARCHIVOS/tutos-Angular-Laravel-Codeigniter-Ionic-Flexbox-CSS/udemy/angular/citasMedicas/backend-api-citas/app/Console/Commands/NotificationAppointments.php(48): Illuminate\\Database\\Eloquent\\Builder->get()
#19 /Volumes/ARCHIVOS/tutos-Angular-Laravel-Codeigniter-Ionic-Flexbox-CSS/udemy/angular/citasMedicas/backend-api-citas/vendor/laravel/framework/src/Illuminate/Container/BoundMethod.php(36): App\\Console\\Commands\\NotificationAppointments->handle()
#20 /Volumes/ARCHIVOS/tutos-Angular-Laravel-Codeigniter-Ionic-Flexbox-CSS/udemy/angular/citasMedicas/backend-api-citas/vendor/laravel/framework/src/Illuminate/Container/Util.php(40): Illuminate\\Container\\BoundMethod::Illuminate\\Container\\{closure}()
#21 /Volumes/ARCHIVOS/tutos-Angular-Laravel-Codeigniter-Ionic-Flexbox-CSS/udemy/angular/citasMedicas/backend-api-citas/vendor/laravel/framework/src/Illuminate/Container/BoundMethod.php(93): Illuminate\\Container\\Util::unwrapIfClosure(Object(Closure))
#22 /Volumes/ARCHIVOS/tutos-Angular-Laravel-Codeigniter-Ionic-Flexbox-CSS/udemy/angular/citasMedicas/backend-api-citas/vendor/laravel/framework/src/Illuminate/Container/BoundMethod.php(35): Illuminate\\Container\\BoundMethod::callBoundMethod(Object(Illuminate\\Foundation\\Application), Array, Object(Closure))
#23 /Volumes/ARCHIVOS/tutos-Angular-Laravel-Codeigniter-Ionic-Flexbox-CSS/udemy/angular/citasMedicas/backend-api-citas/vendor/laravel/framework/src/Illuminate/Container/Container.php(653): Illuminate\\Container\\BoundMethod::call(Object(Illuminate\\Foundation\\Application), Array, Array, NULL)
#24 /Volumes/ARCHIVOS/tutos-Angular-Laravel-Codeigniter-Ionic-Flexbox-CSS/udemy/angular/citasMedicas/backend-api-citas/vendor/laravel/framework/src/Illuminate/Console/Command.php(136): Illuminate\\Container\\Container->call(Array)
#25 /Volumes/ARCHIVOS/tutos-Angular-Laravel-Codeigniter-Ionic-Flexbox-CSS/udemy/angular/citasMedicas/backend-api-citas/vendor/symfony/console/Command/Command.php(298): Illuminate\\Console\\Command->execute(Object(Symfony\\Component\\Console\\Input\\ArgvInput), Object(Illuminate\\Console\\OutputStyle))
#26 /Volumes/ARCHIVOS/tutos-Angular-Laravel-Codeigniter-Ionic-Flexbox-CSS/udemy/angular/citasMedicas/backend-api-citas/vendor/laravel/framework/src/Illuminate/Console/Command.php(120): Symfony\\Component\\Console\\Command\\Command->run(Object(Symfony\\Component\\Console\\Input\\ArgvInput), Object(Illuminate\\Console\\OutputStyle))
#27 /Volumes/ARCHIVOS/tutos-Angular-Laravel-Codeigniter-Ionic-Flexbox-CSS/udemy/angular/citasMedicas/backend-api-citas/vendor/symfony/console/Application.php(1040): Illuminate\\Console\\Command->run(Object(Symfony\\Component\\Console\\Input\\ArgvInput), Object(Symfony\\Component\\Console\\Output\\ConsoleOutput))
#28 /Volumes/ARCHIVOS/tutos-Angular-Laravel-Codeigniter-Ionic-Flexbox-CSS/udemy/angular/citasMedicas/backend-api-citas/vendor/symfony/console/Application.php(301): Symfony\\Component\\Console\\Application->doRunCommand(Object(App\\Console\\Commands\\NotificationAppointments), Object(Symfony\\Component\\Console\\Input\\ArgvInput), Object(Symfony\\Component\\Console\\Output\\ConsoleOutput))
#29 /Volumes/ARCHIVOS/tutos-Angular-Laravel-Codeigniter-Ionic-Flexbox-CSS/udemy/angular/citasMedicas/backend-api-citas/vendor/symfony/console/Application.php(171): Symfony\\Component\\Console\\Application->doRun(Object(Symfony\\Component\\Console\\Input\\ArgvInput), Object(Symfony\\Component\\Console\\Output\\ConsoleOutput))
#30 /Volumes/ARCHIVOS/tutos-Angular-Laravel-Codeigniter-Ionic-Flexbox-CSS/udemy/angular/citasMedicas/backend-api-citas/vendor/laravel/framework/src/Illuminate/Console/Application.php(94): Symfony\\Component\\Console\\Application->run(Object(Symfony\\Component\\Console\\Input\\ArgvInput), Object(Symfony\\Component\\Console\\Output\\ConsoleOutput))
#31 /Volumes/ARCHIVOS/tutos-Angular-Laravel-Codeigniter-Ionic-Flexbox-CSS/udemy/angular/citasMedicas/backend-api-citas/vendor/laravel/framework/src/Illuminate/Foundation/Console/Kernel.php(129): Illuminate\\Console\\Application->run(Object(Symfony\\Component\\Console\\Input\\ArgvInput), Object(Symfony\\Component\\Console\\Output\\ConsoleOutput))
#32 /Volumes/ARCHIVOS/tutos-Angular-Laravel-Codeigniter-Ionic-Flexbox-CSS/udemy/angular/citasMedicas/backend-api-citas/artisan(35): Illuminate\\Foundation\\Console\\Kernel->handle(Object(Symfony\\Component\\Console\\Input\\ArgvInput), Object(Symfony\\Component\\Console\\Output\\ConsoleOutput))
#33 {main}
"} 
