[2023-12-11 21:12:24] local.ERROR: SQLSTATE[01000]: Warning: 1265 Data truncated for column 'date_appointment' at row 1 (SQL: insert into `appointments` (`doctor_id`, `patient_id`, `date_appointment`, `speciality_id`, `doctor_schedule_join_hour_id`, `user_id`, `amount`, `status_pay`, `updated_at`, `created_at`) values (26, 3, 2023-12-14 04:00:00, 2, 145, 1, 100, 2, 2023-12-11 21:12:24, 2023-12-11 21:12:24)) {"userId":1,"exception":"[object] (Illuminate\\Database\\QueryException(code: 01000): SQLSTATE[01000]: Warning: 1265 Data truncated for column 'date_appointment' at row 1 (SQL: insert into `appointments` (`doctor_id`, `patient_id`, `date_appointment`, `speciality_id`, `doctor_schedule_join_hour_id`, `user_id`, `amount`, `status_pay`, `updated_at`, `created_at`) values (26, 3, 2023-12-14 04:00:00, 2, 145, 1, 100, 2, 2023-12-11 21:12:24, 2023-12-11 21:12:24)) at /Volumes/ARCHIVOS/tutos-Angular-Laravel-Codeigniter-Ionic-Flexbox-CSS/udemy/angular/citasMedicas/backend-api-citas/vendor/laravel/framework/src/Illuminate/Database/Connection.php:712)
[stacktrace]
#0 /Volumes/ARCHIVOS/tutos-Angular-Laravel-Codeigniter-Ionic-Flexbox-CSS/udemy/angular/citasMedicas/backend-api-citas/vendor/laravel/framework/src/Illuminate/Database/Connection.php(672): Illuminate\\Database\\Connection->runQueryCallback('insert into `ap...', Array, Object(Closure))
#1 /Volumes/ARCHIVOS/tutos-Angular-Laravel-Codeigniter-Ionic-Flexbox-CSS/udemy/angular/citasMedicas/backend-api-citas/vendor/laravel/framework/src/Illuminate/Database/Connection.php(490): Illuminate\\Database\\Connection->run('insert into `ap...', Array, Object(Closure))
#2 /Volumes/ARCHIVOS/tutos-Angular-Laravel-Codeigniter-Ionic-Flexbox-CSS/udemy/angular/citasMedicas/backend-api-citas/vendor/laravel/framework/src/Illuminate/Database/Connection.php(454): Illuminate\\Database\\Connection->statement('insert into `ap...', Array)
#3 /Volumes/ARCHIVOS/tutos-Angular-Laravel-Codeigniter-Ionic-Flexbox-CSS/udemy/angular/citasMedicas/backend-api-citas/vendor/laravel/framework/src/Illuminate/Database/Query/Processors/Processor.php(32): Illuminate\\Database\\Connection->insert('insert into `ap...', Array)
#4 /Volumes/ARCHIVOS/tutos-Angular-Laravel-Codeigniter-Ionic-Flexbox-CSS/udemy/angular/citasMedicas/backend-api-citas/vendor/laravel/framework/src/Illuminate/Database/Query/Builder.php(3028): Illuminate\\Database\\Query\\Processors\\Processor->processInsertGetId(Object(Illuminate\\Database\\Query\\Builder), 'insert into `ap...', Array, 'id')
#5 /Volumes/ARCHIVOS/tutos-Angular-Laravel-Codeigniter-Ionic-Flexbox-CSS/udemy/angular/citasMedicas/backend-api-citas/vendor/laravel/framework/src/Illuminate/Database/Eloquent/Builder.php(1657): Illuminate\\Database\\Query\\Builder->insertGetId(Array, 'id')
#6 /Volumes/ARCHIVOS/tutos-Angular-Laravel-Codeigniter-Ionic-Flexbox-CSS/udemy/angular/citasMedicas/backend-api-citas/vendor/laravel/framework/src/Illuminate/Database/Eloquent/Model.php(1188): Illuminate\\Database\\Eloquent\\Builder->__call('insertGetId', Array)
#7 /Volumes/ARCHIVOS/tutos-Angular-Laravel-Codeigniter-Ionic-Flexbox-CSS/udemy/angular/citasMedicas/backend-api-citas/vendor/laravel/framework/src/Illuminate/Database/Eloquent/Model.php(1153): Illuminate\\Database\\Eloquent\\Model->insertAndSetId(Object(Illuminate\\Database\\Eloquent\\Builder), Array)
#8 /Volumes/ARCHIVOS/tutos-Angular-Laravel-Codeigniter-Ionic-Flexbox-CSS/udemy/angular/citasMedicas/backend-api-citas/vendor/laravel/framework/src/Illuminate/Database/Eloquent/Model.php(994): Illuminate\\Database\\Eloquent\\Model->performInsert(Object(Illuminate\\Database\\Eloquent\\Builder))
#9 /Volumes/ARCHIVOS/tutos-Angular-Laravel-Codeigniter-Ionic-Flexbox-CSS/udemy/angular/citasMedicas/backend-api-citas/vendor/laravel/framework/src/Illuminate/Database/Eloquent/Builder.php(896): Illuminate\\Database\\Eloquent\\Model->save()
#10 /Volumes/ARCHIVOS/tutos-Angular-Laravel-Codeigniter-Ionic-Flexbox-CSS/udemy/angular/citasMedicas/backend-api-citas/vendor/laravel/framework/src/Illuminate/Support/helpers.php(263): Illuminate\\Database\\Eloquent\\Builder->Illuminate\\Database\\Eloquent\\{closure}(Object(App\\Models\\Appointment\\Appointment))
#11 /Volumes/ARCHIVOS/tutos-Angular-Laravel-Codeigniter-Ionic-Flexbox-CSS/udemy/angular/citasMedicas/backend-api-citas/vendor/laravel/framework/src/Illuminate/Database/Eloquent/Builder.php(895): tap(Object(App\\Models\\Appointment\\Appointment), Object(Closure))
#12 /Volumes/ARCHIVOS/tutos-Angular-Laravel-Codeigniter-Ionic-Flexbox-CSS/udemy/angular/citasMedicas/backend-api-citas/vendor/laravel/framework/src/Illuminate/Support/Traits/ForwardsCalls.php(23): Illuminate\\Database\\Eloquent\\Builder->create(Array)
#13 /Volumes/ARCHIVOS/tutos-Angular-Laravel-Codeigniter-Ionic-Flexbox-CSS/udemy/angular/citasMedicas/backend-api-citas/vendor/laravel/framework/src/Illuminate/Database/Eloquent/Model.php(2132): Illuminate\\Database\\Eloquent\\Model->forwardCallTo(Object(Illuminate\\Database\\Eloquent\\Builder), 'create', Array)
#14 /Volumes/ARCHIVOS/tutos-Angular-Laravel-Codeigniter-Ionic-Flexbox-CSS/udemy/angular/citasMedicas/backend-api-citas/vendor/laravel/framework/src/Illuminate/Database/Eloquent/Model.php(2144): Illuminate\\Database\\Eloquent\\Model->__call('create', Array)
#15 /Volumes/ARCHIVOS/tutos-Angular-Laravel-Codeigniter-Ionic-Flexbox-CSS/udemy/angular/citasMedicas/backend-api-citas/app/Http/Controllers/Appointment/AppointmentController.php(216): Illuminate\\Database\\Eloquent\\Model::__callStatic('create', Array)
#16 /Volumes/ARCHIVOS/tutos-Angular-Laravel-Codeigniter-Ionic-Flexbox-CSS/udemy/angular/citasMedicas/backend-api-citas/vendor/laravel/framework/src/Illuminate/Routing/Controller.php(54): App\\Http\\Controllers\\Appointment\\AppointmentController->store(Object(Illuminate\\Http\\Request))
#17 /Volumes/ARCHIVOS/tutos-Angular-Laravel-Codeigniter-Ionic-Flexbox-CSS/udemy/angular/citasMedicas/backend-api-citas/vendor/laravel/framework/src/Illuminate/Routing/ControllerDispatcher.php(45): Illuminate\\Routing\\Controller->callAction('store', Array)
#18 /Volumes/ARCHIVOS/tutos-Angular-Laravel-Codeigniter-Ionic-Flexbox-CSS/udemy/angular/citasMedicas/backend-api-citas/vendor/laravel/framework/src/Illuminate/Routing/Route.php(261): Illuminate\\Routing\\ControllerDispatcher->dispatch(Object(Illuminate\\Routing\\Route), Object(App\\Http\\Controllers\\Appointment\\AppointmentController), 'store')
#19 /Volumes/ARCHIVOS/tutos-Angular-Laravel-Codeigniter-Ionic-Flexbox-CSS/udemy/angular/citasMedicas/backend-api-citas/vendor/laravel/framework/src/Illuminate/Routing/Route.php(205): Illuminate\\Routing\\Route->runController()
#20 /Volumes/ARCHIVOS/tutos-Angular-Laravel-Codeigniter-Ionic-Flexbox-CSS/udemy/angular/citasMedicas/backend-api-citas/vendor/laravel/framework/src/Illuminate/Routing/Router.php(721): Illuminate\\Routing\\Route->run()
#21 /Volumes/ARCHIVOS/tutos-Angular-Laravel-Codeigniter-Ionic-Flexbox-CSS/udemy/angular/citasMedicas/backend-api-citas/vendor/laravel/framework/src/Illuminate/Pipeline/Pipeline.php(128): Illuminate\\Routing\\Router->Illuminate\\Routing\\{closure}(Object(Illuminate\\Http\\Request))
#22 /Volumes/ARCHIVOS/tutos-Angular-Laravel-Codeigniter-Ionic-Flexbox-CSS/udemy/angular/citasMedicas/backend-api-citas/vendor/laravel/framework/src/Illuminate/Routing/Middleware/SubstituteBindings.php(50): Illuminate\\Pipeline\\Pipeline->Illuminate\\Pipeline\\{closure}(Object(Illuminate\\Http\\Request))
#23 /Volumes/ARCHIVOS/tutos-Angular-Laravel-Codeigniter-Ionic-Flexbox-CSS/udemy/angular/citasMedicas/backend-api-citas/vendor/laravel/framework/src/Illuminate/Pipeline/Pipeline.php(167): Illuminate\\Routing\\Middleware\\SubstituteBindings->handle(Object(Illuminate\\Http\\Request), Object(Closure))
#24 /Volumes/ARCHIVOS/tutos-Angular-Laravel-Codeigniter-Ionic-Flexbox-CSS/udemy/angular/citasMedicas/backend-api-citas/vendor/laravel/framework/src/Illuminate/Routing/Middleware/ThrottleRequests.php(127): Illuminate\\Pipeline\\Pipeline->Illuminate\\Pipeline\\{closure}(Object(Illuminate\\Http\\Request))
#25 /Volumes/ARCHIVOS/tutos-Angular-Laravel-Codeigniter-Ionic-Flexbox-CSS/udemy/angular/citasMedicas/backend-api-citas/vendor/laravel/framework/src/Illuminate/Routing/Middleware/ThrottleRequests.php(93): Illuminate\\Routing\\Middleware\\ThrottleRequests->handleRequest(Object(Illuminate\\Http\\Request), Object(Closure), Array)
#26 /Volumes/ARCHIVOS/tutos-Angular-Laravel-Codeigniter-Ionic-Flexbox-CSS/udemy/angular/citasMedicas/backend-api-citas/vendor/laravel/framework/src/Illuminate/Routing/Middleware/ThrottleRequests.php(55): Illuminate\\Routing\\Middleware\\ThrottleRequests->handleRequestUsingNamedLimiter(Object(Illuminate\\Http\\Request), Object(Closure), 'api', Object(Closure))
#27 /Volumes/ARCHIVOS/tutos-Angular-Laravel-Codeigniter-Ionic-Flexbox-CSS/udemy/angular/citasMedicas/backend-api-citas/vendor/laravel/framework/src/Illuminate/Pipeline/Pipeline.php(167): Illuminate\\Routing\\Middleware\\ThrottleRequests->handle(Object(Illuminate\\Http\\Request), Object(Closure), 'api')
#28 /Volumes/ARCHIVOS/tutos-Angular-Laravel-Codeigniter-Ionic-Flexbox-CSS/udemy/angular/citasMedicas/backend-api-citas/vendor/laravel/framework/src/Illuminate/Pipeline/Pipeline.php(103): Illuminate\\Pipeline\\Pipeline->Illuminate\\Pipeline\\{closure}(Object(Illuminate\\Http\\Request))
#29 /Volumes/ARCHIVOS/tutos-Angular-Laravel-Codeigniter-Ionic-Flexbox-CSS/udemy/angular/citasMedicas/backend-api-citas/vendor/laravel/framework/src/Illuminate/Routing/Router.php(719): Illuminate\\Pipeline\\Pipeline->then(Object(Closure))
#30 /Volumes/ARCHIVOS/tutos-Angular-Laravel-Codeigniter-Ionic-Flexbox-CSS/udemy/angular/citasMedicas/backend-api-citas/vendor/laravel/framework/src/Illuminate/Routing/Router.php(698): Illuminate\\Routing\\Router->runRouteWithinStack(Object(Illuminate\\Routing\\Route), Object(Illuminate\\Http\\Request))
#31 /Volumes/ARCHIVOS/tutos-Angular-Laravel-Codeigniter-Ionic-Flexbox-CSS/udemy/angular/citasMedicas/backend-api-citas/vendor/laravel/framework/src/Illuminate/Routing/Router.php(662): Illuminate\\Routing\\Router->runRoute(Object(Illuminate\\Http\\Request), Object(Illuminate\\Routing\\Route))
#32 /Volumes/ARCHIVOS/tutos-Angular-Laravel-Codeigniter-Ionic-Flexbox-CSS/udemy/angular/citasMedicas/backend-api-citas/vendor/laravel/framework/src/Illuminate/Routing/Router.php(651): Illuminate\\Routing\\Router->dispatchToRoute(Object(Illuminate\\Http\\Request))
#33 /Volumes/ARCHIVOS/tutos-Angular-Laravel-Codeigniter-Ionic-Flexbox-CSS/udemy/angular/citasMedicas/backend-api-citas/vendor/laravel/framework/src/Illuminate/Foundation/Http/Kernel.php(167): Illuminate\\Routing\\Router->dispatch(Object(Illuminate\\Http\\Request))
#34 /Volumes/ARCHIVOS/tutos-Angular-Laravel-Codeigniter-Ionic-Flexbox-CSS/udemy/angular/citasMedicas/backend-api-citas/vendor/laravel/framework/src/Illuminate/Pipeline/Pipeline.php(128): Illuminate\\Foundation\\Http\\Kernel->Illuminate\\Foundation\\Http\\{closure}(Object(Illuminate\\Http\\Request))
#35 /Volumes/ARCHIVOS/tutos-Angular-Laravel-Codeigniter-Ionic-Flexbox-CSS/udemy/angular/citasMedicas/backend-api-citas/vendor/laravel/framework/src/Illuminate/Foundation/Http/Middleware/TransformsRequest.php(21): Illuminate\\Pipeline\\Pipeline->Illuminate\\Pipeline\\{closure}(Object(Illuminate\\Http\\Request))
#36 /Volumes/ARCHIVOS/tutos-Angular-Laravel-Codeigniter-Ionic-Flexbox-CSS/udemy/angular/citasMedicas/backend-api-citas/vendor/laravel/framework/src/Illuminate/Foundation/Http/Middleware/ConvertEmptyStringsToNull.php(31): Illuminate\\Foundation\\Http\\Middleware\\TransformsRequest->handle(Object(Illuminate\\Http\\Request), Object(Closure))
#37 /Volumes/ARCHIVOS/tutos-Angular-Laravel-Codeigniter-Ionic-Flexbox-CSS/udemy/angular/citasMedicas/backend-api-citas/vendor/laravel/framework/src/Illuminate/Pipeline/Pipeline.php(167): Illuminate\\Foundation\\Http\\Middleware\\ConvertEmptyStringsToNull->handle(Object(Illuminate\\Http\\Request), Object(Closure))
#38 /Volumes/ARCHIVOS/tutos-Angular-Laravel-Codeigniter-Ionic-Flexbox-CSS/udemy/angular/citasMedicas/backend-api-citas/vendor/laravel/framework/src/Illuminate/Foundation/Http/Middleware/TransformsRequest.php(21): Illuminate\\Pipeline\\Pipeline->Illuminate\\Pipeline\\{closure}(Object(Illuminate\\Http\\Request))
#39 /Volumes/ARCHIVOS/tutos-Angular-Laravel-Codeigniter-Ionic-Flexbox-CSS/udemy/angular/citasMedicas/backend-api-citas/vendor/laravel/framework/src/Illuminate/Foundation/Http/Middleware/TrimStrings.php(40): Illuminate\\Foundation\\Http\\Middleware\\TransformsRequest->handle(Object(Illuminate\\Http\\Request), Object(Closure))
#40 /Volumes/ARCHIVOS/tutos-Angular-Laravel-Codeigniter-Ionic-Flexbox-CSS/udemy/angular/citasMedicas/backend-api-citas/vendor/laravel/framework/src/Illuminate/Pipeline/Pipeline.php(167): Illuminate\\Foundation\\Http\\Middleware\\TrimStrings->handle(Object(Illuminate\\Http\\Request), Object(Closure))
#41 /Volumes/ARCHIVOS/tutos-Angular-Laravel-Codeigniter-Ionic-Flexbox-CSS/udemy/angular/citasMedicas/backend-api-citas/vendor/laravel/framework/src/Illuminate/Foundation/Http/Middleware/ValidatePostSize.php(27): Illuminate\\Pipeline\\Pipeline->Illuminate\\Pipeline\\{closure}(Object(Illuminate\\Http\\Request))
#42 /Volumes/ARCHIVOS/tutos-Angular-Laravel-Codeigniter-Ionic-Flexbox-CSS/udemy/angular/citasMedicas/backend-api-citas/vendor/laravel/framework/src/Illuminate/Pipeline/Pipeline.php(167): Illuminate\\Foundation\\Http\\Middleware\\ValidatePostSize->handle(Object(Illuminate\\Http\\Request), Object(Closure))
#43 /Volumes/ARCHIVOS/tutos-Angular-Laravel-Codeigniter-Ionic-Flexbox-CSS/udemy/angular/citasMedicas/backend-api-citas/vendor/laravel/framework/src/Illuminate/Foundation/Http/Middleware/PreventRequestsDuringMaintenance.php(86): Illuminate\\Pipeline\\Pipeline->Illuminate\\Pipeline\\{closure}(Object(Illuminate\\Http\\Request))
#44 /Volumes/ARCHIVOS/tutos-Angular-Laravel-Codeigniter-Ionic-Flexbox-CSS/udemy/angular/citasMedicas/backend-api-citas/vendor/laravel/framework/src/Illuminate/Pipeline/Pipeline.php(167): Illuminate\\Foundation\\Http\\Middleware\\PreventRequestsDuringMaintenance->handle(Object(Illuminate\\Http\\Request), Object(Closure))
#45 /Volumes/ARCHIVOS/tutos-Angular-Laravel-Codeigniter-Ionic-Flexbox-CSS/udemy/angular/citasMedicas/backend-api-citas/vendor/fruitcake/laravel-cors/src/HandleCors.php(52): Illuminate\\Pipeline\\Pipeline->Illuminate\\Pipeline\\{closure}(Object(Illuminate\\Http\\Request))
#46 /Volumes/ARCHIVOS/tutos-Angular-Laravel-Codeigniter-Ionic-Flexbox-CSS/udemy/angular/citasMedicas/backend-api-citas/vendor/laravel/framework/src/Illuminate/Pipeline/Pipeline.php(167): Fruitcake\\Cors\\HandleCors->handle(Object(Illuminate\\Http\\Request), Object(Closure))
#47 /Volumes/ARCHIVOS/tutos-Angular-Laravel-Codeigniter-Ionic-Flexbox-CSS/udemy/angular/citasMedicas/backend-api-citas/vendor/laravel/framework/src/Illuminate/Http/Middleware/TrustProxies.php(39): Illuminate\\Pipeline\\Pipeline->Illuminate\\Pipeline\\{closure}(Object(Illuminate\\Http\\Request))
#48 /Volumes/ARCHIVOS/tutos-Angular-Laravel-Codeigniter-Ionic-Flexbox-CSS/udemy/angular/citasMedicas/backend-api-citas/vendor/laravel/framework/src/Illuminate/Pipeline/Pipeline.php(167): Illuminate\\Http\\Middleware\\TrustProxies->handle(Object(Illuminate\\Http\\Request), Object(Closure))
#49 /Volumes/ARCHIVOS/tutos-Angular-Laravel-Codeigniter-Ionic-Flexbox-CSS/udemy/angular/citasMedicas/backend-api-citas/vendor/laravel/framework/src/Illuminate/Pipeline/Pipeline.php(103): Illuminate\\Pipeline\\Pipeline->Illuminate\\Pipeline\\{closure}(Object(Illuminate\\Http\\Request))
#50 /Volumes/ARCHIVOS/tutos-Angular-Laravel-Codeigniter-Ionic-Flexbox-CSS/udemy/angular/citasMedicas/backend-api-citas/vendor/laravel/framework/src/Illuminate/Foundation/Http/Kernel.php(142): Illuminate\\Pipeline\\Pipeline->then(Object(Closure))
#51 /Volumes/ARCHIVOS/tutos-Angular-Laravel-Codeigniter-Ionic-Flexbox-CSS/udemy/angular/citasMedicas/backend-api-citas/vendor/laravel/framework/src/Illuminate/Foundation/Http/Kernel.php(111): Illuminate\\Foundation\\Http\\Kernel->sendRequestThroughRouter(Object(Illuminate\\Http\\Request))
#52 /Volumes/ARCHIVOS/tutos-Angular-Laravel-Codeigniter-Ionic-Flexbox-CSS/udemy/angular/citasMedicas/backend-api-citas/public/index.php(51): Illuminate\\Foundation\\Http\\Kernel->handle(Object(Illuminate\\Http\\Request))
#53 /Volumes/ARCHIVOS/tutos-Angular-Laravel-Codeigniter-Ionic-Flexbox-CSS/udemy/angular/citasMedicas/backend-api-citas/server.php(21): require_once('/Volumes/ARCHIV...')
#54 {main}

[previous exception] [object] (PDOException(code: 01000): SQLSTATE[01000]: Warning: 1265 Data truncated for column 'date_appointment' at row 1 at /Volumes/ARCHIVOS/tutos-Angular-Laravel-Codeigniter-Ionic-Flexbox-CSS/udemy/angular/citasMedicas/backend-api-citas/vendor/laravel/framework/src/Illuminate/Database/Connection.php:501)
[stacktrace]
#0 /Volumes/ARCHIVOS/tutos-Angular-Laravel-Codeigniter-Ionic-Flexbox-CSS/udemy/angular/citasMedicas/backend-api-citas/vendor/laravel/framework/src/Illuminate/Database/Connection.php(501): PDOStatement->execute()
#1 /Volumes/ARCHIVOS/tutos-Angular-Laravel-Codeigniter-Ionic-Flexbox-CSS/udemy/angular/citasMedicas/backend-api-citas/vendor/laravel/framework/src/Illuminate/Database/Connection.php(705): Illuminate\\Database\\Connection->Illuminate\\Database\\{closure}('insert into `ap...', Array)
#2 /Volumes/ARCHIVOS/tutos-Angular-Laravel-Codeigniter-Ionic-Flexbox-CSS/udemy/angular/citasMedicas/backend-api-citas/vendor/laravel/framework/src/Illuminate/Database/Connection.php(672): Illuminate\\Database\\Connection->runQueryCallback('insert into `ap...', Array, Object(Closure))
#3 /Volumes/ARCHIVOS/tutos-Angular-Laravel-Codeigniter-Ionic-Flexbox-CSS/udemy/angular/citasMedicas/backend-api-citas/vendor/laravel/framework/src/Illuminate/Database/Connection.php(490): Illuminate\\Database\\Connection->run('insert into `ap...', Array, Object(Closure))
#4 /Volumes/ARCHIVOS/tutos-Angular-Laravel-Codeigniter-Ionic-Flexbox-CSS/udemy/angular/citasMedicas/backend-api-citas/vendor/laravel/framework/src/Illuminate/Database/Connection.php(454): Illuminate\\Database\\Connection->statement('insert into `ap...', Array)
#5 /Volumes/ARCHIVOS/tutos-Angular-Laravel-Codeigniter-Ionic-Flexbox-CSS/udemy/angular/citasMedicas/backend-api-citas/vendor/laravel/framework/src/Illuminate/Database/Query/Processors/Processor.php(32): Illuminate\\Database\\Connection->insert('insert into `ap...', Array)
#6 /Volumes/ARCHIVOS/tutos-Angular-Laravel-Codeigniter-Ionic-Flexbox-CSS/udemy/angular/citasMedicas/backend-api-citas/vendor/laravel/framework/src/Illuminate/Database/Query/Builder.php(3028): Illuminate\\Database\\Query\\Processors\\Processor->processInsertGetId(Object(Illuminate\\Database\\Query\\Builder), 'insert into `ap...', Array, 'id')
#7 /Volumes/ARCHIVOS/tutos-Angular-Laravel-Codeigniter-Ionic-Flexbox-CSS/udemy/angular/citasMedicas/backend-api-citas/vendor/laravel/framework/src/Illuminate/Database/Eloquent/Builder.php(1657): Illuminate\\Database\\Query\\Builder->insertGetId(Array, 'id')
#8 /Volumes/ARCHIVOS/tutos-Angular-Laravel-Codeigniter-Ionic-Flexbox-CSS/udemy/angular/citasMedicas/backend-api-citas/vendor/laravel/framework/src/Illuminate/Database/Eloquent/Model.php(1188): Illuminate\\Database\\Eloquent\\Builder->__call('insertGetId', Array)
#9 /Volumes/ARCHIVOS/tutos-Angular-Laravel-Codeigniter-Ionic-Flexbox-CSS/udemy/angular/citasMedicas/backend-api-citas/vendor/laravel/framework/src/Illuminate/Database/Eloquent/Model.php(1153): Illuminate\\Database\\Eloquent\\Model->insertAndSetId(Object(Illuminate\\Database\\Eloquent\\Builder), Array)
#10 /Volumes/ARCHIVOS/tutos-Angular-Laravel-Codeigniter-Ionic-Flexbox-CSS/udemy/angular/citasMedicas/backend-api-citas/vendor/laravel/framework/src/Illuminate/Database/Eloquent/Model.php(994): Illuminate\\Database\\Eloquent\\Model->performInsert(Object(Illuminate\\Database\\Eloquent\\Builder))
#11 /Volumes/ARCHIVOS/tutos-Angular-Laravel-Codeigniter-Ionic-Flexbox-CSS/udemy/angular/citasMedicas/backend-api-citas/vendor/laravel/framework/src/Illuminate/Database/Eloquent/Builder.php(896): Illuminate\\Database\\Eloquent\\Model->save()
#12 /Volumes/ARCHIVOS/tutos-Angular-Laravel-Codeigniter-Ionic-Flexbox-CSS/udemy/angular/citasMedicas/backend-api-citas/vendor/laravel/framework/src/Illuminate/Support/helpers.php(263): Illuminate\\Database\\Eloquent\\Builder->Illuminate\\Database\\Eloquent\\{closure}(Object(App\\Models\\Appointment\\Appointment))
#13 /Volumes/ARCHIVOS/tutos-Angular-Laravel-Codeigniter-Ionic-Flexbox-CSS/udemy/angular/citasMedicas/backend-api-citas/vendor/laravel/framework/src/Illuminate/Database/Eloquent/Builder.php(895): tap(Object(App\\Models\\Appointment\\Appointment), Object(Closure))
#14 /Volumes/ARCHIVOS/tutos-Angular-Laravel-Codeigniter-Ionic-Flexbox-CSS/udemy/angular/citasMedicas/backend-api-citas/vendor/laravel/framework/src/Illuminate/Support/Traits/ForwardsCalls.php(23): Illuminate\\Database\\Eloquent\\Builder->create(Array)
#15 /Volumes/ARCHIVOS/tutos-Angular-Laravel-Codeigniter-Ionic-Flexbox-CSS/udemy/angular/citasMedicas/backend-api-citas/vendor/laravel/framework/src/Illuminate/Database/Eloquent/Model.php(2132): Illuminate\\Database\\Eloquent\\Model->forwardCallTo(Object(Illuminate\\Database\\Eloquent\\Builder), 'create', Array)
#16 /Volumes/ARCHIVOS/tutos-Angular-Laravel-Codeigniter-Ionic-Flexbox-CSS/udemy/angular/citasMedicas/backend-api-citas/vendor/laravel/framework/src/Illuminate/Database/Eloquent/Model.php(2144): Illuminate\\Database\\Eloquent\\Model->__call('create', Array)
#17 /Volumes/ARCHIVOS/tutos-Angular-Laravel-Codeigniter-Ionic-Flexbox-CSS/udemy/angular/citasMedicas/backend-api-citas/app/Http/Controllers/Appointment/AppointmentController.php(216): Illuminate\\Database\\Eloquent\\Model::__callStatic('create', Array)
#18 /Volumes/ARCHIVOS/tutos-Angular-Laravel-Codeigniter-Ionic-Flexbox-CSS/udemy/angular/citasMedicas/backend-api-citas/vendor/laravel/framework/src/Illuminate/Routing/Controller.php(54): App\\Http\\Controllers\\Appointment\\AppointmentController->store(Object(Illuminate\\Http\\Request))
#19 /Volumes/ARCHIVOS/tutos-Angular-Laravel-Codeigniter-Ionic-Flexbox-CSS/udemy/angular/citasMedicas/backend-api-citas/vendor/laravel/framework/src/Illuminate/Routing/ControllerDispatcher.php(45): Illuminate\\Routing\\Controller->callAction('store', Array)
#20 /Volumes/ARCHIVOS/tutos-Angular-Laravel-Codeigniter-Ionic-Flexbox-CSS/udemy/angular/citasMedicas/backend-api-citas/vendor/laravel/framework/src/Illuminate/Routing/Route.php(261): Illuminate\\Routing\\ControllerDispatcher->dispatch(Object(Illuminate\\Routing\\Route), Object(App\\Http\\Controllers\\Appointment\\AppointmentController), 'store')
#21 /Volumes/ARCHIVOS/tutos-Angular-Laravel-Codeigniter-Ionic-Flexbox-CSS/udemy/angular/citasMedicas/backend-api-citas/vendor/laravel/framework/src/Illuminate/Routing/Route.php(205): Illuminate\\Routing\\Route->runController()
#22 /Volumes/ARCHIVOS/tutos-Angular-Laravel-Codeigniter-Ionic-Flexbox-CSS/udemy/angular/citasMedicas/backend-api-citas/vendor/laravel/framework/src/Illuminate/Routing/Router.php(721): Illuminate\\Routing\\Route->run()
#23 /Volumes/ARCHIVOS/tutos-Angular-Laravel-Codeigniter-Ionic-Flexbox-CSS/udemy/angular/citasMedicas/backend-api-citas/vendor/laravel/framework/src/Illuminate/Pipeline/Pipeline.php(128): Illuminate\\Routing\\Router->Illuminate\\Routing\\{closure}(Object(Illuminate\\Http\\Request))
#24 /Volumes/ARCHIVOS/tutos-Angular-Laravel-Codeigniter-Ionic-Flexbox-CSS/udemy/angular/citasMedicas/backend-api-citas/vendor/laravel/framework/src/Illuminate/Routing/Middleware/SubstituteBindings.php(50): Illuminate\\Pipeline\\Pipeline->Illuminate\\Pipeline\\{closure}(Object(Illuminate\\Http\\Request))
#25 /Volumes/ARCHIVOS/tutos-Angular-Laravel-Codeigniter-Ionic-Flexbox-CSS/udemy/angular/citasMedicas/backend-api-citas/vendor/laravel/framework/src/Illuminate/Pipeline/Pipeline.php(167): Illuminate\\Routing\\Middleware\\SubstituteBindings->handle(Object(Illuminate\\Http\\Request), Object(Closure))
#26 /Volumes/ARCHIVOS/tutos-Angular-Laravel-Codeigniter-Ionic-Flexbox-CSS/udemy/angular/citasMedicas/backend-api-citas/vendor/laravel/framework/src/Illuminate/Routing/Middleware/ThrottleRequests.php(127): Illuminate\\Pipeline\\Pipeline->Illuminate\\Pipeline\\{closure}(Object(Illuminate\\Http\\Request))
#27 /Volumes/ARCHIVOS/tutos-Angular-Laravel-Codeigniter-Ionic-Flexbox-CSS/udemy/angular/citasMedicas/backend-api-citas/vendor/laravel/framework/src/Illuminate/Routing/Middleware/ThrottleRequests.php(93): Illuminate\\Routing\\Middleware\\ThrottleRequests->handleRequest(Object(Illuminate\\Http\\Request), Object(Closure), Array)
#28 /Volumes/ARCHIVOS/tutos-Angular-Laravel-Codeigniter-Ionic-Flexbox-CSS/udemy/angular/citasMedicas/backend-api-citas/vendor/laravel/framework/src/Illuminate/Routing/Middleware/ThrottleRequests.php(55): Illuminate\\Routing\\Middleware\\ThrottleRequests->handleRequestUsingNamedLimiter(Object(Illuminate\\Http\\Request), Object(Closure), 'api', Object(Closure))
#29 /Volumes/ARCHIVOS/tutos-Angular-Laravel-Codeigniter-Ionic-Flexbox-CSS/udemy/angular/citasMedicas/backend-api-citas/vendor/laravel/framework/src/Illuminate/Pipeline/Pipeline.php(167): Illuminate\\Routing\\Middleware\\ThrottleRequests->handle(Object(Illuminate\\Http\\Request), Object(Closure), 'api')
#30 /Volumes/ARCHIVOS/tutos-Angular-Laravel-Codeigniter-Ionic-Flexbox-CSS/udemy/angular/citasMedicas/backend-api-citas/vendor/laravel/framework/src/Illuminate/Pipeline/Pipeline.php(103): Illuminate\\Pipeline\\Pipeline->Illuminate\\Pipeline\\{closure}(Object(Illuminate\\Http\\Request))
#31 /Volumes/ARCHIVOS/tutos-Angular-Laravel-Codeigniter-Ionic-Flexbox-CSS/udemy/angular/citasMedicas/backend-api-citas/vendor/laravel/framework/src/Illuminate/Routing/Router.php(719): Illuminate\\Pipeline\\Pipeline->then(Object(Closure))
#32 /Volumes/ARCHIVOS/tutos-Angular-Laravel-Codeigniter-Ionic-Flexbox-CSS/udemy/angular/citasMedicas/backend-api-citas/vendor/laravel/framework/src/Illuminate/Routing/Router.php(698): Illuminate\\Routing\\Router->runRouteWithinStack(Object(Illuminate\\Routing\\Route), Object(Illuminate\\Http\\Request))
#33 /Volumes/ARCHIVOS/tutos-Angular-Laravel-Codeigniter-Ionic-Flexbox-CSS/udemy/angular/citasMedicas/backend-api-citas/vendor/laravel/framework/src/Illuminate/Routing/Router.php(662): Illuminate\\Routing\\Router->runRoute(Object(Illuminate\\Http\\Request), Object(Illuminate\\Routing\\Route))
#34 /Volumes/ARCHIVOS/tutos-Angular-Laravel-Codeigniter-Ionic-Flexbox-CSS/udemy/angular/citasMedicas/backend-api-citas/vendor/laravel/framework/src/Illuminate/Routing/Router.php(651): Illuminate\\Routing\\Router->dispatchToRoute(Object(Illuminate\\Http\\Request))
#35 /Volumes/ARCHIVOS/tutos-Angular-Laravel-Codeigniter-Ionic-Flexbox-CSS/udemy/angular/citasMedicas/backend-api-citas/vendor/laravel/framework/src/Illuminate/Foundation/Http/Kernel.php(167): Illuminate\\Routing\\Router->dispatch(Object(Illuminate\\Http\\Request))
#36 /Volumes/ARCHIVOS/tutos-Angular-Laravel-Codeigniter-Ionic-Flexbox-CSS/udemy/angular/citasMedicas/backend-api-citas/vendor/laravel/framework/src/Illuminate/Pipeline/Pipeline.php(128): Illuminate\\Foundation\\Http\\Kernel->Illuminate\\Foundation\\Http\\{closure}(Object(Illuminate\\Http\\Request))
#37 /Volumes/ARCHIVOS/tutos-Angular-Laravel-Codeigniter-Ionic-Flexbox-CSS/udemy/angular/citasMedicas/backend-api-citas/vendor/laravel/framework/src/Illuminate/Foundation/Http/Middleware/TransformsRequest.php(21): Illuminate\\Pipeline\\Pipeline->Illuminate\\Pipeline\\{closure}(Object(Illuminate\\Http\\Request))
#38 /Volumes/ARCHIVOS/tutos-Angular-Laravel-Codeigniter-Ionic-Flexbox-CSS/udemy/angular/citasMedicas/backend-api-citas/vendor/laravel/framework/src/Illuminate/Foundation/Http/Middleware/ConvertEmptyStringsToNull.php(31): Illuminate\\Foundation\\Http\\Middleware\\TransformsRequest->handle(Object(Illuminate\\Http\\Request), Object(Closure))
#39 /Volumes/ARCHIVOS/tutos-Angular-Laravel-Codeigniter-Ionic-Flexbox-CSS/udemy/angular/citasMedicas/backend-api-citas/vendor/laravel/framework/src/Illuminate/Pipeline/Pipeline.php(167): Illuminate\\Foundation\\Http\\Middleware\\ConvertEmptyStringsToNull->handle(Object(Illuminate\\Http\\Request), Object(Closure))
#40 /Volumes/ARCHIVOS/tutos-Angular-Laravel-Codeigniter-Ionic-Flexbox-CSS/udemy/angular/citasMedicas/backend-api-citas/vendor/laravel/framework/src/Illuminate/Foundation/Http/Middleware/TransformsRequest.php(21): Illuminate\\Pipeline\\Pipeline->Illuminate\\Pipeline\\{closure}(Object(Illuminate\\Http\\Request))
#41 /Volumes/ARCHIVOS/tutos-Angular-Laravel-Codeigniter-Ionic-Flexbox-CSS/udemy/angular/citasMedicas/backend-api-citas/vendor/laravel/framework/src/Illuminate/Foundation/Http/Middleware/TrimStrings.php(40): Illuminate\\Foundation\\Http\\Middleware\\TransformsRequest->handle(Object(Illuminate\\Http\\Request), Object(Closure))
#42 /Volumes/ARCHIVOS/tutos-Angular-Laravel-Codeigniter-Ionic-Flexbox-CSS/udemy/angular/citasMedicas/backend-api-citas/vendor/laravel/framework/src/Illuminate/Pipeline/Pipeline.php(167): Illuminate\\Foundation\\Http\\Middleware\\TrimStrings->handle(Object(Illuminate\\Http\\Request), Object(Closure))
#43 /Volumes/ARCHIVOS/tutos-Angular-Laravel-Codeigniter-Ionic-Flexbox-CSS/udemy/angular/citasMedicas/backend-api-citas/vendor/laravel/framework/src/Illuminate/Foundation/Http/Middleware/ValidatePostSize.php(27): Illuminate\\Pipeline\\Pipeline->Illuminate\\Pipeline\\{closure}(Object(Illuminate\\Http\\Request))
#44 /Volumes/ARCHIVOS/tutos-Angular-Laravel-Codeigniter-Ionic-Flexbox-CSS/udemy/angular/citasMedicas/backend-api-citas/vendor/laravel/framework/src/Illuminate/Pipeline/Pipeline.php(167): Illuminate\\Foundation\\Http\\Middleware\\ValidatePostSize->handle(Object(Illuminate\\Http\\Request), Object(Closure))
#45 /Volumes/ARCHIVOS/tutos-Angular-Laravel-Codeigniter-Ionic-Flexbox-CSS/udemy/angular/citasMedicas/backend-api-citas/vendor/laravel/framework/src/Illuminate/Foundation/Http/Middleware/PreventRequestsDuringMaintenance.php(86): Illuminate\\Pipeline\\Pipeline->Illuminate\\Pipeline\\{closure}(Object(Illuminate\\Http\\Request))
#46 /Volumes/ARCHIVOS/tutos-Angular-Laravel-Codeigniter-Ionic-Flexbox-CSS/udemy/angular/citasMedicas/backend-api-citas/vendor/laravel/framework/src/Illuminate/Pipeline/Pipeline.php(167): Illuminate\\Foundation\\Http\\Middleware\\PreventRequestsDuringMaintenance->handle(Object(Illuminate\\Http\\Request), Object(Closure))
#47 /Volumes/ARCHIVOS/tutos-Angular-Laravel-Codeigniter-Ionic-Flexbox-CSS/udemy/angular/citasMedicas/backend-api-citas/vendor/fruitcake/laravel-cors/src/HandleCors.php(52): Illuminate\\Pipeline\\Pipeline->Illuminate\\Pipeline\\{closure}(Object(Illuminate\\Http\\Request))
#48 /Volumes/ARCHIVOS/tutos-Angular-Laravel-Codeigniter-Ionic-Flexbox-CSS/udemy/angular/citasMedicas/backend-api-citas/vendor/laravel/framework/src/Illuminate/Pipeline/Pipeline.php(167): Fruitcake\\Cors\\HandleCors->handle(Object(Illuminate\\Http\\Request), Object(Closure))
#49 /Volumes/ARCHIVOS/tutos-Angular-Laravel-Codeigniter-Ionic-Flexbox-CSS/udemy/angular/citasMedicas/backend-api-citas/vendor/laravel/framework/src/Illuminate/Http/Middleware/TrustProxies.php(39): Illuminate\\Pipeline\\Pipeline->Illuminate\\Pipeline\\{closure}(Object(Illuminate\\Http\\Request))
#50 /Volumes/ARCHIVOS/tutos-Angular-Laravel-Codeigniter-Ionic-Flexbox-CSS/udemy/angular/citasMedicas/backend-api-citas/vendor/laravel/framework/src/Illuminate/Pipeline/Pipeline.php(167): Illuminate\\Http\\Middleware\\TrustProxies->handle(Object(Illuminate\\Http\\Request), Object(Closure))
#51 /Volumes/ARCHIVOS/tutos-Angular-Laravel-Codeigniter-Ionic-Flexbox-CSS/udemy/angular/citasMedicas/backend-api-citas/vendor/laravel/framework/src/Illuminate/Pipeline/Pipeline.php(103): Illuminate\\Pipeline\\Pipeline->Illuminate\\Pipeline\\{closure}(Object(Illuminate\\Http\\Request))
#52 /Volumes/ARCHIVOS/tutos-Angular-Laravel-Codeigniter-Ionic-Flexbox-CSS/udemy/angular/citasMedicas/backend-api-citas/vendor/laravel/framework/src/Illuminate/Foundation/Http/Kernel.php(142): Illuminate\\Pipeline\\Pipeline->then(Object(Closure))
#53 /Volumes/ARCHIVOS/tutos-Angular-Laravel-Codeigniter-Ionic-Flexbox-CSS/udemy/angular/citasMedicas/backend-api-citas/vendor/laravel/framework/src/Illuminate/Foundation/Http/Kernel.php(111): Illuminate\\Foundation\\Http\\Kernel->sendRequestThroughRouter(Object(Illuminate\\Http\\Request))
#54 /Volumes/ARCHIVOS/tutos-Angular-Laravel-Codeigniter-Ionic-Flexbox-CSS/udemy/angular/citasMedicas/backend-api-citas/public/index.php(51): Illuminate\\Foundation\\Http\\Kernel->handle(Object(Illuminate\\Http\\Request))
#55 /Volumes/ARCHIVOS/tutos-Angular-Laravel-Codeigniter-Ionic-Flexbox-CSS/udemy/angular/citasMedicas/backend-api-citas/server.php(21): require_once('/Volumes/ARCHIV...')
#56 {main}
"} 
